<?xml version="1.0" encoding="utf-8"?><testsuites name="pytest tests"><testsuite name="pytest" errors="0" failures="0" skipped="0" tests="422" time="218.177" timestamp="2026-07-18T04:47:58.939524+03:00" hostname="WIN-FOVCL5KBJ2M"><testcase classname="tests.unit.test_agent_control" name="test_one_tool_call_then_grounded_response_is_traced" time="1.319" /><testcase classname="tests.unit.test_agent_control" name="test_multiple_sequential_tools_handle_messy_multi_intent_request" time="1.393" /><testcase classname="tests.unit.test_agent_control" name="test_market_snapshot_and_owned_monitor_status_run_sequentially" time="0.919" /><testcase classname="tests.unit.test_agent_control" name="test_unknown_and_forbidden_model_calls_never_execute[activate_monitor-forbidden_tool]" time="0.834" /><testcase classname="tests.unit.test_agent_control" name="test_unknown_and_forbidden_model_calls_never_execute[invented_market_oracle-unknown_tool]" time="0.845" /><testcase classname="tests.unit.test_agent_control" name="test_malformed_arguments_and_prompt_injection_are_contained" time="0.842" /><testcase classname="tests.unit.test_agent_control" name="test_successful_tool_call_cannot_be_repeated_in_same_turn" time="0.913" /><testcase classname="tests.unit.test_agent_control" name="test_ungrounded_success_market_and_approval_claims_fall_back[response0]" time="0.786" /><testcase classname="tests.unit.test_agent_control" name="test_ungrounded_success_market_and_approval_claims_fall_back[response1]" time="0.748" /><testcase classname="tests.unit.test_agent_control" name="test_ungrounded_success_market_and_approval_claims_fall_back[response2]" time="0.901" /><testcase classname="tests.unit.test_agent_control" name="test_ungrounded_success_market_and_approval_claims_fall_back[response3]" time="0.976" /><testcase classname="tests.unit.test_agent_control" name="test_ungrounded_success_market_and_approval_claims_fall_back[response4]" time="0.868" /><testcase classname="tests.unit.test_agent_control" name="test_openai_unavailability_falls_back_without_claiming_work" time="0.963" /><testcase classname="tests.unit.test_agent_control" name="test_unpriced_model_falls_back_before_openai_call" time="0.841" /><testcase classname="tests.unit.test_agent_control" name="test_openai_timeout_is_recorded_and_falls_back" time="0.823" /><testcase classname="tests.unit.test_agent_control" name="test_step_and_output_token_budgets_stop_safely" time="0.896" /><testcase classname="tests.unit.test_agent_control" name="test_per_tool_timeout_becomes_authoritative_unavailable_result" time="1.918" /><testcase classname="tests.unit.test_agent_control" name="test_unexpected_tool_exception_is_recorded_as_unavailable" time="0.811" /><testcase classname="tests.unit.test_agent_control" name="test_model_suggested_actions_require_authoritative_state" time="0.755" /><testcase classname="tests.unit.test_agent_control" name="test_cost_budget_stops_before_requested_tool_executes" time="0.885" /><testcase classname="tests.unit.test_agent_control" name="test_shadow_mode_records_plan_without_executing_tools" time="0.797" /><testcase classname="tests.unit.test_agent_control_corpus" name="test_agent_control_corpus_covers_required_request_families" time="0.001" /><testcase classname="tests.unit.test_agent_control_corpus" name="test_agent_control_corpus_expected_tools_are_policy_reachable_and_bounded" time="0.001" /><testcase classname="tests.unit.test_agent_policy" name="test_allowed_tools_are_built_from_authoritative_state" time="0.001" /><testcase classname="tests.unit.test_agent_policy" name="test_forbidden_tools_fail_closed[activate_monitor]" time="0.001" /><testcase classname="tests.unit.test_agent_policy" name="test_forbidden_tools_fail_closed[execute_python]" time="0.001" /><testcase classname="tests.unit.test_agent_policy" name="test_forbidden_tools_fail_closed[place_trade]" time="0.001" /><testcase classname="tests.unit.test_agent_policy" name="test_unknown_and_not_offered_tools_are_rejected" time="0.001" /><testcase classname="tests.unit.test_agent_policy" name="test_tool_arguments_reject_extras_and_type_coercion" time="0.001" /><testcase classname="tests.unit.test_agent_policy" name="test_monitor_ownership_is_derived_server_side" time="0.001" /><testcase classname="tests.unit.test_agent_policy" name="test_scan_requires_current_request_entitlement_and_hash" time="0.001" /><testcase classname="tests.unit.test_agent_policy" name="test_approved_chat_never_receives_draft_mutation_tools" time="0.001" /><testcase classname="tests.unit.test_agent_policy" name="test_custom_capability_requires_live_scope_consent_limit_and_exact_fragment" time="0.001" /><testcase classname="tests.unit.test_agent_policy" name="test_multilingual_setup_and_custom_build_consent_are_recognized" time="0.001" /><testcase classname="tests.unit.test_agent_policy" name="test_short_custom_consent_is_bound_to_exact_active_build_question" time="0.001" /><testcase classname="tests.unit.test_agent_tools" name="test_resolution_uses_only_user_authored_fragments_and_registry_keys" time="0.813" /><testcase classname="tests.unit.test_agent_tools" name="test_selection_rejects_invented_numeric_values_and_unknown_capabilities" time="0.875" /><testcase classname="tests.unit.test_agent_tools" name="test_selection_validates_registered_parameters_and_user_intent" time="0.857" /><testcase classname="tests.unit.test_agent_tools" name="test_selection_rejects_model_invented_direction_and_crossing" time="0.790" /><testcase classname="tests.unit.test_agent_tools" name="test_compile_receives_user_text_and_verified_bindings_only" time="0.715" /><testcase classname="tests.unit.test_agent_tools" name="test_market_snapshot_is_evidence_backed_or_explicitly_unavailable" time="0.742" /><testcase classname="tests.unit.test_agent_tools" name="test_custom_capability_tool_does_not_queue_provider_only_data" time="0.753" /><testcase classname="tests.unit.test_agent_tools" name="test_scanner_reuses_same_draft_result_without_second_execution" time="0.914" /><testcase classname="tests.unit.test_agent_tools" name="test_recent_scanner_result_preserves_authoritative_evidence_refs" time="0.781" /><testcase classname="tests.unit.test_agent_tools" name="test_openai_tool_schemas_are_strict_and_redaction_does_not_store_prompt_text" time="0.049" /><testcase classname="tests.unit.test_ai_model_routing" name="test_clear_single_condition_uses_configured_simple_tier" time="0.048" /><testcase classname="tests.unit.test_ai_model_routing" name="test_complex_logic_and_multiple_timeframes_use_configured_complex_tier" time="0.053" /><testcase classname="tests.unit.test_ai_model_routing" name="test_repeated_corrections_and_low_confidence_escalate_without_changing_authority" time="0.055" /><testcase classname="tests.unit.test_ai_model_routing" name="test_exact_selected_capability_is_not_downgraded_by_weak_alternates" time="0.055" /><testcase classname="tests.unit.test_ai_model_routing" name="test_multilingual_turn_uses_complex_tier_without_hard_coding_a_trade_rule" time="0.052" /><testcase classname="tests.unit.test_ai_setup_chat" name="test_vague_prompt_clarifies_then_compiles_and_persists" time="2.224" /><testcase classname="tests.unit.test_ai_setup_chat" name="test_questions_already_answered_in_prompt_are_not_repeated" time="2.121" /><testcase classname="tests.unit.test_ai_setup_chat" name="test_rephrased_question_is_not_asked_again_and_checkpoint_is_not_repeated" time="2.078" /><testcase classname="tests.unit.test_ai_setup_chat" name="test_active_clarification_key_prevents_repeated_question_loop" time="1.731" /><testcase classname="tests.unit.test_ai_setup_chat" name="test_explanation_request_keeps_technical_question_open_without_becoming_a_rule[True]" time="1.900" /><testcase classname="tests.unit.test_ai_setup_chat" name="test_explanation_request_keeps_technical_question_open_without_becoming_a_rule[False]" time="2.759" /><testcase classname="tests.unit.test_ai_setup_chat" name="test_capability_question_is_answered_without_becoming_setup_input" time="1.924" /><testcase classname="tests.unit.test_ai_setup_chat" name="test_question_about_ai_options_preserves_active_question_and_context" time="2.895" /><testcase classname="tests.unit.test_ai_setup_chat" name="test_internal_universe_option_value_never_becomes_a_capability" time="2.210" /><testcase classname="tests.unit.test_ai_setup_chat" name="test_numeric_option_stays_bound_to_the_question_instead_of_becoming_a_mechanic" time="1.756" /><testcase classname="tests.unit.test_ai_setup_chat" name="test_daily_sweep_side_answer_preserves_daily_reference_period" time="2.105" /><testcase classname="tests.unit.test_ai_setup_chat" name="test_misspelled_head_and_shoulders_flow_compiles_without_generic_questions" time="3.172" /><testcase classname="tests.unit.test_ai_setup_chat" name="test_turn_router_receives_deduplicated_conversation_history" time="3.439" /><testcase classname="tests.unit.test_ai_setup_chat" name="test_ordinary_single_word_does_not_become_an_unknown_mechanic[then]" time="2.741" /><testcase classname="tests.unit.test_ai_setup_chat" name="test_ordinary_single_word_does_not_become_an_unknown_mechanic[about]" time="2.700" /><testcase classname="tests.unit.test_ai_setup_chat" name="test_spelled_out_quantity_is_understood_in_technical_question_context" time="2.815" /><testcase classname="tests.unit.test_ai_setup_chat" name="test_scanner_mode_uses_shared_compiler_and_requires_a_trigger" time="1.916" /><testcase classname="tests.unit.test_ai_setup_chat" name="test_monitor_mode_prompts_for_trigger_instead_of_claiming_ready" time="0.967" /><testcase classname="tests.unit.test_ai_setup_chat" name="test_scanner_runs_the_shared_evaluator_without_creating_a_monitor" time="1.647" /><testcase classname="tests.unit.test_ai_setup_chat" name="test_out_of_topic_and_greeting_are_scoped_without_openai" time="0.991" /><testcase classname="tests.unit.test_ai_setup_chat" name="test_market_snapshot_uses_provider_values" time="0.779" /><testcase classname="tests.unit.test_ai_setup_chat" name="test_market_snapshot_does_not_fabricate_when_provider_is_unavailable" time="0.054" /><testcase classname="tests.unit.test_ai_setup_chat" name="test_client_message_id_is_idempotent_and_history_has_no_current_duplicate" time="2.224" /><testcase classname="tests.unit.test_ai_setup_chat" name="test_compiler_preserves_required_filters_and_confirmations" time="3.107" /><testcase classname="tests.unit.test_ai_setup_chat" name="test_apply_suggestion_recompiles_and_invalidates_old_hash" time="2.640" /><testcase classname="tests.unit.test_ai_setup_chat" name="test_monitor_mode_requires_confirmed_name_before_approval" time="1.819" /><testcase classname="tests.unit.test_ai_setup_chat" name="test_monitor_name_validation_and_duplicate_are_friendly" time="3.991" /><testcase classname="tests.unit.test_ai_setup_chat" name="test_ai_cannot_claim_ready_when_deterministic_lint_blocks" time="2.269" /><testcase classname="tests.unit.test_ai_setup_chat" name="test_chat_compiles_pdl_sweep_as_an_executable_primary_trigger" time="2.219" /><testcase classname="tests.unit.test_ai_setup_chat" name="test_weekly_sweep_flow_asks_only_for_side_then_compiles" time="2.775" /><testcase classname="tests.unit.test_ai_setup_chat" name="test_other_option_keeps_question_open_and_typed_answer_is_used" time="3.287" /><testcase classname="tests.unit.test_ai_setup_chat" name="test_off_topic_and_unsafe_requests_are_refused[Give me a cupcake recipe]" time="0.935" /><testcase classname="tests.unit.test_ai_setup_chat" name="test_off_topic_and_unsafe_requests_are_refused[Write a Python web scraper for me]" time="0.888" /><testcase classname="tests.unit.test_ai_setup_chat" name="test_off_topic_and_unsafe_requests_are_refused[What is the capital of Finland?]" time="1.066" /><testcase classname="tests.unit.test_ai_setup_chat" name="test_off_topic_and_unsafe_requests_are_refused[Should I buy SOL now?]" time="0.866" /><testcase classname="tests.unit.test_ai_setup_chat" name="test_off_topic_and_unsafe_requests_are_refused[Which coin will pump next?]" time="1.070" /><testcase classname="tests.unit.test_ai_setup_chat" name="test_off_topic_and_unsafe_requests_are_refused[Give me leverage advice]" time="0.925" /><testcase classname="tests.unit.test_ai_setup_chat" name="test_off_topic_and_unsafe_requests_are_refused[Connect my Binance API key]" time="0.882" /><testcase classname="tests.unit.test_ai_setup_chat" name="test_unconfigured_provider_concepts_are_blocked[Monitor order book imbalance-order_book_imbalance]" time="0.878" /><testcase classname="tests.unit.test_ai_setup_chat" name="test_unconfigured_provider_concepts_are_blocked[Monitor CVD-cumulative_volume_delta]" time="0.941" /><testcase classname="tests.unit.test_ai_setup_chat" name="test_unconfigured_provider_concepts_are_blocked[Use a liquidation heatmap-liquidation_heatmap]" time="1.216" /><testcase classname="tests.unit.test_ai_setup_chat" name="test_unconfigured_provider_concepts_are_blocked[Track whale wallets-whale_wallets]" time="0.859" /><testcase classname="tests.unit.test_ai_setup_chat" name="test_unconfigured_provider_concepts_are_blocked[Use the fear and greed index-fear_and_greed]" time="0.800" /><testcase classname="tests.unit.test_ai_setup_chat" name="test_unconfigured_provider_concepts_are_blocked[Use news sentiment-news_sentiment]" time="1.029" /><testcase classname="tests.unit.test_ai_setup_chat" name="test_beginner_mode_explains_common_jargon" time="1.775" /><testcase classname="tests.unit.test_ai_setup_chat" name="test_missing_openai_key_fails_clearly_for_setup_compilation" time="0.989" /><testcase classname="tests.unit.test_ai_setup_chat" name="test_openai_interviewer_rejects_invalid_json_schema_output" time="0.058" /><testcase classname="tests.unit.test_ai_setup_chat" name="test_openai_turn_classifier_uses_context_and_strict_schema" time="0.062" /><testcase classname="tests.unit.test_ai_setup_chat" name="test_openai_interviewer_uses_configured_complex_route_for_mixed_logic" time="0.069" /><testcase classname="tests.unit.test_ai_setup_chat" name="test_translation_sheet_exposes_beginner_clause_coverage_and_blocks_loss" time="0.004" /><testcase classname="tests.unit.test_ai_setup_chat" name="test_strategy_lint_detects_contradictory_thresholds" time="0.003" /><testcase classname="tests.unit.test_api_route_security" name="test_route_audit_traverses_lazily_included_fastapi_routers" time="0.004" /><testcase classname="tests.unit.test_api_route_security" name="test_every_api_route_is_authenticated_or_explicitly_annotated" time="0.849" /><testcase classname="tests.unit.test_api_route_security" name="test_public_route_annotations_have_a_specific_reason" time="0.001" /><testcase classname="tests.unit.test_billing_entitlements" name="test_plan_catalog_syncs_central_definitions" time="0.706" /><testcase classname="tests.unit.test_billing_entitlements" name="test_trial_lifecycle_uses_pro_trial_and_expires" time="0.830" /><testcase classname="tests.unit.test_billing_entitlements" name="test_trial_cycle_renews_when_no_qualifying_alert_was_delivered" time="0.827" /><testcase classname="tests.unit.test_billing_entitlements" name="test_trial_qualifying_delivery_is_attributed_once" time="0.984" /><testcase classname="tests.unit.test_billing_entitlements" name="test_trial_alert_cap_uses_current_definition_when_plan_json_is_stale" time="0.991" /><testcase classname="tests.unit.test_billing_entitlements" name="test_active_subscription_bypasses_trial_alert_cap" time="0.948" /><testcase classname="tests.unit.test_billing_entitlements" name="test_entitlement_blocks_active_strategy_timeframe_symbol_and_discord_limits" time="1.151" /><testcase classname="tests.unit.test_billing_entitlements" name="test_lifetime_plan_removes_practical_activation_and_delivery_limits" time="0.871" /><testcase classname="tests.unit.test_billing_entitlements" name="test_billing_webhook_is_idempotent_and_downgrade_pauses_excess_strategies" time="0.996" /><testcase classname="tests.unit.test_billing_entitlements" name="test_webhook_signature_verification" time="0.851" /><testcase classname="tests.unit.test_billing_entitlements" name="test_nowpayments_finished_ipn_creates_subscription" time="0.865" /><testcase classname="tests.unit.test_billing_entitlements" name="test_nowpayments_partial_payment_never_grants_access" time="0.915" /><testcase classname="tests.unit.test_billing_entitlements" name="test_nowpayments_settlement_uses_actual_crypto_received[99.99-payment_underpaid]" time="0.934" /><testcase classname="tests.unit.test_billing_entitlements" name="test_nowpayments_settlement_uses_actual_crypto_received[100.01-payment_overpaid]" time="0.985" /><testcase classname="tests.unit.test_billing_entitlements" name="test_billing_provider_capabilities_match_real_provider_semantics" time="0.001" /><testcase classname="tests.unit.test_billing_entitlements" name="test_one_time_access_expires_at_verified_period_end" time="0.941" /><testcase classname="tests.unit.test_billing_entitlements" name="test_verified_payment_must_match_checkout_amount_and_currency[28.99-USD-payment_underpaid]" time="0.882" /><testcase classname="tests.unit.test_billing_entitlements" name="test_verified_payment_must_match_checkout_amount_and_currency[29.01-USD-payment_overpaid]" time="0.761" /><testcase classname="tests.unit.test_billing_entitlements" name="test_verified_payment_must_match_checkout_amount_and_currency[29.00-EUR-payment_currency_mismatch]" time="0.934" /><testcase classname="tests.unit.test_billing_entitlements" name="test_refund_revokes_an_active_subscription" time="0.814" /><testcase classname="tests.unit.test_billing_entitlements" name="test_nowpayments_webhook_sends_single_admin_payment_notification" time="4.025" /><testcase classname="tests.unit.test_billing_entitlements" name="test_past_due_subscription_update_does_not_convert_trial" time="0.777" /><testcase classname="tests.unit.test_billing_entitlements" name="test_usage_tracking_referrals_and_admin_overrides" time="0.772" /><testcase classname="tests.unit.test_capabilities" name="test_capability_registry_exposes_required_part2_breadth" time="0.059" /><testcase classname="tests.unit.test_capabilities" name="test_capability_registry_is_dashboard_builder_ready" time="0.066" /><testcase classname="tests.unit.test_capability_extension_ai" name="test_extension_ai_uses_requested_model_effort_history_and_flex_tier" time="0.069" /><testcase classname="tests.unit.test_capability_extension_ai" name="test_extension_ai_fails_closed_without_api_key" time="0.057" /><testcase classname="tests.unit.test_capability_extensions" name="test_provider_only_mechanic_is_rejected_before_queueing" time="0.890" /><testcase classname="tests.unit.test_capability_extensions" name="test_extension_is_market_tested_certified_and_installed_in_chat" time="0.850" /><testcase classname="tests.unit.test_capability_extensions" name="test_quarantine_blocks_certified_artifact_until_owner_restores_it" time="1.238" /><testcase classname="tests.unit.test_capability_extensions" name="test_discard_pending_repair_rejects_revision_and_keeps_active_version" time="0.792" /><testcase classname="tests.unit.test_capability_extensions" name="test_five_scan_threshold_queues_independent_repair_review" time="0.965" /><testcase classname="tests.unit.test_capability_extensions" name="test_initial_empty_market_test_uses_ranked_escalation_ladder" time="1.069" /><testcase classname="tests.unit.test_capability_extensions" name="test_no_delivery_escalates_to_mini_high_without_rewriting_mechanic" time="0.906" /><testcase classname="tests.unit.test_capability_extensions" name="test_live_implementation_repair_is_recertified_before_user_approval" time="0.943" /><testcase classname="tests.unit.test_capability_extensions" name="test_unregistered_dynamic_artifact_cannot_be_approved" time="0.930" /><testcase classname="tests.unit.test_capability_extensions" name="test_website_mechanic_build_status_stays_in_chat_not_telegram" time="0.891" /><testcase classname="tests.unit.test_capability_extensions" name="test_telegram_origin_mechanic_build_status_uses_telegram" time="0.865" /><testcase classname="tests.unit.test_capability_index" name="test_registry_hash_is_stable_and_changes_with_approved_alias_artifact" time="0.387" /><testcase classname="tests.unit.test_capability_index" name="test_embedding_candidates_are_secondary_and_bound_to_current_hash" time="0.100" /><testcase classname="tests.unit.test_capability_registry" name="test_registry_artifact_is_hash_cached_with_aliases_and_embeddings" time="1.254" /><testcase classname="tests.unit.test_capability_resolver" name="test_every_capability_exposes_resolver_metadata_contract" time="0.046" /><testcase classname="tests.unit.test_capability_resolver" name="test_pdl_aliases_resolve_to_one_immutable_capability" time="0.229" /><testcase classname="tests.unit.test_capability_resolver" name="test_unknown_terms_require_clarification_but_clear_inputs_do_not" time="0.328" /><testcase classname="tests.unit.test_capability_resolver" name="test_clear_trading_phrases_do_not_trigger_noisy_clarification[volume is at least 1.5x its 20 candle average-expected_keys0]" time="0.150" /><testcase classname="tests.unit.test_capability_resolver" name="test_clear_trading_phrases_do_not_trigger_noisy_clarification[Bollinger squeeze with a bullish engulfing candle-expected_keys1]" time="0.283" /><testcase classname="tests.unit.test_capability_resolver" name="test_clear_trading_phrases_do_not_trigger_noisy_clarification[coins up 5% today-expected_keys2]" time="0.081" /><testcase classname="tests.unit.test_capability_resolver" name="test_clear_trading_phrases_do_not_trigger_noisy_clarification[five red daily candles in a row-expected_keys3]" time="0.099" /><testcase classname="tests.unit.test_capability_resolver" name="test_clear_trading_phrases_do_not_trigger_noisy_clarification[only during New York session-expected_keys4]" time="0.129" /><testcase classname="tests.unit.test_capability_resolver" name="test_unknown_words_are_not_hidden_by_a_known_condition" time="0.259" /><testcase classname="tests.unit.test_capability_resolver" name="test_ordinary_conversational_wording_does_not_create_unknown_terms[Tell me about RSI below 30 on 15m]" time="0.113" /><testcase classname="tests.unit.test_capability_resolver" name="test_ordinary_conversational_wording_does_not_create_unknown_terms[RSI below 30, then alert me after two candles]" time="0.168" /><testcase classname="tests.unit.test_capability_resolver" name="test_ordinary_conversational_wording_does_not_create_unknown_terms[I want RSI below 30 on 15m]" time="0.094" /><testcase classname="tests.unit.test_capability_resolver" name="test_wholly_unknown_mechanic_is_asked_as_a_phrase_not_an_english_word" time="0.099" /><testcase classname="tests.unit.test_capability_resolver" name="test_bare_clarification_answers_never_become_capabilities[0]" time="0.083" /><testcase classname="tests.unit.test_capability_resolver" name="test_bare_clarification_answers_never_become_capabilities[0%]" time="0.072" /><testcase classname="tests.unit.test_capability_resolver" name="test_bare_clarification_answers_never_become_capabilities[none]" time="0.085" /><testcase classname="tests.unit.test_capability_resolver" name="test_bare_clarification_answers_never_become_capabilities[no]" time="0.084" /><testcase classname="tests.unit.test_capability_resolver" name="test_bare_clarification_answers_never_become_capabilities[yes]" time="0.072" /><testcase classname="tests.unit.test_capability_resolver" name="test_legacy_bare_answers_do_not_poison_a_supported_setup" time="0.223" /><testcase classname="tests.unit.test_capability_resolver" name="test_server_authored_clarification_answer_is_context_not_a_new_instruction" time="0.003" /><testcase classname="tests.unit.test_capability_resolver" name="test_head_and_shoulders_prompt_resolves_pattern_sequence_without_timing_noise" time="0.392" /><testcase classname="tests.unit.test_capability_resolver" name="test_registry_rejects_unknown_keys_parameters_and_invalid_thresholds" time="0.030" /><testcase classname="tests.unit.test_capability_resolver" name="test_parameterized_percent_change_uses_registry_controlled_direction" time="0.038" /><testcase classname="tests.unit.test_capability_resolver" name="test_ai_operands_are_rebuilt_from_capability_key" time="0.030" /><testcase classname="tests.unit.test_condition_expansion_phase2" name="test_reference_period_sweep_uses_completed_previous_week_levels" time="0.003" /><testcase classname="tests.unit.test_condition_expansion_phase2" name="test_new_indicator_families_have_explicit_warmup_failures[historical_volatility]" time="0.001" /><testcase classname="tests.unit.test_condition_expansion_phase2" name="test_new_indicator_families_have_explicit_warmup_failures[choppiness_index]" time="0.001" /><testcase classname="tests.unit.test_condition_expansion_phase2" name="test_new_indicator_families_have_explicit_warmup_failures[ulcer_index]" time="0.001" /><testcase classname="tests.unit.test_condition_expansion_phase2" name="test_new_indicator_families_have_explicit_warmup_failures[on_balance_volume]" time="0.001" /><testcase classname="tests.unit.test_condition_expansion_phase2" name="test_new_indicator_families_have_explicit_warmup_failures[chaikin_money_flow]" time="0.001" /><testcase classname="tests.unit.test_condition_expansion_phase2" name="test_new_indicator_families_have_explicit_warmup_failures[force_index]" time="0.001" /><testcase classname="tests.unit.test_condition_expansion_phase2" name="test_new_indicator_families_have_explicit_warmup_failures[volume_oscillator]" time="0.002" /><testcase classname="tests.unit.test_condition_expansion_phase2" name="test_new_indicator_families_have_explicit_warmup_failures[volume_profile_proxy]" time="0.002" /><testcase classname="tests.unit.test_condition_expansion_phase2" name="test_new_indicator_families_have_explicit_warmup_failures[pivot_points]" time="0.001" /><testcase classname="tests.unit.test_condition_expansion_phase2" name="test_candle_pattern_library_positive_negative_and_insufficient_data" time="0.001" /><testcase classname="tests.unit.test_condition_expansion_phase2" name="test_price_action_breakout_and_fvg_are_deterministic" time="0.001" /><testcase classname="tests.unit.test_condition_expansion_phase2" name="test_time_conditions_use_timezone_aware_calendar_rules" time="0.004" /><testcase classname="tests.unit.test_condition_expansion_phase2" name="test_new_prompt_aliases_map_to_visual_condition_keys" time="0.687" /><testcase classname="tests.unit.test_condition_expansion_phase2" name="test_clarification_provenance_does_not_block_prompt_coverage" time="0.284" /><testcase classname="tests.unit.test_condition_expansion_phase2" name="test_vague_aliases_are_deterministic_and_do_not_false_match_macro_terms" time="0.665" /><testcase classname="tests.unit.test_condition_expansion_phase2" name="test_provider_bound_condition_is_unavailable_not_guessed" time="0.003" /><testcase classname="tests.unit.test_condition_expansion_phase2" name="test_registry_categories_provider_badges_and_builder_markup" time="0.265" /><testcase classname="tests.unit.test_condition_expansion_phase2" name="test_public_provider_context_executes_all_local_families" time="0.068" /><testcase classname="tests.unit.test_condition_expansion_phase2" name="test_derivatives_context_is_disabled_by_default_for_spot_mode" time="0.067" /><testcase classname="tests.unit.test_condition_expansion_phase2" name="test_external_context_contract_supplies_only_requested_values" time="0.056" /><testcase classname="tests.unit.test_condition_expansion_phase2" name="test_risk_and_persisted_runtime_conditions_execute_inside_same_tree" time="0.005" /><testcase classname="tests.unit.test_condition_expansion_phase2" name="test_all_registered_capabilities_are_executable_and_schema_valid" time="0.019" /><testcase classname="tests.unit.test_condition_expansion_phase2" name="test_every_executable_capability_reaches_a_non_error_engine_state" time="1.124" /><testcase classname="tests.unit.test_condition_expansion_phase2" name="test_every_provider_condition_has_pass_fail_and_unavailable_proof_states" time="0.336" /><testcase classname="tests.unit.test_condition_registry" name="test_condition_registry_has_unique_rich_builder_ready_entries" time="0.156" /><testcase classname="tests.unit.test_condition_registry" name="test_condition_registry_can_include_provider_required_for_audit_only" time="0.150" /><testcase classname="tests.unit.test_condition_registry" name="test_every_executable_capability_emits_a_valid_condition_template" time="0.041" /><testcase classname="tests.unit.test_condition_registry" name="test_condition_registry_search_uses_names_and_prompt_aliases" time="0.141" /><testcase classname="tests.unit.test_condition_registry" name="test_prompt_aliases_create_extended_deterministic_conditions_without_price_noise" time="0.728" /><testcase classname="tests.unit.test_dashboard_static_assets" name="test_dashboard_js_includes_safe_render_helpers_and_no_invalid_math_syntax" time="0.004" /><testcase classname="tests.unit.test_dashboard_static_assets" name="test_strategy_canvas_uses_progressive_disclosure_components" time="0.010" /><testcase classname="tests.unit.test_dashboard_static_assets" name="test_strategy_canvas_keeps_schema_and_api_compatibility_hooks" time="0.003" /><testcase classname="tests.unit.test_dashboard_static_assets" name="test_hilalmarkets_dashboard_interaction_system_is_present" time="0.009" /><testcase classname="tests.unit.test_dashboard_static_assets" name="test_builtin_templates_have_explicit_dashboard_categories" time="0.006" /><testcase classname="tests.unit.test_dashboard_static_assets" name="test_hilalmarkets_core_styles_include_focus_and_reduced_motion_guards" time="0.002" /><testcase classname="tests.unit.test_dashboard_static_assets" name="test_hilalmarkets_runtime_icons_do_not_require_remote_iconify" time="0.005" /><testcase classname="tests.unit.test_dashboard_static_assets" name="test_private_beta_integrations_expose_only_in_app_and_telegram" time="0.003" /><testcase classname="tests.unit.test_dynamic_mechanics" name="test_dynamic_expression_is_bounded_and_deterministic" time="0.002" /><testcase classname="tests.unit.test_dynamic_mechanics" name="test_dynamic_expression_rejects_code_and_unapproved_data[expression0]" time="0.002" /><testcase classname="tests.unit.test_dynamic_mechanics" name="test_dynamic_expression_rejects_code_and_unapproved_data[expression1]" time="0.002" /><testcase classname="tests.unit.test_dynamic_mechanics" name="test_dynamic_expression_rejects_code_and_unapproved_data[expression2]" time="0.001" /><testcase classname="tests.unit.test_dynamic_mechanics" name="test_dynamic_rule_pins_version_parameters_and_artifact_hash" time="0.001" /><testcase classname="tests.unit.test_dynamic_mechanics" name="test_division_by_zero_is_a_runtime_failure_not_a_match" time="0.002" /><testcase classname="tests.unit.test_dynamic_mechanics" name="test_resolved_parameters_must_be_declared_used_typed_and_bounded" time="0.007" /><testcase classname="tests.unit.test_dynamic_mechanics" name="test_indicator_options_cannot_be_silently_ignored" time="0.002" /><testcase classname="tests.unit.test_dynamic_mechanics" name="test_serialized_runtime_rejects_hidden_parameters" time="0.002" /><testcase classname="tests.unit.test_dynamic_mechanics" name="test_previous_period_history_depth_adapts_to_timeframe" time="0.001" /><testcase classname="tests.unit.test_dynamic_mechanics" name="test_certified_rule_exposes_exact_mechanic_evidence_for_proof" time="0.002" /><testcase classname="tests.unit.test_dynamic_mechanics" name="test_proof_template_rejects_unknown_or_unsafe_placeholders" time="0.001" /><testcase classname="tests.unit.test_email_delivery" name="test_smtp_from_name_is_used_in_from_header" time="0.064" /><testcase classname="tests.unit.test_email_delivery" name="test_disabled_email_adapter_reports_actionable_code" time="0.076" /><testcase classname="tests.unit.test_finder_conditions" name="test_previous_green_daily_candle_is_a_deterministic_trigger" time="0.448" /><testcase classname="tests.unit.test_finder_conditions" name="test_historical_candle_move_searches_the_window_not_only_latest_candle" time="0.338" /><testcase classname="tests.unit.test_finder_conditions" name="test_not_doji_prompt_uses_is_false_candle_pattern" time="0.243" /><testcase classname="tests.unit.test_finder_conditions" name="test_previous_daily_doji_is_executable" time="0.345" /><testcase classname="tests.unit.test_finder_conditions" name="test_consecutive_red_daily_candles_are_executable" time="0.370" /><testcase classname="tests.unit.test_finder_conditions" name="test_absence_of_hammer_in_last_sixty_one_minute_candles_is_executable" time="0.284" /><testcase classname="tests.unit.test_finder_conditions" name="test_time_window_market_metric_from_builder_is_executable" time="0.003" /><testcase classname="tests.unit.test_fixture_market_data" name="test_fixture_provider_returns_deterministic_ohlcv_and_metadata" time="0.010" /><testcase classname="tests.unit.test_fixture_market_data" name="test_fixture_provider_range_fetch_filters_by_time_window" time="0.035" /><testcase classname="tests.unit.test_hilal_consent" name="test_consent_mode_denied_defaults_precede_optional_analytics_loader" time="0.002" /><testcase classname="tests.unit.test_hilal_consent" name="test_consent_choice_is_versioned_persistent_and_withdrawable" time="0.002" /><testcase classname="tests.unit.test_hilal_consent" name="test_first_visit_banner_has_equal_explicit_choices_and_preference_center" time="0.003" /><testcase classname="tests.unit.test_hilal_consent" name="test_optional_analytics_code_contains_no_prohibited_product_properties" time="0.001" /><testcase classname="tests.unit.test_hybrid_capability_resolution" name="test_ai_reranks_only_registry_candidates_and_builds_valid_binding" time="0.634" /><testcase classname="tests.unit.test_hybrid_capability_resolution" name="test_ai_invented_capability_key_is_never_accepted" time="0.272" /><testcase classname="tests.unit.test_hybrid_capability_resolution" name="test_candidate_retrieval_uses_current_fragment_without_old_chat_text" time="0.251" /><testcase classname="tests.unit.test_hybrid_capability_resolution" name="test_verified_binding_compiles_unknown_wording_without_raw_ai_execution" time="0.217" /><testcase classname="tests.unit.test_identity" name="test_duplicate_provider_identity_reuses_user" time="0.711" /><testcase classname="tests.unit.test_indicators" name="test_canonical_indicator_registry_supports_required_indicators" time="0.004" /><testcase classname="tests.unit.test_indicators" name="test_indicator_warmup_fails_explicitly" time="0.001" /><testcase classname="tests.unit.test_indicators" name="test_extended_indicator_registry_calculates_every_new_family" time="0.015" /><testcase classname="tests.unit.test_interpreter" name="test_interpreter_builds_multi_timeframe_rules_without_inventing_values" time="0.463" /><testcase classname="tests.unit.test_interpreter" name="test_unknown_language_is_explicitly_unsupported" time="0.289" /><testcase classname="tests.unit.test_interpreter" name="test_interpreter_supports_six_month_high_breakout_language" time="0.297" /><testcase classname="tests.unit.test_interpreter" name="test_interpreter_supports_pdl_sweep_shorthand_and_common_sweep_spelling" time="0.297" /><testcase classname="tests.unit.test_interpreter" name="test_interpreter_treats_plain_price_threshold_as_quick_scan_condition" time="0.571" /><testcase classname="tests.unit.test_interpreter" name="test_interpreter_treats_growth_percent_as_percent_change_not_price" time="0.286" /><testcase classname="tests.unit.test_interpreter" name="test_interpreter_uses_exact_month_lookback_for_breakout" time="0.320" /><testcase classname="tests.unit.test_interpreter" name="test_interpreter_supports_previous_candle_state_and_historical_event_window" time="1.221" /><testcase classname="tests.unit.test_interpreter" name="test_interpreter_supports_complex_candle_status_filters" time="1.257" /><testcase classname="tests.unit.test_interpreter" name="test_interpreter_reports_mandatory_fragments_it_cannot_convert" time="0.323" /><testcase classname="tests.unit.test_interpreter" name="test_strategy_rejects_duplicate_condition_keys" time="0.356" /><testcase classname="tests.unit.test_interpreter_part2_expansion" name="test_interpreter_recognizes_expanded_prompt_mechanics[RSI crosses back above 30 while price is above 4h EMA 200 and volume is at least 1.5x average-expected_names0]" time="0.338" /><testcase classname="tests.unit.test_interpreter_part2_expansion" name="test_interpreter_recognizes_expanded_prompt_mechanics[MACD histogram turns positive with range breakout and close near high-expected_names1]" time="0.506" /><testcase classname="tests.unit.test_interpreter_part2_expansion" name="test_interpreter_recognizes_expanded_prompt_mechanics[VWAP reclaim after pullback and volume spike-expected_names2]" time="0.354" /><testcase classname="tests.unit.test_interpreter_part2_expansion" name="test_interpreter_recognizes_expanded_prompt_mechanics[Bollinger squeeze breakout above resistance-expected_names3]" time="0.243" /><testcase classname="tests.unit.test_interpreter_part2_expansion" name="test_interpreter_recognizes_expanded_prompt_mechanics[EMA 20 crosses above EMA 50 with EMA slope rising-expected_names4]" time="0.530" /><testcase classname="tests.unit.test_interpreter_part2_expansion" name="test_interpreter_recognizes_expanded_prompt_mechanics[price breaks above the previous 20 day high with volume spike-expected_names5]" time="0.526" /><testcase classname="tests.unit.test_interpreter_part2_expansion" name="test_interpreter_recognizes_expanded_prompt_mechanics[coins decreasing by 3% near midnight-expected_names6]" time="0.248" /><testcase classname="tests.unit.test_interpreter_part2_expansion" name="test_interpreter_recognizes_expanded_prompt_mechanics[short resistance rejection with RSI overbought above 70-expected_names7]" time="0.381" /><testcase classname="tests.unit.test_interpreter_part2_expansion" name="test_interpreter_recognizes_expanded_prompt_mechanics[low volume pullback to EMA retest-expected_names8]" time="0.244" /><testcase classname="tests.unit.test_interpreter_part2_expansion" name="test_interpreter_recognizes_expanded_prompt_mechanics[stochastic crosses above 20 after support bounce-expected_names9]" time="0.231" /><testcase classname="tests.unit.test_interpreter_part2_expansion" name="test_interpreter_recognizes_expanded_prompt_mechanics[change of character and break of structure-expected_names10]" time="0.279" /><testcase classname="tests.unit.test_interpreter_part2_expansion" name="test_interpreter_recognizes_expanded_prompt_mechanics[equal highs liquidity pool then sweep highs-expected_names11]" time="0.284" /><testcase classname="tests.unit.test_interpreter_part2_expansion" name="test_interpreter_keeps_primary_timeframe_and_adds_higher_timeframe_condition" time="0.313" /><testcase classname="tests.unit.test_interpreter_part2_expansion" name="test_interpreter_recognizes_optional_provider_condition_without_blocking" time="0.315" /><testcase classname="tests.unit.test_interpreter_part2_expansion" name="test_interpreter_builds_mandatory_market_cap_provider_condition" time="0.336" /><testcase classname="tests.unit.test_interpreter_part2_expansion" name="test_interpreter_builds_cross_market_filter_without_guessing_values" time="0.532" /><testcase classname="tests.unit.test_interpreter_prompt_mechanics" name="test_interpreter_understands_percent_moves_and_sessions" time="0.257" /><testcase classname="tests.unit.test_interpreter_prompt_mechanics" name="test_interpreter_understands_crossing_all_time_high" time="0.255" /><testcase classname="tests.unit.test_lifecycle" name="test_lifecycle_transition_creates_persistent_event" time="0.001" /><testcase classname="tests.unit.test_lifecycle" name="test_terminal_lifecycle_state_cannot_reopen" time="0.001" /><testcase classname="tests.unit.test_lifecycle" name="test_partial_targets_remain_open_until_final_target" time="0.001" /><testcase classname="tests.unit.test_lifecycle" name="test_confirmed_setup_can_record_suppression_then_alert_delivery" time="0.001" /><testcase classname="tests.unit.test_lifecycle" name="test_default_lifecycle_stages_are_research_monitoring_first" time="0.001" /><testcase classname="tests.unit.test_logic_operators" name="test_within_last_and_persisted_for_use_closed_candle_history" time="0.007" /><testcase classname="tests.unit.test_logic_operators" name="test_sequence_count_and_conditional_branch_are_deterministic" time="0.007" /><testcase classname="tests.unit.test_logic_operators" name="test_first_true_confirmed_cross_and_cooldown_context" time="0.010" /><testcase classname="tests.unit.test_logic_operators" name="test_logic_operator_shape_validation_rejects_impossible_groups" time="0.002" /><testcase classname="tests.unit.test_market_preview" name="test_market_preview_uses_live_rule_engine_proof_shape" time="0.031" /><testcase classname="tests.unit.test_market_preview" name="test_market_regime_analyzer_scores_long_monitor_against_benchmarks" time="0.008" /><testcase classname="tests.unit.test_market_symbol_consistency" name="test_exchange_ticker_never_overrides_canonical_asset_identity" time="1.008" /><testcase classname="tests.unit.test_mt5_po3_imported_features" name="test_mt5_po3_sweep_displacement_structure_is_deterministic" time="0.001" /><testcase classname="tests.unit.test_mt5_po3_imported_features" name="test_mt5_fvg_state_tracks_open_touched_and_filled_states" time="0.001" /><testcase classname="tests.unit.test_mt5_po3_imported_features" name="test_mt5_indicator_adapters_are_registered_and_deterministic" time="0.002" /><testcase classname="tests.unit.test_mt5_po3_imported_features" name="test_prompt_vocabulary_discovers_imported_mt5_features" time="0.596" /><testcase classname="tests.unit.test_on_demand_scans" name="test_on_demand_scan_returns_proof_without_live_alert_persistence" time="0.910" /><testcase classname="tests.unit.test_on_demand_scans" name="test_on_demand_scan_api_enforces_user_and_quota" time="1.606" /><testcase classname="tests.unit.test_on_demand_scans" name="test_light_scan_succeeds_without_saved_strategy_or_approval" time="2.830" /><testcase classname="tests.unit.test_on_demand_scans" name="test_light_scan_requires_notification_channel" time="1.108" /><testcase classname="tests.unit.test_on_demand_scans" name="test_light_scan_blank_symbols_returns_broad_universe_matches_by_default" time="2.673" /><testcase classname="tests.unit.test_on_demand_scans" name="test_light_scan_accepts_broad_universe_and_fast_timeframes" time="5.411" /><testcase classname="tests.unit.test_on_demand_scans" name="test_optional_failed_or_unavailable_conditions_do_not_block_confirmation" time="0.873" /><testcase classname="tests.unit.test_on_demand_scans" name="test_mandatory_unavailable_condition_is_not_returned_as_finder_match" time="0.941" /><testcase classname="tests.unit.test_onboarding_security" name="test_production_rejects_unsigned_provider_identity" time="0.791" /><testcase classname="tests.unit.test_onboarding_security" name="test_production_accepts_matching_short_lived_assertion" time="0.855" /><testcase classname="tests.unit.test_openai_interpreter" name="test_openai_interpreter_validates_ai_draft_into_strategy_schema" time="0.168" /><testcase classname="tests.unit.test_openai_interpreter" name="test_openai_percent_guard_preserves_percent_change_prompts" time="0.310" /><testcase classname="tests.unit.test_openai_interpreter" name="test_openai_fallback_does_not_expose_internal_provider_message" time="0.467" /><testcase classname="tests.unit.test_openai_interpreter" name="test_openai_response_parser_accepts_top_level_output_text_and_json_fence" time="0.001" /><testcase classname="tests.unit.test_openai_interpreter" name="test_openai_suggestion_narrator_only_returns_bounded_wording" time="0.055" /><testcase classname="tests.unit.test_public_chat" name="test_public_knowledge_answers_only_from_catalog" time="0.063" /><testcase classname="tests.unit.test_public_chat" name="test_public_knowledge_refuses_advice_religious_rulings_and_secret_injection" time="0.056" /><testcase classname="tests.unit.test_public_chat" name="test_public_inquiry_drops_attribution_without_analytics_consent" time="0.010" /><testcase classname="tests.unit.test_public_chat" name="test_public_knowledge_escalates_unverified_question_without_guessing" time="0.059" /><testcase classname="tests.unit.test_public_chat" name="test_mask_email_keeps_only_minimum_identity" time="0.001" /><testcase classname="tests.unit.test_public_support_question_corpus" name="test_public_support_corpus_records_at_least_two_hundred_reviewed_expectations" time="0.003" /><testcase classname="tests.unit.test_public_support_question_corpus" name="test_public_support_corpus_routes_have_grounded_server_content" time="0.058" /><testcase classname="tests.unit.test_public_support_question_corpus" name="test_public_support_safety_corpus_is_enforced_before_ai_generation" time="0.054" /><testcase classname="tests.unit.test_quality_scores" name="test_alert_trust_score_is_deterministic_and_explainable" time="0.002" /><testcase classname="tests.unit.test_quality_scores" name="test_market_coverage_score_zero_when_nothing_scanned" time="0.001" /><testcase classname="tests.unit.test_quality_scores" name="test_market_coverage_score_penalizes_stale_scan" time="0.002" /><testcase classname="tests.unit.test_quality_scores" name="test_conflict_detector_finds_duplicates_and_impossible_thresholds" time="0.003" /><testcase classname="tests.unit.test_quality_scores" name="test_frequency_forecast_is_deterministic_and_cautious" time="0.003" /><testcase classname="tests.unit.test_quality_scores" name="test_safe_suggestion_produces_schema_valid_reviewable_diff" time="0.004" /><testcase classname="tests.unit.test_quality_scores" name="test_explain_bottleneck_does_not_mutate_schema" time="0.003" /><testcase classname="tests.unit.test_quality_scores" name="test_compact_alert_actions_include_feedback_replay_and_improvement" time="0.001" /><testcase classname="tests.unit.test_quality_scores" name="test_research_only_alert_copy_does_not_show_entry_or_rr_context" time="0.001" /><testcase classname="tests.unit.test_quality_scores" name="test_strategy_decay_detector_flags_spike_and_universe_shrinkage" time="0.001" /><testcase classname="tests.unit.test_reliability_security" name="test_market_data_health_blocks_stale_or_incomplete_confirmations" time="0.754" /><testcase classname="tests.unit.test_reliability_security" name="test_incident_lifecycle_delivery_failure_and_status_summary" time="0.732" /><testcase classname="tests.unit.test_reliability_security" name="test_security_review_blocks_ssrf_unsafe_uploads_and_code_execution" time="0.254" /><testcase classname="tests.unit.test_reliability_security" name="test_production_runtime_rejects_defaults_and_mock_providers" time="0.054" /><testcase classname="tests.unit.test_reliability_security" name="test_production_runtime_accepts_disabled_integrations_with_safe_core_config" time="0.070" /><testcase classname="tests.unit.test_reliability_security" name="test_deployed_public_chat_requires_real_smtp_configuration" time="0.054" /><testcase classname="tests.unit.test_reliability_security" name="test_agent_kill_switch_keeps_certified_capabilities_bootable" time="0.049" /><testcase classname="tests.unit.test_reliability_security" name="test_deployed_runtime_rejects_test_sharia_market" time="0.061" /><testcase classname="tests.unit.test_reliability_security" name="test_deployed_runtime_requires_fail_closed_api_rate_limits" time="0.059" /><testcase classname="tests.unit.test_reliability_security" name="test_deployed_sharia_governance_requires_safe_operational_dependencies" time="0.064" /><testcase classname="tests.unit.test_reliability_security" name="test_deployed_runtime_rejects_fixture_market_data_and_unwired_provider_flags" time="0.050" /><testcase classname="tests.unit.test_reliability_security" name="test_enabled_production_integrations_require_real_adapters_and_secrets" time="0.052" /><testcase classname="tests.unit.test_reliability_security" name="test_enabled_production_whatsapp_requires_complete_cloud_api_configuration" time="0.054" /><testcase classname="tests.unit.test_reliability_security" name="test_whatsapp_opportunity_delivery_requires_an_explicit_template" time="0.062" /><testcase classname="tests.unit.test_reliability_security" name="test_whatsapp_template_locale_keys_are_validated" time="0.060" /><testcase classname="tests.unit.test_reliability_security" name="test_production_runtime_rejects_placeholder_credentials" time="0.056" /><testcase classname="tests.unit.test_request_guards" name="test_named_sensitive_routes_have_rate_limit_scopes" time="0.055" /><testcase classname="tests.unit.test_request_guards" name="test_deployed_cookie_mutation_requires_same_origin" time="0.051" /><testcase classname="tests.unit.test_request_guards" name="test_signed_provider_callbacks_do_not_require_browser_origin" time="0.058" /><testcase classname="tests.unit.test_request_guards" name="test_deployed_rate_limit_identity_does_not_trust_user_header" time="0.059" /><testcase classname="tests.unit.test_setup_chat_language_quality" name="test_language_quality_corpus_is_reviewed_and_dimension_complete" time="0.003" /><testcase classname="tests.unit.test_setup_chat_language_quality" name="test_language_quality_corpus_uses_configured_routing[en-rsi-001]" time="0.141" /><testcase classname="tests.unit.test_setup_chat_language_quality" name="test_language_quality_corpus_uses_configured_routing[en-volume-002]" time="0.139" /><testcase classname="tests.unit.test_setup_chat_language_quality" name="test_language_quality_corpus_uses_configured_routing[en-pdl-003]" time="0.138" /><testcase classname="tests.unit.test_setup_chat_language_quality" name="test_language_quality_corpus_uses_configured_routing[ar-rsi-001]" time="0.125" /><testcase classname="tests.unit.test_setup_chat_language_quality" name="test_language_quality_corpus_uses_configured_routing[ar-ema-002]" time="0.137" /><testcase classname="tests.unit.test_setup_chat_language_quality" name="test_language_quality_corpus_uses_configured_routing[ar-logic-003]" time="0.141" /><testcase classname="tests.unit.test_setup_chat_language_quality" name="test_language_quality_corpus_uses_configured_routing[eg-rsi-001]" time="0.187" /><testcase classname="tests.unit.test_setup_chat_language_quality" name="test_language_quality_corpus_uses_configured_routing[eg-sweep-002]" time="0.161" /><testcase classname="tests.unit.test_setup_chat_language_quality" name="test_language_quality_corpus_uses_configured_routing[eg-question-003]" time="0.124" /><testcase classname="tests.unit.test_setup_chat_language_quality" name="test_language_quality_corpus_uses_configured_routing[arabizi-rsi-001]" time="0.133" /><testcase classname="tests.unit.test_setup_chat_language_quality" name="test_language_quality_corpus_uses_configured_routing[arabizi-ema-002]" time="0.143" /><testcase classname="tests.unit.test_setup_chat_language_quality" name="test_language_quality_corpus_uses_configured_routing[arabizi-correction-003]" time="0.137" /><testcase classname="tests.unit.test_setup_chat_language_quality" name="test_language_quality_corpus_uses_configured_routing[mixed-rsi-001]" time="0.165" /><testcase classname="tests.unit.test_setup_chat_language_quality" name="test_language_quality_corpus_uses_configured_routing[mixed-optional-002]" time="0.216" /><testcase classname="tests.unit.test_setup_chat_language_quality" name="test_language_quality_corpus_uses_configured_routing[mixed-not-003]" time="0.175" /><testcase classname="tests.unit.test_setup_chat_language_quality" name="test_language_quality_corpus_uses_configured_routing[typo-rsi-001]" time="0.134" /><testcase classname="tests.unit.test_setup_chat_language_quality" name="test_language_quality_corpus_uses_configured_routing[typo-volume-002]" time="0.136" /><testcase classname="tests.unit.test_setup_chat_language_quality" name="test_language_quality_corpus_uses_configured_routing[typo-sweep-003]" time="0.167" /><testcase classname="tests.unit.test_setup_chat_language_quality" name="test_reviewed_deterministic_language_cases_compile_all_labeled_dimensions[en-rsi-001]" time="0.308" /><testcase classname="tests.unit.test_setup_chat_language_quality" name="test_reviewed_deterministic_language_cases_compile_all_labeled_dimensions[en-volume-002]" time="0.330" /><testcase classname="tests.unit.test_setup_chat_language_quality" name="test_reviewed_deterministic_language_cases_compile_all_labeled_dimensions[en-pdl-003]" time="0.341" /><testcase classname="tests.unit.test_setup_observability" name="test_opportunity_card_uses_retained_conditions_and_prior_score" time="0.897" /><testcase classname="tests.unit.test_setup_observability" name="test_radar_is_tenant_isolated_and_filterable" time="1.518" /><testcase classname="tests.unit.test_setup_observability" name="test_no_alert_investigation_uses_stored_condition_and_delivery_evidence" time="0.841" /><testcase classname="tests.unit.test_setup_observability" name="test_no_alert_investigation_separates_provider_and_suppression_causes" time="0.853" /><testcase classname="tests.unit.test_setup_observability" name="test_bottleneck_aggregation_marks_low_sample_and_counterfactual_boundaries" time="0.873" /><testcase classname="tests.unit.test_setup_observability" name="test_ai_explanation_fallback_repeats_only_grounded_reason" time="0.815" /><testcase classname="tests.unit.test_sharia_ai_research" name="test_sharia_ai_uses_one_flex_request_for_aggregated_evidence" time="0.055" /><testcase classname="tests.unit.test_sharia_ai_research" name="test_invalid_ai_output_gets_one_repair_then_fails_closed" time="0.063" /><testcase classname="tests.unit.test_sharia_worker_schedule" name="test_sharia_governance_worker_tasks_and_cadences_are_registered" time="0.053" /><testcase classname="tests.unit.test_strategy_defaults" name="test_near_miss_policy_defaults_to_enabled" time="0.001" /><testcase classname="tests.unit.test_strategy_defaults" name="test_external_strategy_shape_enables_near_miss_by_default" time="0.002" /><testcase classname="tests.unit.test_strategy_defaults" name="test_condition_timeframes_are_auto_declared_for_validation" time="0.001" /><testcase classname="tests.unit.test_strategy_defaults" name="test_internal_research_monitor_defaults_entry_risk_and_targets_to_neutral" time="0.001" /><testcase classname="tests.unit.test_strategy_engine" name="test_identical_market_data_produces_identical_proofs" time="0.006" /><testcase classname="tests.unit.test_strategy_engine" name="test_confirmed_setup_generates_complete_proof_and_risk" time="0.005" /><testcase classname="tests.unit.test_strategy_engine" name="test_candle_close_mode_does_not_look_ahead_into_active_candle" time="0.004" /><testcase classname="tests.unit.test_strategy_engine" name="test_missing_history_and_unsupported_condition_fail_safely" time="0.009" /><testcase classname="tests.unit.test_strategy_engine" name="test_risk_calculator_position_size_uses_explicit_balance_only" time="0.004" /><testcase classname="tests.unit.test_strategy_engine" name="test_nested_or_requires_one_complete_branch" time="0.005" /><testcase classname="tests.unit.test_strategy_engine" name="test_visual_builder_not_and_sequence_groups_are_deterministic" time="0.010" /><testcase classname="tests.unit.test_strategy_engine" name="test_crosses_above_requires_previous_value_on_other_side" time="0.004" /><testcase classname="tests.unit.test_strategy_engine" name="test_short_risk_geometry_places_stop_above_and_targets_below" time="0.002" /><testcase classname="tests.unit.test_strategy_engine" name="test_both_direction_strategy_can_be_evaluated_for_each_explicit_side" time="0.005" /><testcase classname="tests.unit.test_strategy_engine" name="test_risk_failure_is_preserved_in_proof_and_blocks_confirmation" time="0.004" /><testcase classname="tests.unit.test_strategy_engine" name="test_strategy_hash_is_stable_across_mapping_order" time="0.003" /><testcase classname="tests.unit.test_strategy_engine" name="test_forensic_investigation_explains_cooldown_without_guessing" time="0.004" /><testcase classname="tests.unit.test_strategy_engine" name="test_forward_testing_records_hypothetical_not_executed_trade" time="0.004" /><testcase classname="tests.unit.test_strategy_engine" name="test_alert_fatigue_guard_suppresses_duplicate_event_hash" time="0.738" /><testcase classname="tests.unit.test_strategy_engine" name="test_alert_fatigue_guard_cools_down_same_symbol_only" time="0.830" /><testcase classname="tests.unit.test_strategy_hashes" name="test_approved_schema_hash_repairs_legacy_normalization_drift" time="0.003" /><testcase classname="tests.unit.test_strategy_hashes" name="test_approved_schema_hash_rejects_mutated_payload" time="0.002" /><testcase classname="tests.unit.test_support_escalation" name="test_support_escalation_attaches_diagnostic_context" time="0.856" /><testcase classname="tests.unit.test_system_brain" name="test_system_brain_password_otp_session_and_logout" time="1.321" /><testcase classname="tests.unit.test_system_brain" name="test_system_brain_rejects_wrong_password_and_wrong_otp" time="1.589" /><testcase classname="tests.unit.test_system_brain" name="test_capability_telemetry_records_false_ranking_alias_and_cost" time="0.869" /><testcase classname="tests.unit.test_system_brain" name="test_system_brain_session_is_database_backed" time="1.168" /><testcase classname="tests.unit.test_system_brain" name="test_system_brain_reports_bounded_agent_safety_metrics" time="0.754" /><testcase classname="tests.unit.test_system_brain" name="test_system_brain_reports_persisted_setup_model_routes" time="0.767" /><testcase classname="tests.unit.test_system_brain" name="test_system_brain_reports_live_ai_and_public_support_operations" time="0.858" /><testcase classname="tests.unit.test_technical_patterns" name="test_head_and_shoulders_structure_and_neckline_break_are_separate_states" time="0.002" /><testcase classname="tests.unit.test_technical_patterns" name="test_double_bottom_requires_structure_and_close_above_neckline" time="0.001" /><testcase classname="tests.unit.test_technical_patterns" name="test_head_and_shoulders_ignores_adjacent_plateau_pivots" time="0.001" /><testcase classname="tests.unit.test_technical_patterns" name="test_technical_pattern_catalog_is_executable_and_versioned" time="0.001" /><testcase classname="tests.unit.test_telegram_imports" name="test_notification_service_import_does_not_load_full_telegram_service" time="0.001" /><testcase classname="tests.unit.test_verified_strategy" name="test_semantic_diff_keeps_repeated_capability_instances_separate" time="0.004" /><testcase classname="tests.unit.test_whatsapp_adapter" name="test_cloud_adapter_builds_supported_payloads_and_returns_wamid" time="0.072" /><testcase classname="tests.unit.test_whatsapp_adapter" name="test_cloud_adapter_marks_an_inbound_message_read" time="0.068" /><testcase classname="tests.unit.test_whatsapp_adapter" name="test_cloud_adapter_classifies_provider_errors[401-provider_error0-whatsapp_access_token_invalid-False]" time="0.071" /><testcase classname="tests.unit.test_whatsapp_adapter" name="test_cloud_adapter_classifies_provider_errors[403-provider_error1-whatsapp_permission_denied-False]" time="0.084" /><testcase classname="tests.unit.test_whatsapp_adapter" name="test_cloud_adapter_classifies_provider_errors[400-provider_error2-whatsapp_template_error-False]" time="0.068" /><testcase classname="tests.unit.test_whatsapp_adapter" name="test_cloud_adapter_classifies_provider_errors[400-provider_error3-whatsapp_recipient_or_window_error-False]" time="0.064" /><testcase classname="tests.unit.test_whatsapp_adapter" name="test_cloud_adapter_classifies_provider_errors[503-provider_error4-whatsapp_api_error-True]" time="0.063" /><testcase classname="tests.unit.test_whatsapp_adapter" name="test_cloud_adapter_respects_retry_after_and_redacts_sensitive_values" time="0.061" /><testcase classname="tests.unit.test_whatsapp_adapter" name="test_cloud_adapter_rejects_malformed_success_response" time="0.058" /><testcase classname="tests.unit.test_whatsapp_adapter" name="test_cloud_adapter_network_timeout_is_retryable" time="0.069" /><testcase classname="tests.unit.test_whatsapp_webhook" name="test_webhook_signature_and_verify_token_use_exact_secret_values" time="0.001" /><testcase classname="tests.unit.test_whatsapp_webhook" name="test_webhook_parser_reads_every_message_and_every_status_in_batch" time="0.003" /><testcase classname="tests.unit.test_whatsapp_webhook" name="test_webhook_parser_fails_closed_for_wrong_authority[payload0-Unexpected]" time="0.002" /><testcase classname="tests.unit.test_whatsapp_webhook" name="test_webhook_parser_fails_closed_for_wrong_authority[payload1-]" time="0.002" /><testcase classname="tests.unit.test_whatsapp_webhook" name="test_phone_normalization_and_masking_do_not_treat_typed_numbers_as_identity" time="0.002" /></testsuite></testsuites>