<?xml version="1.0" encoding="utf-8"?><testsuites name="pytest tests"><testsuite name="pytest" errors="0" failures="0" skipped="0" tests="165" time="269.202" timestamp="2026-07-18T04:43:11.410079+03:00" hostname="WIN-FOVCL5KBJ2M"><testcase classname="tests.integration.test_admin_status_api" name="test_status_and_admin_dashboard_require_roles_and_audit_actions" time="2.055" /><testcase classname="tests.integration.test_admin_status_api" name="test_admin_can_extend_trial_and_reprocess_non_failed_webhook" time="1.582" /><testcase classname="tests.integration.test_admin_status_api" name="test_production_admin_rejects_header_only_principal" time="1.372" /><testcase classname="tests.integration.test_ai_setup_chat_agent_control" name="test_feature_flag_disabled_preserves_legacy_chat_path" time="2.223" /><testcase classname="tests.integration.test_ai_setup_chat_agent_control" name="test_zero_percent_rollout_preserves_legacy_chat_path" time="1.668" /><testcase classname="tests.integration.test_ai_setup_chat_agent_control" name="test_agent_unavailable_falls_back_without_duplicate_user_message" time="1.778" /><testcase classname="tests.integration.test_ai_setup_chat_agent_control" name="test_agent_market_snapshot_renders_authoritative_tool_payload" time="2.083" /><testcase classname="tests.integration.test_ai_setup_chat_agent_control" name="test_provider_unavailability_is_explicit_and_contains_no_invented_values" time="1.625" /><testcase classname="tests.integration.test_ai_setup_chat_agent_control" name="test_shadow_mode_records_comparison_then_uses_legacy_flow" time="1.605" /><testcase classname="tests.integration.test_ai_setup_chat_agent_control" name="test_correction_recompiles_hash_and_next_call_receives_chat_history" time="2.270" /><testcase classname="tests.integration.test_ai_setup_chat_api" name="test_setup_chat_api_creates_resumes_compiles_and_approves" time="2.037" /><testcase classname="tests.integration.test_ai_setup_chat_api" name="test_setup_chat_scanner_mode_compiles_a_temporary_rule_set" time="1.876" /><testcase classname="tests.integration.test_ai_setup_chat_api" name="test_setup_chat_api_refuses_unrelated_and_serves_market_snapshot" time="3.303" /><testcase classname="tests.integration.test_ai_setup_chat_api" name="test_setup_chat_html_is_mobile_ready_and_does_not_expose_api_key" time="1.380" /><testcase classname="tests.integration.test_ai_setup_chat_api" name="test_legacy_quick_scan_page_redirects_to_chat_scanner" time="1.266" /><testcase classname="tests.integration.test_ai_setup_chat_api" name="test_unknown_fragment_can_enter_certified_mechanic_queue" time="1.995" /><testcase classname="tests.integration.test_api_route_ownership" name="test_public_billing_catalog_excludes_private_plans" time="1.603" /><testcase classname="tests.integration.test_api_route_ownership" name="test_billing_routes_derive_and_enforce_authenticated_owner" time="1.229" /><testcase classname="tests.integration.test_api_route_ownership" name="test_retired_discord_routes_are_not_registered" time="2.491" /><testcase classname="tests.integration.test_api_route_ownership" name="test_operational_status_detail_requires_admin" time="2.246" /><testcase classname="tests.integration.test_checkout_and_payment_email" name="test_checkout_uses_server_price_and_deduplicates_attempt" time="1.669" /><testcase classname="tests.integration.test_checkout_and_payment_email" name="test_verified_static_payment_activates_once_and_emails_once" time="1.774" /><testcase classname="tests.integration.test_checkout_and_payment_email" name="test_checkout_requires_terms_and_valid_csrf" time="1.615" /><testcase classname="tests.integration.test_checkout_and_payment_email" name="test_payment_email_preview_is_rendered_in_development" time="1.619" /><testcase classname="tests.integration.test_checkout_and_payment_email" name="test_payment_email_preview_is_not_exposed_in_production" time="1.696" /><testcase classname="tests.integration.test_compliance_telegram_notifications" name="test_admin_notification_without_configured_recipient_is_not_queued" time="1.036" /><testcase classname="tests.integration.test_compliance_telegram_notifications" name="test_admin_notification_retries_timeout_and_rate_limit_without_duplicates" time="1.257" /><testcase classname="tests.integration.test_dashboard_api" name="test_dashboard_api_uses_session_cookie_for_current_user" time="2.067" /><testcase classname="tests.integration.test_dashboard_api" name="test_dashboard_capabilities_endpoint_exposes_registry_and_templates" time="1.729" /><testcase classname="tests.integration.test_dashboard_api" name="test_dashboard_strategy_builder_interpretation_feedback_is_audited" time="2.921" /><testcase classname="tests.integration.test_dashboard_api" name="test_dashboard_analytics_coverage_uses_scan_jobs" time="2.027" /><testcase classname="tests.integration.test_dashboard_api" name="test_dashboard_strategy_template_is_persisted" time="1.923" /><testcase classname="tests.integration.test_dashboard_api" name="test_dashboard_chart_candles_use_provider_dependency" time="1.864" /><testcase classname="tests.integration.test_dashboard_api" name="test_dashboard_lifecycle_cards_chart_and_saved_annotations" time="2.523" /><testcase classname="tests.integration.test_dashboard_api" name="test_dashboard_scan_prompt_interpret_understands_breakout" time="3.409" /><testcase classname="tests.integration.test_dashboard_api" name="test_dashboard_settings_persist_alert_schedule_without_theme_field" time="1.319" /><testcase classname="tests.integration.test_dashboard_api" name="test_dashboard_disconnect_telegram_removes_backend_connection" time="1.991" /><testcase classname="tests.integration.test_dashboard_api" name="test_dashboard_theme_toggle_persists_without_full_settings_submit" time="1.296" /><testcase classname="tests.integration.test_dashboard_api" name="test_dashboard_publish_marks_monitor_active" time="1.981" /><testcase classname="tests.integration.test_dashboard_api" name="test_dashboard_publish_requires_notification_channel" time="1.437" /><testcase classname="tests.integration.test_dashboard_api" name="test_dashboard_export_downloads_json_and_csv" time="2.002" /><testcase classname="tests.integration.test_dashboard_api" name="test_setup_replay_and_near_miss_dashboard_sections_are_hidden" time="3.709" /><testcase classname="tests.integration.test_dashboard_api" name="test_dashboard_web_notifications_deliver_pending_web_alerts" time="1.633" /><testcase classname="tests.integration.test_dashboard_api" name="test_historical_replay_is_hidden_and_inaccessible" time="2.892" /><testcase classname="tests.integration.test_dashboard_api" name="test_dashboard_support_ticket_api_creates_thread_message" time="1.638" /><testcase classname="tests.integration.test_dashboard_api" name="test_referral_page_shows_paid_conversion_reward_balance" time="1.308" /><testcase classname="tests.integration.test_dashboard_api" name="test_advanced_dashboard_pages_render" time="2.085" /><testcase classname="tests.integration.test_dashboard_api" name="test_strategy_cockpit_validation_forecast_suggestion_and_preferences" time="2.082" /><testcase classname="tests.integration.test_dashboard_api" name="test_cockpit_feedback_inbox_proof_and_timeline" time="2.268" /><testcase classname="tests.integration.test_dashboard_api" name="test_cockpit_universe_preview_and_version_experiment" time="1.600" /><testcase classname="tests.integration.test_dashboard_api" name="test_cockpit_missed_move_analyzer_saves_deterministic_replay" time="1.732" /><testcase classname="tests.integration.test_dashboard_api" name="test_prompt_interpretation_applies_saved_strategy_preferences" time="3.289" /><testcase classname="tests.integration.test_dashboard_api" name="test_publish_blocks_critical_strategy_conflicts" time="1.472" /><testcase classname="tests.integration.test_dashboard_api" name="test_verified_strategy_workspace_tests_history_and_contract" time="1.838" /><testcase classname="tests.integration.test_dashboard_api" name="test_verified_version_diff_restore_and_saved_test_rerun" time="1.593" /><testcase classname="tests.integration.test_dashboard_api" name="test_alert_proof_is_sealed_versioned_and_outcome_is_user_defined" time="2.131" /><testcase classname="tests.integration.test_dashboard_api" name="test_verified_workspace_enforces_user_isolation" time="1.756" /><testcase classname="tests.integration.test_dashboard_api" name="test_forensic_investigation_uses_historical_monitor_state" time="1.438" /><testcase classname="tests.integration.test_dashboard_web" name="test_signup_creates_user_session_and_dashboard_access" time="1.215" /><testcase classname="tests.integration.test_dashboard_web" name="test_signup_verification_sends_admin_notification" time="1.317" /><testcase classname="tests.integration.test_dashboard_web" name="test_repeated_signup_submit_does_not_send_second_code" time="1.628" /><testcase classname="tests.integration.test_dashboard_web" name="test_signup_does_not_require_disclaimer_acceptance" time="1.289" /><testcase classname="tests.integration.test_dashboard_web" name="test_hilal_watchlist_and_compliance_pages_use_only_persisted_user_records" time="1.144" /><testcase classname="tests.integration.test_dashboard_web" name="test_signin_success_and_failure" time="2.029" /><testcase classname="tests.integration.test_dashboard_web" name="test_signup_with_telegram_link_connects_dashboard_account" time="1.949" /><testcase classname="tests.integration.test_dashboard_web" name="test_signup_with_telegram_link_sends_connected_notification" time="1.290" /><testcase classname="tests.integration.test_dashboard_web" name="test_trial_claim_from_dashboard_blocks_duplicate_claim" time="1.347" /><testcase classname="tests.integration.test_dashboard_web" name="test_private_beta_billing_page_blocks_paid_checkout" time="1.382" /><testcase classname="tests.integration.test_dashboard_web" name="test_dashboard_settings_timezone_dropdown_persists" time="1.265" /><testcase classname="tests.integration.test_dashboard_web" name="test_signup_password_confirmation_and_complexity_are_enforced" time="1.302" /><testcase classname="tests.integration.test_dashboard_web" name="test_email_code_login_and_password_reset" time="2.752" /><testcase classname="tests.integration.test_dashboard_web" name="test_reset_password_unknown_email_shows_not_registered" time="1.072" /><testcase classname="tests.integration.test_dashboard_web" name="test_integrations_telegram_link_opens_new_tab_and_creates_pending_link" time="1.123" /><testcase classname="tests.integration.test_hilal_public_site" name="test_every_public_page_renders_unique_metadata_without_prototype_content" time="1.136" /><testcase classname="tests.integration.test_hilal_public_site" name="test_public_header_and_footer_follow_the_central_navigation" time="0.826" /><testcase classname="tests.integration.test_hilal_public_site" name="test_public_screening_uses_safe_empty_state_without_sample_claims" time="0.785" /><testcase classname="tests.integration.test_hilal_public_site" name="test_public_sitemap_and_robots_exclude_private_surfaces" time="0.833" /><testcase classname="tests.integration.test_hilal_public_site" name="test_pricing_and_billing_share_the_public_plan_catalog" time="1.418" /><testcase classname="tests.integration.test_hilal_public_site" name="test_dashboard_navigation_matches_the_customer_information_architecture" time="1.896" /><testcase classname="tests.integration.test_hilal_public_site" name="test_screened_opportunities_use_one_shared_component" time="0.002" /><testcase classname="tests.integration.test_investigation_api" name="test_why_no_alert_endpoint_returns_deterministic_reconstruction" time="1.035" /><testcase classname="tests.integration.test_investigation_api" name="test_why_no_alert_endpoint_rejects_unauthenticated_requests" time="0.984" /><testcase classname="tests.integration.test_landing_page" name="test_landing_page_contains_product_flow_without_performance_claims" time="0.791" /><testcase classname="tests.integration.test_landing_page" name="test_landing_page_does_not_lead_with_notification_channels" time="0.882" /><testcase classname="tests.integration.test_landing_page" name="test_landing_page_links_to_primary_start_paths" time="1.102" /><testcase classname="tests.integration.test_landing_page" name="test_dashboard_entry_uses_saved_session_or_signup" time="1.270" /><testcase classname="tests.integration.test_landing_page" name="test_dashboard_preview_pages_are_available" time="1.387" /><testcase classname="tests.integration.test_onboarding_flow" name="test_ad_to_activation_full_path" time="3.293" /><testcase classname="tests.integration.test_onboarding_flow" name="test_telegram_continuation_is_same_session_and_single_use" time="1.404" /><testcase classname="tests.integration.test_onboarding_flow" name="test_unsupported_interpretation_blocks_approval" time="3.369" /><testcase classname="tests.integration.test_onboarding_flow" name="test_access_token_cannot_cross_onboarding_sessions" time="1.701" /><testcase classname="tests.integration.test_platform_handoffs" name="test_platform_matrix_keeps_full_billing_dashboard_owned" time="0.004" /><testcase classname="tests.integration.test_platform_handoffs" name="test_signed_dashboard_link_logs_in_correct_user_and_is_single_use" time="0.822" /><testcase classname="tests.integration.test_platform_handoffs" name="test_signed_dashboard_link_expiry_fails_safely" time="0.948" /><testcase classname="tests.integration.test_platform_handoffs" name="test_notification_preferences_ignore_retired_channel_values" time="0.940" /><testcase classname="tests.integration.test_platform_handoffs" name="test_notification_preferences_mute_near_miss_without_ui_bypass" time="0.908" /><testcase classname="tests.integration.test_platform_handoffs" name="test_notification_preferences_enforce_user_wide_hourly_cap" time="0.740" /><testcase classname="tests.integration.test_platform_handoffs" name="test_notification_preferences_enforce_user_wide_daily_cap" time="0.730" /><testcase classname="tests.integration.test_platform_handoffs" name="test_notification_schedule_uses_selected_timezone" time="0.718" /><testcase classname="tests.integration.test_platform_handoffs" name="test_shared_monitor_operations_pause_resume_and_audit" time="0.830" /><testcase classname="tests.integration.test_public_chat_api" name="test_public_chat_requires_bootstrap_csrf_and_rejects_foreign_origin" time="0.923" /><testcase classname="tests.integration.test_public_chat_api" name="test_public_chat_feature_flag_and_separate_rate_limit" time="0.970" /><testcase classname="tests.integration.test_public_chat_api" name="test_public_chat_rate_limit_always_includes_remote_ip" time="0.993" /><testcase classname="tests.integration.test_public_chat_api" name="test_public_chat_answer_is_grounded_and_stores_only_redacted_audit" time="0.862" /><testcase classname="tests.integration.test_public_chat_api" name="test_public_support_ai_uses_bounded_multi_turn_history" time="0.924" /><testcase classname="tests.integration.test_public_chat_api" name="test_public_support_ai_rejects_hallucinated_source_ids" time="0.954" /><testcase classname="tests.integration.test_public_chat_api" name="test_public_support_ai_rejects_hallucinated_route_ids" time="0.913" /><testcase classname="tests.integration.test_public_chat_api" name="test_public_support_ai_uses_only_authenticated_server_owned_account_data" time="0.822" /><testcase classname="tests.integration.test_public_chat_api" name="test_public_support_ai_rejects_account_tool_for_anonymous_visitor" time="0.872" /><testcase classname="tests.integration.test_public_chat_api" name="test_public_chat_session_limit_preserves_idempotent_retry" time="0.992" /><testcase classname="tests.integration.test_public_chat_api" name="test_public_inquiry_is_sanitized_idempotent_and_queued_for_both_recipients" time="1.013" /><testcase classname="tests.integration.test_public_chat_api" name="test_public_inquiry_rating_and_token_bound_redaction" time="1.018" /><testcase classname="tests.integration.test_public_chat_api" name="test_public_inquiry_email_retry_and_abandoned_claim_recovery" time="0.841" /><testcase classname="tests.integration.test_public_health" name="test_public_health_returns_service_metadata" time="0.997" /><testcase classname="tests.integration.test_public_health" name="test_public_deep_health_checks_database_and_redis" time="0.723" /><testcase classname="tests.integration.test_scanner_pipeline" name="test_scan_schedule_is_idempotent_and_partial_job_persists_success" time="1.079" /><testcase classname="tests.integration.test_scanner_pipeline" name="test_telegram_delivery_is_not_sent_without_provider_message_id" time="0.846" /><testcase classname="tests.integration.test_scanner_pipeline" name="test_close_skipped_result_persists_lifecycle_and_near_miss_without_alert" time="1.416" /><testcase classname="tests.integration.test_scanner_pipeline" name="test_dry_run_experiment_schedules_variants_and_persists_evidence_only" time="0.927" /><testcase classname="tests.integration.test_setup_observability_api" name="test_observability_api_filter_investigation_and_user_isolation" time="1.427" /><testcase classname="tests.integration.test_setup_observability_api" name="test_successful_delivery_hides_why_no_alert_action" time="1.238" /><testcase classname="tests.integration.test_sharia_api" name="test_user_sharia_api_hides_non_executable_governance_records" time="1.753" /><testcase classname="tests.integration.test_sharia_api" name="test_screened_market_opportunity_filter_uses_persisted_user_lifecycle" time="2.117" /><testcase classname="tests.integration.test_sharia_api" name="test_saved_asset_removal_requires_review_of_active_watch_plans" time="1.782" /><testcase classname="tests.integration.test_sharia_migration" name="test_sharia_migration_identifiers_fit_postgresql_limit" time="0.004" /><testcase classname="tests.integration.test_sharia_migration" name="test_sc_governance_migration_reaches_head_and_seeds_no_assets" time="13.852" /><testcase classname="tests.integration.test_sharia_migration" name="test_sharia_migration_pauses_existing_active_monitors" time="13.292" /><testcase classname="tests.integration.test_system_brain_web" name="test_system_brain_requires_real_application_admin_role" time="1.387" /><testcase classname="tests.integration.test_system_brain_web" name="test_system_brain_renders_live_sharia_governance_workspace" time="2.759" /><testcase classname="tests.integration.test_system_brain_web" name="test_system_brain_all_sections_enforce_admin_role" time="1.768" /><testcase classname="tests.integration.test_system_brain_web" name="test_system_brain_can_require_cloudflare_access_before_admin" time="1.543" /><testcase classname="tests.integration.test_system_brain_web" name="test_review_action_enforces_admin_csrf_state_and_audit" time="2.105" /><testcase classname="tests.integration.test_telegram_service" name="test_telegram_start_records_attribution_and_persistent_menu" time="0.903" /><testcase classname="tests.integration.test_telegram_service" name="test_telegram_callback_idempotency_for_old_disclaimer_button" time="0.996" /><testcase classname="tests.integration.test_telegram_service" name="test_telegram_trial_button_hands_off_to_dashboard_signup" time="0.831" /><testcase classname="tests.integration.test_telegram_service" name="test_telegram_create_approve_and_activate_monitor" time="2.408" /><testcase classname="tests.integration.test_telegram_service" name="test_telegram_lifecycles_subscription_feedback_and_support" time="0.748" /><testcase classname="tests.integration.test_telegram_service" name="test_telegram_dashboard_actions_handoff_to_signup_when_unlinked" time="0.955" /><testcase classname="tests.integration.test_telegram_service" name="test_telegram_submenus_have_back_buttons_and_templates_create_drafts" time="3.041" /><testcase classname="tests.integration.test_telegram_service" name="test_telegram_quick_scan_template_uses_selected_provider" time="0.781" /><testcase classname="tests.integration.test_telegram_service" name="test_telegram_back_returns_main_menu" time="0.813" /><testcase classname="tests.integration.test_telegram_service" name="test_telegram_my_monitors_links_to_dashboard_management" time="0.866" /><testcase classname="tests.integration.test_telegram_service" name="test_telegram_settings_hands_off_to_dashboard" time="0.777" /><testcase classname="tests.integration.test_telegram_service" name="test_telegram_signup_buttons_use_real_dashboard_links" time="0.785" /><testcase classname="tests.integration.test_telegram_service" name="test_telegram_dashboard_start_link_requires_confirmation_and_connects" time="0.764" /><testcase classname="tests.integration.test_telegram_service" name="test_telegram_create_monitor_hands_off_to_dashboard" time="0.885" /><testcase classname="tests.integration.test_telegram_service" name="test_telegram_removed_create_flow_does_not_interpret_free_text" time="1.057" /><testcase classname="tests.integration.test_telegram_service" name="test_telegram_new_monitor_resets_stale_approval_state" time="4.107" /><testcase classname="tests.integration.test_telegram_service" name="test_telegram_approve_before_interpretation_points_to_dashboard" time="0.837" /><testcase classname="tests.integration.test_telegram_webhook" name="test_telegram_webhook_validates_secret_and_deduplicates_update" time="1.265" /><testcase classname="tests.integration.test_test_market_api" name="test_test_market_api_and_dashboard_are_gated_and_provider_backed" time="2.258" /><testcase classname="tests.integration.test_test_market_api" name="test_local_test_market_does_not_hide_selected_executable_methodology" time="2.013" /><testcase classname="tests.integration.test_test_market_api" name="test_active_methodology_without_publications_has_clear_readiness_state" time="1.391" /><testcase classname="tests.integration.test_test_market_api" name="test_watchlists_saved_assets_and_market_scanner_are_distinct_routes" time="1.425" /><testcase classname="tests.integration.test_whatsapp_integration" name="test_dashboard_link_requires_csrf_and_inbound_phone_ownership" time="1.656" /><testcase classname="tests.integration.test_whatsapp_integration" name="test_signed_webhook_verification_batching_and_idempotency" time="1.915" /><testcase classname="tests.integration.test_whatsapp_integration" name="test_link_expiry_cross_user_ownership_and_reconsent" time="0.799" /><testcase classname="tests.integration.test_whatsapp_integration" name="test_webhook_processor_completes_link_sends_confirmation_and_redacts_body" time="0.760" /><testcase classname="tests.integration.test_whatsapp_integration" name="test_delivery_uses_session_text_then_monotonic_status_updates" time="0.828" /><testcase classname="tests.integration.test_whatsapp_integration" name="test_outside_service_window_requires_configured_template" time="1.028" /><testcase classname="tests.integration.test_whatsapp_integration" name="test_outside_window_never_falls_back_to_free_form" time="0.779" /><testcase classname="tests.integration.test_whatsapp_integration" name="test_retryable_delivery_stops_at_configured_maximum" time="0.865" /><testcase classname="tests.integration.test_whatsapp_integration" name="test_opportunity_delivery_stays_off_without_flag_and_approved_template" time="0.841" /><testcase classname="tests.integration.test_whatsapp_integration" name="test_stop_cancels_queued_delivery_and_start_requires_dashboard_reconsent" time="0.826" /><testcase classname="tests.integration.test_whatsapp_integration" name="test_test_result_status_is_monotonic" time="0.855" /></testsuite></testsuites>