<?xml version="1.0" encoding="utf-8"?><testsuites name="pytest tests"><testsuite name="pytest" errors="1" failures="3" skipped="0" tests="1684" time="1198.396" timestamp="2026-07-18T03:24:05.968526+03:00" hostname="WIN-FOVCL5KBJ2M"><testcase classname="tests.dashboard.test_builder_schema_preservation" name="test_strategy_builder_uses_dedicated_interpretation_endpoint" time="0.007" /><testcase classname="tests.dashboard.test_builder_schema_preservation" name="test_builder_preserves_advanced_condition_metadata_fields" time="0.004" /><testcase classname="tests.dashboard.test_builder_schema_preservation" name="test_builder_hides_raw_json_by_default_and_blocks_critical_activation" time="0.004" /><testcase classname="tests.engine.test_capability_registry_compatibility" name="test_capability_registry_templates_are_classified_for_availability" time="0.039" /><testcase classname="tests.engine.test_capability_registry_compatibility" name="test_provider_required_capabilities_are_not_marked_fully_available" time="0.029" /><testcase classname="tests.engine.test_capability_template_schema_evaluator_alignment" name="test_green_capability_templates_validate_against_strategy_schema" time="1.428" /><testcase classname="tests.engine.test_capability_template_schema_evaluator_alignment" name="test_green_capabilities_reach_non_error_evaluator_and_proof_state" time="1.700" /><testcase classname="tests.engine.test_trading_concept_e2e_matrix" name="test_every_current_concept_has_an_e2e_status" time="0.347" /><testcase classname="tests.engine.test_trading_concept_e2e_matrix" name="test_available_concepts_are_not_exposed_as_partial_or_planned" time="0.347" /><testcase classname="tests.engine.test_trading_concept_e2e_matrix" name="test_planned_concepts_are_hidden_from_normal_builder_add_paths" time="0.362" /><testcase classname="tests.engine.test_trading_concept_e2e_matrix" name="test_matrix_counts_match_status_rows" time="0.572" /><testcase classname="tests.integration.test_admin_status_api" name="test_status_and_admin_dashboard_require_roles_and_audit_actions" time="3.284" /><testcase classname="tests.integration.test_admin_status_api" name="test_admin_can_extend_trial_and_reprocess_non_failed_webhook" time="1.882" /><testcase classname="tests.integration.test_admin_status_api" name="test_production_admin_rejects_header_only_principal" time="1.801" /><testcase classname="tests.integration.test_ai_setup_chat_agent_control" name="test_feature_flag_disabled_preserves_legacy_chat_path" time="2.484" /><testcase classname="tests.integration.test_ai_setup_chat_agent_control" name="test_zero_percent_rollout_preserves_legacy_chat_path" time="2.308" /><testcase classname="tests.integration.test_ai_setup_chat_agent_control" name="test_agent_unavailable_falls_back_without_duplicate_user_message" time="2.234" /><testcase classname="tests.integration.test_ai_setup_chat_agent_control" name="test_agent_market_snapshot_renders_authoritative_tool_payload" time="2.275" /><testcase classname="tests.integration.test_ai_setup_chat_agent_control" name="test_provider_unavailability_is_explicit_and_contains_no_invented_values" time="2.193" /><testcase classname="tests.integration.test_ai_setup_chat_agent_control" name="test_shadow_mode_records_comparison_then_uses_legacy_flow" time="2.032" /><testcase classname="tests.integration.test_ai_setup_chat_agent_control" name="test_correction_recompiles_hash_and_next_call_receives_chat_history" time="2.637" /><testcase classname="tests.integration.test_ai_setup_chat_api" name="test_setup_chat_api_creates_resumes_compiles_and_approves" time="2.660" /><testcase classname="tests.integration.test_ai_setup_chat_api" name="test_setup_chat_scanner_mode_compiles_a_temporary_rule_set" time="2.348" /><testcase classname="tests.integration.test_ai_setup_chat_api" name="test_setup_chat_api_refuses_unrelated_and_serves_market_snapshot" time="3.795" /><testcase classname="tests.integration.test_ai_setup_chat_api" name="test_setup_chat_html_is_mobile_ready_and_does_not_expose_api_key" time="1.923" /><testcase classname="tests.integration.test_ai_setup_chat_api" name="test_legacy_quick_scan_page_redirects_to_chat_scanner" time="2.009" /><testcase classname="tests.integration.test_ai_setup_chat_api" name="test_unknown_fragment_can_enter_certified_mechanic_queue" time="2.329" /><testcase classname="tests.integration.test_api_route_ownership" name="test_public_billing_catalog_excludes_private_plans" time="1.610" /><testcase classname="tests.integration.test_api_route_ownership" name="test_billing_routes_derive_and_enforce_authenticated_owner" time="2.265" /><testcase classname="tests.integration.test_api_route_ownership" name="test_retired_discord_routes_are_not_registered" time="1.897" /><testcase classname="tests.integration.test_api_route_ownership" name="test_operational_status_detail_requires_admin" time="1.598" /><testcase classname="tests.integration.test_checkout_and_payment_email" name="test_checkout_uses_server_price_and_deduplicates_attempt" time="2.088" /><testcase classname="tests.integration.test_checkout_and_payment_email" name="test_verified_static_payment_activates_once_and_emails_once" time="2.402" /><testcase classname="tests.integration.test_checkout_and_payment_email" name="test_checkout_requires_terms_and_valid_csrf" time="2.014" /><testcase classname="tests.integration.test_checkout_and_payment_email" name="test_payment_email_preview_is_rendered_in_development" time="1.761" /><testcase classname="tests.integration.test_checkout_and_payment_email" name="test_payment_email_preview_is_not_exposed_in_production" time="1.649" /><testcase classname="tests.integration.test_compliance_telegram_notifications" name="test_admin_notification_without_configured_recipient_is_not_queued" time="1.324" /><testcase classname="tests.integration.test_compliance_telegram_notifications" name="test_admin_notification_retries_timeout_and_rate_limit_without_duplicates" time="1.389" /><testcase classname="tests.integration.test_dashboard_api" name="test_dashboard_api_uses_session_cookie_for_current_user" time="2.280" /><testcase classname="tests.integration.test_dashboard_api" name="test_dashboard_capabilities_endpoint_exposes_registry_and_templates" time="2.982" /><testcase classname="tests.integration.test_dashboard_api" name="test_dashboard_strategy_builder_interpretation_feedback_is_audited" time="1.832" /><testcase classname="tests.integration.test_dashboard_api" name="test_dashboard_analytics_coverage_uses_scan_jobs" time="2.139" /><testcase classname="tests.integration.test_dashboard_api" name="test_dashboard_strategy_template_is_persisted" time="2.077" /><testcase classname="tests.integration.test_dashboard_api" name="test_dashboard_chart_candles_use_provider_dependency" time="2.807" /><testcase classname="tests.integration.test_dashboard_api" name="test_dashboard_lifecycle_cards_chart_and_saved_annotations" time="2.543" /><testcase classname="tests.integration.test_dashboard_api" name="test_dashboard_scan_prompt_interpret_understands_breakout" time="14.484" /><testcase classname="tests.integration.test_dashboard_api" name="test_dashboard_settings_persist_alert_schedule_without_theme_field" time="2.432" /><testcase classname="tests.integration.test_dashboard_api" name="test_dashboard_disconnect_telegram_removes_backend_connection" time="2.925" /><testcase classname="tests.integration.test_dashboard_api" name="test_dashboard_theme_toggle_persists_without_full_settings_submit" time="2.406" /><testcase classname="tests.integration.test_dashboard_api" name="test_dashboard_publish_marks_monitor_active" time="2.814" /><testcase classname="tests.integration.test_dashboard_api" name="test_dashboard_publish_requires_notification_channel" time="3.331" /><testcase classname="tests.integration.test_dashboard_api" name="test_dashboard_export_downloads_json_and_csv" time="2.313" /><testcase classname="tests.integration.test_dashboard_api" name="test_setup_replay_and_near_miss_dashboard_sections_are_hidden" time="4.399" /><testcase classname="tests.integration.test_dashboard_api" name="test_dashboard_web_notifications_deliver_pending_web_alerts" time="2.528" /><testcase classname="tests.integration.test_dashboard_api" name="test_historical_replay_is_hidden_and_inaccessible" time="4.262" /><testcase classname="tests.integration.test_dashboard_api" name="test_dashboard_support_ticket_api_creates_thread_message" time="1.918"><failure message="AssertionError: assert 'office@hilalmarkets.com' == 'contact@trace-edge.com'&#10;  &#10;  - contact@trace-edge.com&#10;  + office@hilalmarkets.com">test_context = {'app': &lt;fastapi.applications.FastAPI object at 0x000001F613B46540&gt;, 'client': &lt;httpx.AsyncClient object at 0x000001F6...rvability_candidate_stale_seconds=300, observability_live_poll_seconds=15, observability_max_candidates_per_user=5000)}

    async def test_dashboard_support_ticket_api_creates_thread_message(test_context):
        await _signup(test_context, "dashboard-support@example.com")
        test_context["settings"].email_test_outbox.clear()
    
        response = await test_context["client"].post(
            "/api/v1/dashboard/support/tickets",
            json={
                "email": "dashboard-support@example.com",
                "subject": "Missing SOL alert",
                "description": "Please investigate the 15m candle.",
                "context": {"symbol": "SOL/USDT"},
                "screenshots": [
                    {
                        "filename": "chart.png",
                        "content_type": "image/png",
                        "data_base64": base64.b64encode(
                            b"\x89PNG\r\n\x1a\nsupport-image"
                        ).decode(),
                    }
                ],
            },
        )
    
        assert response.status_code == 201
        async with test_context["session_factory"]() as session:
            ticket_id = UUID(response.json()["ticket"]["id"])
            ticket = await session.get(SupportRequest, ticket_id)
            assert ticket is not None
            assert ticket.category == "general"
            assert ticket.context["contact_email"] == "dashboard-support@example.com"
            assert ticket.context["screenshot_count"] == 1
            message = await session.scalar(
                select(SupportTicketMessage).where(
                    SupportTicketMessage.support_request_id == ticket_id
                )
            )
            assert message.attachments[0]["content_type"] == "image/png"
        outbox = test_context["settings"].email_test_outbox
        assert len(outbox) == 1
        assert outbox[0]["purpose"] == "support_ticket"
&gt;       assert outbox[0]["recipient"] == "contact@trace-edge.com"
E       AssertionError: assert 'office@hilalmarkets.com' == 'contact@trace-edge.com'
E         
E         - contact@trace-edge.com
E         + office@hilalmarkets.com

tests\integration\test_dashboard_api.py:1051: AssertionError</failure></testcase><testcase classname="tests.integration.test_dashboard_api" name="test_referral_page_shows_paid_conversion_reward_balance" time="2.176" /><testcase classname="tests.integration.test_dashboard_api" name="test_advanced_dashboard_pages_render" time="2.689" /><testcase classname="tests.integration.test_dashboard_api" name="test_strategy_cockpit_validation_forecast_suggestion_and_preferences" time="2.496" /><testcase classname="tests.integration.test_dashboard_api" name="test_cockpit_feedback_inbox_proof_and_timeline" time="2.149" /><testcase classname="tests.integration.test_dashboard_api" name="test_cockpit_universe_preview_and_version_experiment" time="2.800" /><testcase classname="tests.integration.test_dashboard_api" name="test_cockpit_missed_move_analyzer_saves_deterministic_replay" time="2.257" /><testcase classname="tests.integration.test_dashboard_api" name="test_prompt_interpretation_applies_saved_strategy_preferences" time="3.515" /><testcase classname="tests.integration.test_dashboard_api" name="test_publish_blocks_critical_strategy_conflicts" time="1.943" /><testcase classname="tests.integration.test_dashboard_api" name="test_verified_strategy_workspace_tests_history_and_contract" time="3.128" /><testcase classname="tests.integration.test_dashboard_api" name="test_verified_version_diff_restore_and_saved_test_rerun" time="2.296" /><testcase classname="tests.integration.test_dashboard_api" name="test_alert_proof_is_sealed_versioned_and_outcome_is_user_defined" time="2.318" /><testcase classname="tests.integration.test_dashboard_api" name="test_verified_workspace_enforces_user_isolation" time="2.847" /><testcase classname="tests.integration.test_dashboard_api" name="test_forensic_investigation_uses_historical_monitor_state" time="2.195" /><testcase classname="tests.integration.test_dashboard_web" name="test_signup_creates_user_session_and_dashboard_access" time="1.817" /><testcase classname="tests.integration.test_dashboard_web" name="test_signup_verification_sends_admin_notification" time="1.726" /><testcase classname="tests.integration.test_dashboard_web" name="test_repeated_signup_submit_does_not_send_second_code" time="1.631" /><testcase classname="tests.integration.test_dashboard_web" name="test_signup_does_not_require_disclaimer_acceptance" time="1.613" /><testcase classname="tests.integration.test_dashboard_web" name="test_hilal_watchlist_and_compliance_pages_use_only_persisted_user_records" time="1.995" /><testcase classname="tests.integration.test_dashboard_web" name="test_signin_success_and_failure" time="2.738" /><testcase classname="tests.integration.test_dashboard_web" name="test_signup_with_telegram_link_connects_dashboard_account" time="3.558" /><testcase classname="tests.integration.test_dashboard_web" name="test_signup_with_telegram_link_sends_connected_notification" time="2.095" /><testcase classname="tests.integration.test_dashboard_web" name="test_trial_claim_from_dashboard_blocks_duplicate_claim" time="1.895" /><testcase classname="tests.integration.test_dashboard_web" name="test_private_beta_billing_page_blocks_paid_checkout" time="2.177" /><testcase classname="tests.integration.test_dashboard_web" name="test_dashboard_settings_timezone_dropdown_persists" time="1.807" /><testcase classname="tests.integration.test_dashboard_web" name="test_signup_password_confirmation_and_complexity_are_enforced" time="1.428" /><testcase classname="tests.integration.test_dashboard_web" name="test_email_code_login_and_password_reset" time="3.379" /><testcase classname="tests.integration.test_dashboard_web" name="test_reset_password_unknown_email_shows_not_registered" time="1.693" /><testcase classname="tests.integration.test_dashboard_web" name="test_integrations_telegram_link_opens_new_tab_and_creates_pending_link" time="2.108" /><testcase classname="tests.integration.test_hilal_public_site" name="test_every_public_page_renders_unique_metadata_without_prototype_content" time="1.688" /><testcase classname="tests.integration.test_hilal_public_site" name="test_public_header_and_footer_follow_the_central_navigation" time="1.926" /><testcase classname="tests.integration.test_hilal_public_site" name="test_public_screening_uses_safe_empty_state_without_sample_claims" time="1.402" /><testcase classname="tests.integration.test_hilal_public_site" name="test_public_sitemap_and_robots_exclude_private_surfaces" time="1.131" /><testcase classname="tests.integration.test_hilal_public_site" name="test_pricing_and_billing_share_the_public_plan_catalog" time="2.006" /><testcase classname="tests.integration.test_hilal_public_site" name="test_dashboard_navigation_matches_the_customer_information_architecture" time="2.020" /><testcase classname="tests.integration.test_hilal_public_site" name="test_screened_opportunities_use_one_shared_component" time="0.003" /><testcase classname="tests.integration.test_investigation_api" name="test_why_no_alert_endpoint_returns_deterministic_reconstruction" time="1.744" /><testcase classname="tests.integration.test_investigation_api" name="test_why_no_alert_endpoint_rejects_unauthenticated_requests" time="1.651" /><testcase classname="tests.integration.test_landing_page" name="test_landing_page_contains_product_flow_without_performance_claims" time="1.310" /><testcase classname="tests.integration.test_landing_page" name="test_landing_page_does_not_lead_with_notification_channels" time="1.267" /><testcase classname="tests.integration.test_landing_page" name="test_landing_page_links_to_primary_start_paths" time="2.005" /><testcase classname="tests.integration.test_landing_page" name="test_dashboard_entry_uses_saved_session_or_signup" time="1.688" /><testcase classname="tests.integration.test_landing_page" name="test_dashboard_preview_pages_are_available" time="1.274" /><testcase classname="tests.integration.test_onboarding_flow" name="test_ad_to_activation_full_path" time="4.810" /><testcase classname="tests.integration.test_onboarding_flow" name="test_telegram_continuation_is_same_session_and_single_use" time="2.177" /><testcase classname="tests.integration.test_onboarding_flow" name="test_unsupported_interpretation_blocks_approval" time="4.948" /><testcase classname="tests.integration.test_onboarding_flow" name="test_access_token_cannot_cross_onboarding_sessions" time="2.083" /><testcase classname="tests.integration.test_platform_handoffs" name="test_platform_matrix_keeps_full_billing_dashboard_owned" time="0.006" /><testcase classname="tests.integration.test_platform_handoffs" name="test_signed_dashboard_link_logs_in_correct_user_and_is_single_use" time="1.497" /><testcase classname="tests.integration.test_platform_handoffs" name="test_signed_dashboard_link_expiry_fails_safely" time="1.719" /><testcase classname="tests.integration.test_platform_handoffs" name="test_notification_preferences_ignore_retired_channel_values" time="1.409" /><testcase classname="tests.integration.test_platform_handoffs" name="test_notification_preferences_mute_near_miss_without_ui_bypass" time="1.309" /><testcase classname="tests.integration.test_platform_handoffs" name="test_notification_preferences_enforce_user_wide_hourly_cap" time="1.318" /><testcase classname="tests.integration.test_platform_handoffs" name="test_notification_preferences_enforce_user_wide_daily_cap" time="1.420" /><testcase classname="tests.integration.test_platform_handoffs" name="test_notification_schedule_uses_selected_timezone" time="1.346" /><testcase classname="tests.integration.test_platform_handoffs" name="test_shared_monitor_operations_pause_resume_and_audit" time="1.240" /><testcase classname="tests.integration.test_public_chat_api" name="test_public_chat_requires_bootstrap_csrf_and_rejects_foreign_origin" time="1.460" /><testcase classname="tests.integration.test_public_chat_api" name="test_public_chat_feature_flag_and_separate_rate_limit" time="1.427" /><testcase classname="tests.integration.test_public_chat_api" name="test_public_chat_rate_limit_always_includes_remote_ip" time="1.403" /><testcase classname="tests.integration.test_public_chat_api" name="test_public_chat_answer_is_grounded_and_stores_only_redacted_audit" time="1.380" /><testcase classname="tests.integration.test_public_chat_api" name="test_public_support_ai_uses_bounded_multi_turn_history" time="1.411" /><testcase classname="tests.integration.test_public_chat_api" name="test_public_support_ai_rejects_hallucinated_source_ids" time="1.376" /><testcase classname="tests.integration.test_public_chat_api" name="test_public_support_ai_rejects_hallucinated_route_ids" time="1.320" /><testcase classname="tests.integration.test_public_chat_api" name="test_public_support_ai_uses_only_authenticated_server_owned_account_data" time="1.345" /><testcase classname="tests.integration.test_public_chat_api" name="test_public_support_ai_rejects_account_tool_for_anonymous_visitor" time="1.330" /><testcase classname="tests.integration.test_public_chat_api" name="test_public_chat_session_limit_preserves_idempotent_retry" time="1.499" /><testcase classname="tests.integration.test_public_chat_api" name="test_public_inquiry_is_sanitized_idempotent_and_queued_for_both_recipients" time="1.395" /><testcase classname="tests.integration.test_public_chat_api" name="test_public_inquiry_rating_and_token_bound_redaction" time="1.533" /><testcase classname="tests.integration.test_public_chat_api" name="test_public_inquiry_email_retry_and_abandoned_claim_recovery" time="1.459" /><testcase classname="tests.integration.test_public_health" name="test_public_health_returns_service_metadata" time="1.265" /><testcase classname="tests.integration.test_public_health" name="test_public_deep_health_checks_database_and_redis" time="1.403" /><testcase classname="tests.integration.test_scanner_pipeline" name="test_scan_schedule_is_idempotent_and_partial_job_persists_success" time="1.921" /><testcase classname="tests.integration.test_scanner_pipeline" name="test_telegram_delivery_is_not_sent_without_provider_message_id" time="1.447" /><testcase classname="tests.integration.test_scanner_pipeline" name="test_close_skipped_result_persists_lifecycle_and_near_miss_without_alert" time="1.483" /><testcase classname="tests.integration.test_scanner_pipeline" name="test_dry_run_experiment_schedules_variants_and_persists_evidence_only" time="1.603" /><testcase classname="tests.integration.test_setup_observability_api" name="test_observability_api_filter_investigation_and_user_isolation" time="2.803" /><testcase classname="tests.integration.test_setup_observability_api" name="test_successful_delivery_hides_why_no_alert_action" time="2.069" /><testcase classname="tests.integration.test_sharia_api" name="test_user_sharia_api_hides_non_executable_governance_records" time="2.651" /><testcase classname="tests.integration.test_sharia_api" name="test_screened_market_opportunity_filter_uses_persisted_user_lifecycle" time="3.055" /><testcase classname="tests.integration.test_sharia_api" name="test_saved_asset_removal_requires_review_of_active_watch_plans" time="3.793" /><testcase classname="tests.integration.test_sharia_migration" name="test_sharia_migration_identifiers_fit_postgresql_limit" time="0.007" /><testcase classname="tests.integration.test_sharia_migration" name="test_sc_governance_migration_reaches_head_and_seeds_no_assets" time="17.620"><failure message="AssertionError: INFO  [alembic.runtime.migration] Context impl SQLiteImpl.&#10;  INFO  [alembic.runtime.migration] Will assume non-transactional DDL.&#10;  INFO  [alembic.runtime.migration] Running upgrade  -&gt; 5aa448aa1447, initial core schema&#10;  INFO  [alembic.runtime.migration] Running upgrade 5aa448aa1447 -&gt; e4f4e4c84d0c, add telegram conversations and engine states&#10;  INFO  [alembic.runtime.migration] Running upgrade e4f4e4c84d0c -&gt; e4280749cde8, add discord billing entitlement foundations&#10;  INFO  [alembic.runtime.migration] Running upgrade e4280749cde8 -&gt; dedffe529345, add reliability incident admin foundations&#10;  INFO  [alembic.runtime.migration] Running upgrade dedffe529345 -&gt; f2a4c1d7e8b9, add setup direction and target progress&#10;  INFO  [alembic.runtime.migration] Running upgrade f2a4c1d7e8b9 -&gt; a7b8c9d0e1f2, add telegram update receipts&#10;  INFO  [alembic.runtime.migration] Running upgrade a7b8c9d0e1f2 -&gt; b3c4d5e6f7a8, add scan result direction&#10;  INFO  [alembic.runtime.migration] Running upgrade b3c4d5e6f7a8 -&gt; c4d5e6f7a8b9, add v2 scan claims and trial cycles&#10;  INFO  [alembic.runtime.migration] Running upgrade c4d5e6f7a8b9 -&gt; d5e6f7a8b9c0, allow system alerts and on demand scans&#10;  INFO  [alembic.runtime.migration] Running upgrade d5e6f7a8b9c0 -&gt; e6f7a8b9c0d1, add web dashboard sessions&#10;  INFO  [alembic.runtime.migration] Running upgrade e6f7a8b9c0d1 -&gt; 0a1b2c3d4e5f, add dashboard extension models&#10;  INFO  [alembic.runtime.migration] Running upgrade 0a1b2c3d4e5f -&gt; 1a2b3c4d5e6f, Add email password hashes.&#10;  INFO  [alembic.runtime.migration] Running upgrade 1a2b3c4d5e6f -&gt; 2b3c4d5e6f7a, add strategy monitoring cockpit&#10;  INFO  [alembic.runtime.migration] Running upgrade 2b3c4d5e6f7a -&gt; 3c4d5e6f7a8b, add condition runtime states&#10;  INFO  [alembic.runtime.migration] Running upgrade 3c4d5e6f7a8b -&gt; 4d5e6f7a8b9c, add email auth challenges&#10;  INFO  [alembic.runtime.migration] Running upgrade 4d5e6f7a8b9c -&gt; 6f7a8b9c0d1e, Add pending email signups.&#10;  INFO  [alembic.runtime.migration] Running upgrade 6f7a8b9c0d1e -&gt; 7a8b9c0d1e2f, add persistent ai setup chat&#10;  INFO  [alembic.runtime.migration] Running upgrade 7a8b9c0d1e2f -&gt; 8b9c0d1e2f3a, add setup chat message idempotency&#10;  INFO  [alembic.runtime.migration] Running upgrade 8b9c0d1e2f3a -&gt; 9c0d1e2f3a4b, add system brain coverage console&#10;  INFO  [alembic.runtime.migration] Running upgrade 9c0d1e2f3a4b -&gt; ad1e2f3a4b5c, add certified capability extension pipeline&#10;  INFO  [alembic.runtime.migration] Running upgrade ad1e2f3a4b5c -&gt; be2f3a4b5c6d, add capability resolution stage metrics&#10;  INFO  [alembic.runtime.migration] Running upgrade be2f3a4b5c6d -&gt; cf3a4b5c6d7e, add pending mechanic strategy revision&#10;  INFO  [alembic.runtime.migration] Running upgrade cf3a4b5c6d7e -&gt; d0e1f2a3b4c5, add setup observability read models&#10;  INFO  [alembic.runtime.migration] Running upgrade d0e1f2a3b4c5 -&gt; e1f2a3b4c5d6, add deterministic observability counterfactual evidence&#10;  INFO  [alembic.runtime.migration] Running upgrade e1f2a3b4c5d6 -&gt; f2a3b4c5d6e7, add verified strategy monitoring workflow&#10;  INFO  [alembic.runtime.migration] Running upgrade f2a3b4c5d6e7 -&gt; a3b4c5d6e7f8, expand strategy logical operator storage&#10;  INFO  [alembic.runtime.migration] Running upgrade a3b4c5d6e7f8 -&gt; b4c5d6e7f8a9, add bounded agent control traces&#10;  INFO  [alembic.runtime.migration] Running upgrade b4c5d6e7f8a9 -&gt; c5d6e7f8a9b0, add Sharia-first screening, governance, and universe evidence&#10;  INFO  [alembic.runtime.migration] Running upgrade c5d6e7f8a9b0 -&gt; d6e7f8a9b0c1, add SC Malaysia governance workflow&#10;  INFO  [alembic.runtime.migration] Running upgrade d6e7f8a9b0c1 -&gt; e7f8a9b0c1d2, add passport governance checkout and payment email records&#10;  INFO  [alembic.runtime.migration] Running upgrade e7f8a9b0c1d2 -&gt; f8a9b0c1d2e3, enforce methodology review contract&#10;  INFO  [alembic.runtime.migration] Running upgrade f8a9b0c1d2e3 -&gt; 09bac1d2e3f4, add WhatsApp Cloud API channel state&#10;  INFO  [alembic.runtime.migration] Running upgrade 09bac1d2e3f4 -&gt; 1acbd2e3f405, add public product chat inquiry records&#10;  INFO  [alembic.runtime.migration] Running upgrade 1acbd2e3f405 -&gt; 2bdce3f40516, add grounded public chat conversation state and AI audit fields&#10;  Traceback (most recent call last):&#10;    File &quot;&lt;frozen runpy&gt;&quot;, line 198, in _run_module_as_main&#10;    File &quot;&lt;frozen runpy&gt;&quot;, line 88, in _run_code&#10;    File &quot;C:\Users\amroe\Downloads\NovaAIS_Systems\Trading\Trading_assistant\.venv\Lib\site-packages\alembic\__main__.py&quot;, line 4, in &lt;module&gt;&#10;      main(prog=&quot;alembic&quot;)&#10;    File &quot;C:\Users\amroe\Downloads\NovaAIS_Systems\Trading\Trading_assistant\.venv\Lib\site-packages\alembic\config.py&quot;, line 1047, in main&#10;      CommandLine(prog=prog).main(argv=argv)&#10;    File &quot;C:\Users\amroe\Downloads\NovaAIS_Systems\Trading\Trading_assistant\.venv\Lib\site-packages\alembic\config.py&quot;, line 1037, in main&#10;      self.run_cmd(cfg, options)&#10;    File &quot;C:\Users\amroe\Downloads\NovaAIS_Systems\Trading\Trading_assistant\.venv\Lib\site-packages\alembic\config.py&quot;, line 971, in run_cmd&#10;      fn(&#10;    File &quot;C:\Users\amroe\Downloads\NovaAIS_Systems\Trading\Trading_assistant\.venv\Lib\site-packages\alembic\command.py&quot;, line 483, in upgrade&#10;      script.run_env()&#10;    File &quot;C:\Users\amroe\Downloads\NovaAIS_Systems\Trading\Trading_assistant\.venv\Lib\site-packages\alembic\script\base.py&quot;, line 545, in run_env&#10;      util.load_python_file(self.dir, &quot;env.py&quot;)&#10;    File &quot;C:\Users\amroe\Downloads\NovaAIS_Systems\Trading\Trading_assistant\.venv\Lib\site-packages\alembic\util\pyfiles.py&quot;, line 116, in load_python_file&#10;      module = load_module_py(module_id, path)&#10;               ^^^^^^^^^^^^^^^^^^^^^^^^^^^^^^^&#10;    File &quot;C:\Users\amroe\Downloads\NovaAIS_Systems\Trading\Trading_assistant\.venv\Lib\site-packages\alembic\util\pyfiles.py&quot;, line 136, in load_module_py&#10;      spec.loader.exec_module(module)  # type: ignore&#10;      ^^^^^^^^^^^^^^^^^^^^^^^^^^^^^^^&#10;    File &quot;&lt;frozen importlib._bootstrap_external&gt;&quot;, line 994, in exec_module&#10;    File &quot;&lt;frozen importlib._bootstrap&gt;&quot;, line 488, in _call_with_frames_removed&#10;    File &quot;C:\Users\amroe\Downloads\NovaAIS_Systems\Trading\Trading_assistant\alembic\env.py&quot;, line 61, in &lt;module&gt;&#10;      run_migrations_online()&#10;    File &quot;C:\Users\amroe\Downloads\NovaAIS_Systems\Trading\Trading_assistant\alembic\env.py&quot;, line 55, in run_migrations_online&#10;      asyncio.run(run_async_migrations())&#10;    File &quot;C:\Users\amroe\AppData\Local\Programs\Python\Python312\Lib\asyncio\runners.py&quot;, line 194, in run&#10;      return runner.run(main)&#10;             ^^^^^^^^^^^^^^^^&#10;    File &quot;C:\Users\amroe\AppData\Local\Programs\Python\Python312\Lib\asyncio\runners.py&quot;, line 118, in run&#10;      return self._loop.run_until_complete(task)&#10;             ^^^^^^^^^^^^^^^^^^^^^^^^^^^^^^^^^^^&#10;    File &quot;C:\Users\amroe\AppData\Local\Programs\Python\Python312\Lib\asyncio\base_events.py&quot;, line 664, in run_until_complete&#10;      return future.result()&#10;             ^^^^^^^^^^^^^^^&#10;    File &quot;C:\Users\amroe\Downloads\NovaAIS_Systems\Trading\Trading_assistant\alembic\env.py&quot;, line 50, in run_async_migrations&#10;      await connection.run_sync(do_run_migrations)&#10;    File &quot;C:\Users\amroe\Downloads\NovaAIS_Systems\Trading\Trading_assistant\.venv\Lib\site-packages\sqlalchemy\ext\asyncio\engine.py&quot;, line 888, in run_sync&#10;      return await greenlet_spawn(&#10;             ^^^^^^^^^^^^^^^^^^^^^&#10;    File &quot;C:\Users\amroe\Downloads\NovaAIS_Systems\Trading\Trading_assistant\.venv\Lib\site-packages\sqlalchemy\util\_concurrency_py3k.py&quot;, line 203, in greenlet_spawn&#10;      result = context.switch(value)&#10;               ^^^^^^^^^^^^^^^^^^^^^&#10;    File &quot;C:\Users\amroe\Downloads\NovaAIS_Systems\Trading\Trading_assistant\alembic\env.py&quot;, line 39, in do_run_migrations&#10;      context.run_migrations()&#10;    File &quot;&lt;string&gt;&quot;, line 8, in run_migrations&#10;    File &quot;C:\Users\amroe\Downloads\NovaAIS_Systems\Trading\Trading_assistant\.venv\Lib\site-packages\alembic\runtime\environment.py&quot;, line 969, in run_migrations&#10;      self.get_context().run_migrations(**kw)&#10;    File &quot;C:\Users\amroe\Downloads\NovaAIS_Systems\Trading\Trading_assistant\.venv\Lib\site-packages\alembic\runtime\migration.py&quot;, line 626, in run_migrations&#10;      step.migration_fn(**kw)&#10;    File &quot;C:\Users\amroe\Downloads\NovaAIS_Systems\Trading\Trading_assistant\alembic\versions\2bdce3f40516_add_grounded_public_chat_state.py&quot;, line 134, in upgrade&#10;      op.create_foreign_key(&#10;    File &quot;&lt;string&gt;&quot;, line 8, in create_foreign_key&#10;    File &quot;&lt;string&gt;&quot;, line 3, in create_foreign_key&#10;    File &quot;C:\Users\amroe\Downloads\NovaAIS_Systems\Trading\Trading_assistant\.venv\Lib\site-packages\alembic\operations\ops.py&quot;, line 691, in create_foreign_key&#10;      return operations.invoke(op)&#10;             ^^^^^^^^^^^^^^^^^^^^^&#10;    File &quot;C:\Users\amroe\Downloads\NovaAIS_Systems\Trading\Trading_assistant\.venv\Lib\site-packages\alembic\operations\base.py&quot;, line 452, in invoke&#10;      return fn(self, operation)&#10;             ^^^^^^^^^^^^^^^^^^^&#10;    File &quot;C:\Users\amroe\Downloads\NovaAIS_Systems\Trading\Trading_assistant\.venv\Lib\site-packages\alembic\operations\toimpl.py&quot;, line 221, in create_constraint&#10;      operations.impl.add_constraint(&#10;    File &quot;C:\Users\amroe\Downloads\NovaAIS_Systems\Trading\Trading_assistant\.venv\Lib\site-packages\alembic\ddl\sqlite.py&quot;, line 81, in add_constraint&#10;      raise NotImplementedError(&#10;  NotImplementedError: No support for ALTER of constraints in SQLite dialect. Please refer to the batch mode feature which allows for SQLite migrations using a copy-and-move strategy.&#10;  &#10;assert 1 == 0&#10; +  where 1 = CompletedProcess(args=['C:\\Users\\amroe\\Downloads\\NovaAIS_Systems\\Trading\\Trading_assistant\\.venv\\Scripts\\pyth... dialect. Please refer to the batch mode feature which allows for SQLite migrations using a copy-and-move strategy.\n').returncode">tmp_path = WindowsPath('C:/Users/amroe/AppData/Local/Temp/pytest-of-amroe/pytest-41/test_sc_governance_migration_r0')

    def test_sc_governance_migration_reaches_head_and_seeds_no_assets(tmp_path):
        repo_root = Path(__file__).resolve().parents[2]
        database_path = tmp_path / "sc-governance.sqlite3"
        env = os.environ.copy()
        env.update(
            {
                "APP_ENV": "test",
                "APP_SECRET_KEY": "test-secret-key-with-at-least-thirty-two-characters",
                "DATABASE_URL": f"sqlite+aiosqlite:///{database_path.as_posix()}",
                "ALLOW_MOCK_PROVIDERS": "true",
            }
        )
    
&gt;       _run_alembic(repo_root, env, "head")

tests\integration\test_sharia_migration.py:62: 
_ _ _ _ _ _ _ _ _ _ _ _ _ _ _ _ _ _ _ _ _ _ _ _ _ _ _ _ _ _ _ _ _ _ _ _ _ _ _ _

repo_root = WindowsPath('C:/Users/amroe/Downloads/NovaAIS_Systems/Trading/Trading_assistant')
env = {'ADMIN_IDS': '123456789', 'ALLOW_MOCK_PROVIDERS': 'true', 'ALLUSERSPROFILE': 'C:\\ProgramData', 'ANDROID_HOME': 'C:\\Android\\sdk', ...}
revision = 'head'

    def _run_alembic(repo_root: Path, env: dict[str, str], revision: str) -&gt; None:
        result = subprocess.run(
            [sys.executable, "-m", "alembic", "upgrade", revision],
            cwd=repo_root,
            env=env,
            capture_output=True,
            text=True,
            timeout=120,
            check=False,
        )
&gt;       assert result.returncode == 0, result.stdout + result.stderr
E       AssertionError: INFO  [alembic.runtime.migration] Context impl SQLiteImpl.
E         INFO  [alembic.runtime.migration] Will assume non-transactional DDL.
E         INFO  [alembic.runtime.migration] Running upgrade  -&gt; 5aa448aa1447, initial core schema
E         INFO  [alembic.runtime.migration] Running upgrade 5aa448aa1447 -&gt; e4f4e4c84d0c, add telegram conversations and engine states
E         INFO  [alembic.runtime.migration] Running upgrade e4f4e4c84d0c -&gt; e4280749cde8, add discord billing entitlement foundations
E         INFO  [alembic.runtime.migration] Running upgrade e4280749cde8 -&gt; dedffe529345, add reliability incident admin foundations
E         INFO  [alembic.runtime.migration] Running upgrade dedffe529345 -&gt; f2a4c1d7e8b9, add setup direction and target progress
E         INFO  [alembic.runtime.migration] Running upgrade f2a4c1d7e8b9 -&gt; a7b8c9d0e1f2, add telegram update receipts
E         INFO  [alembic.runtime.migration] Running upgrade a7b8c9d0e1f2 -&gt; b3c4d5e6f7a8, add scan result direction
E         INFO  [alembic.runtime.migration] Running upgrade b3c4d5e6f7a8 -&gt; c4d5e6f7a8b9, add v2 scan claims and trial cycles
E         INFO  [alembic.runtime.migration] Running upgrade c4d5e6f7a8b9 -&gt; d5e6f7a8b9c0, allow system alerts and on demand scans
E         INFO  [alembic.runtime.migration] Running upgrade d5e6f7a8b9c0 -&gt; e6f7a8b9c0d1, add web dashboard sessions
E         INFO  [alembic.runtime.migration] Running upgrade e6f7a8b9c0d1 -&gt; 0a1b2c3d4e5f, add dashboard extension models
E         INFO  [alembic.runtime.migration] Running upgrade 0a1b2c3d4e5f -&gt; 1a2b3c4d5e6f, Add email password hashes.
E         INFO  [alembic.runtime.migration] Running upgrade 1a2b3c4d5e6f -&gt; 2b3c4d5e6f7a, add strategy monitoring cockpit
E         INFO  [alembic.runtime.migration] Running upgrade 2b3c4d5e6f7a -&gt; 3c4d5e6f7a8b, add condition runtime states
E         INFO  [alembic.runtime.migration] Running upgrade 3c4d5e6f7a8b -&gt; 4d5e6f7a8b9c, add email auth challenges
E         INFO  [alembic.runtime.migration] Running upgrade 4d5e6f7a8b9c -&gt; 6f7a8b9c0d1e, Add pending email signups.
E         INFO  [alembic.runtime.migration] Running upgrade 6f7a8b9c0d1e -&gt; 7a8b9c0d1e2f, add persistent ai setup chat
E         INFO  [alembic.runtime.migration] Running upgrade 7a8b9c0d1e2f -&gt; 8b9c0d1e2f3a, add setup chat message idempotency
E         INFO  [alembic.runtime.migration] Running upgrade 8b9c0d1e2f3a -&gt; 9c0d1e2f3a4b, add system brain coverage console
E         INFO  [alembic.runtime.migration] Running upgrade 9c0d1e2f3a4b -&gt; ad1e2f3a4b5c, add certified capability extension pipeline
E         INFO  [alembic.runtime.migration] Running upgrade ad1e2f3a4b5c -&gt; be2f3a4b5c6d, add capability resolution stage metrics
E         INFO  [alembic.runtime.migration] Running upgrade be2f3a4b5c6d -&gt; cf3a4b5c6d7e, add pending mechanic strategy revision
E         INFO  [alembic.runtime.migration] Running upgrade cf3a4b5c6d7e -&gt; d0e1f2a3b4c5, add setup observability read models
E         INFO  [alembic.runtime.migration] Running upgrade d0e1f2a3b4c5 -&gt; e1f2a3b4c5d6, add deterministic observability counterfactual evidence
E         INFO  [alembic.runtime.migration] Running upgrade e1f2a3b4c5d6 -&gt; f2a3b4c5d6e7, add verified strategy monitoring workflow
E         INFO  [alembic.runtime.migration] Running upgrade f2a3b4c5d6e7 -&gt; a3b4c5d6e7f8, expand strategy logical operator storage
E         INFO  [alembic.runtime.migration] Running upgrade a3b4c5d6e7f8 -&gt; b4c5d6e7f8a9, add bounded agent control traces
E         INFO  [alembic.runtime.migration] Running upgrade b4c5d6e7f8a9 -&gt; c5d6e7f8a9b0, add Sharia-first screening, governance, and universe evidence
E         INFO  [alembic.runtime.migration] Running upgrade c5d6e7f8a9b0 -&gt; d6e7f8a9b0c1, add SC Malaysia governance workflow
E         INFO  [alembic.runtime.migration] Running upgrade d6e7f8a9b0c1 -&gt; e7f8a9b0c1d2, add passport governance checkout and payment email records
E         INFO  [alembic.runtime.migration] Running upgrade e7f8a9b0c1d2 -&gt; f8a9b0c1d2e3, enforce methodology review contract
E         INFO  [alembic.runtime.migration] Running upgrade f8a9b0c1d2e3 -&gt; 09bac1d2e3f4, add WhatsApp Cloud API channel state
E         INFO  [alembic.runtime.migration] Running upgrade 09bac1d2e3f4 -&gt; 1acbd2e3f405, add public product chat inquiry records
E         INFO  [alembic.runtime.migration] Running upgrade 1acbd2e3f405 -&gt; 2bdce3f40516, add grounded public chat conversation state and AI audit fields
E         Traceback (most recent call last):
E           File "&lt;frozen runpy&gt;", line 198, in _run_module_as_main
E           File "&lt;frozen runpy&gt;", line 88, in _run_code
E           File "C:\Users\amroe\Downloads\NovaAIS_Systems\Trading\Trading_assistant\.venv\Lib\site-packages\alembic\__main__.py", line 4, in &lt;module&gt;
E             main(prog="alembic")
E           File "C:\Users\amroe\Downloads\NovaAIS_Systems\Trading\Trading_assistant\.venv\Lib\site-packages\alembic\config.py", line 1047, in main
E             CommandLine(prog=prog).main(argv=argv)
E           File "C:\Users\amroe\Downloads\NovaAIS_Systems\Trading\Trading_assistant\.venv\Lib\site-packages\alembic\config.py", line 1037, in main
E             self.run_cmd(cfg, options)
E           File "C:\Users\amroe\Downloads\NovaAIS_Systems\Trading\Trading_assistant\.venv\Lib\site-packages\alembic\config.py", line 971, in run_cmd
E             fn(
E           File "C:\Users\amroe\Downloads\NovaAIS_Systems\Trading\Trading_assistant\.venv\Lib\site-packages\alembic\command.py", line 483, in upgrade
E             script.run_env()
E           File "C:\Users\amroe\Downloads\NovaAIS_Systems\Trading\Trading_assistant\.venv\Lib\site-packages\alembic\script\base.py", line 545, in run_env
E             util.load_python_file(self.dir, "env.py")
E           File "C:\Users\amroe\Downloads\NovaAIS_Systems\Trading\Trading_assistant\.venv\Lib\site-packages\alembic\util\pyfiles.py", line 116, in load_python_file
E             module = load_module_py(module_id, path)
E                      ^^^^^^^^^^^^^^^^^^^^^^^^^^^^^^^
E           File "C:\Users\amroe\Downloads\NovaAIS_Systems\Trading\Trading_assistant\.venv\Lib\site-packages\alembic\util\pyfiles.py", line 136, in load_module_py
E             spec.loader.exec_module(module)  # type: ignore
E             ^^^^^^^^^^^^^^^^^^^^^^^^^^^^^^^
E           File "&lt;frozen importlib._bootstrap_external&gt;", line 994, in exec_module
E           File "&lt;frozen importlib._bootstrap&gt;", line 488, in _call_with_frames_removed
E           File "C:\Users\amroe\Downloads\NovaAIS_Systems\Trading\Trading_assistant\alembic\env.py", line 61, in &lt;module&gt;
E             run_migrations_online()
E           File "C:\Users\amroe\Downloads\NovaAIS_Systems\Trading\Trading_assistant\alembic\env.py", line 55, in run_migrations_online
E             asyncio.run(run_async_migrations())
E           File "C:\Users\amroe\AppData\Local\Programs\Python\Python312\Lib\asyncio\runners.py", line 194, in run
E             return runner.run(main)
E                    ^^^^^^^^^^^^^^^^
E           File "C:\Users\amroe\AppData\Local\Programs\Python\Python312\Lib\asyncio\runners.py", line 118, in run
E             return self._loop.run_until_complete(task)
E                    ^^^^^^^^^^^^^^^^^^^^^^^^^^^^^^^^^^^
E           File "C:\Users\amroe\AppData\Local\Programs\Python\Python312\Lib\asyncio\base_events.py", line 664, in run_until_complete
E             return future.result()
E                    ^^^^^^^^^^^^^^^
E           File "C:\Users\amroe\Downloads\NovaAIS_Systems\Trading\Trading_assistant\alembic\env.py", line 50, in run_async_migrations
E             await connection.run_sync(do_run_migrations)
E           File "C:\Users\amroe\Downloads\NovaAIS_Systems\Trading\Trading_assistant\.venv\Lib\site-packages\sqlalchemy\ext\asyncio\engine.py", line 888, in run_sync
E             return await greenlet_spawn(
E                    ^^^^^^^^^^^^^^^^^^^^^
E           File "C:\Users\amroe\Downloads\NovaAIS_Systems\Trading\Trading_assistant\.venv\Lib\site-packages\sqlalchemy\util\_concurrency_py3k.py", line 203, in greenlet_spawn
E             result = context.switch(value)
E                      ^^^^^^^^^^^^^^^^^^^^^
E           File "C:\Users\amroe\Downloads\NovaAIS_Systems\Trading\Trading_assistant\alembic\env.py", line 39, in do_run_migrations
E             context.run_migrations()
E           File "&lt;string&gt;", line 8, in run_migrations
E           File "C:\Users\amroe\Downloads\NovaAIS_Systems\Trading\Trading_assistant\.venv\Lib\site-packages\alembic\runtime\environment.py", line 969, in run_migrations
E             self.get_context().run_migrations(**kw)
E           File "C:\Users\amroe\Downloads\NovaAIS_Systems\Trading\Trading_assistant\.venv\Lib\site-packages\alembic\runtime\migration.py", line 626, in run_migrations
E             step.migration_fn(**kw)
E           File "C:\Users\amroe\Downloads\NovaAIS_Systems\Trading\Trading_assistant\alembic\versions\2bdce3f40516_add_grounded_public_chat_state.py", line 134, in upgrade
E             op.create_foreign_key(
E           File "&lt;string&gt;", line 8, in create_foreign_key
E           File "&lt;string&gt;", line 3, in create_foreign_key
E           File "C:\Users\amroe\Downloads\NovaAIS_Systems\Trading\Trading_assistant\.venv\Lib\site-packages\alembic\operations\ops.py", line 691, in create_foreign_key
E             return operations.invoke(op)
E                    ^^^^^^^^^^^^^^^^^^^^^
E           File "C:\Users\amroe\Downloads\NovaAIS_Systems\Trading\Trading_assistant\.venv\Lib\site-packages\alembic\operations\base.py", line 452, in invoke
E             return fn(self, operation)
E                    ^^^^^^^^^^^^^^^^^^^
E           File "C:\Users\amroe\Downloads\NovaAIS_Systems\Trading\Trading_assistant\.venv\Lib\site-packages\alembic\operations\toimpl.py", line 221, in create_constraint
E             operations.impl.add_constraint(
E           File "C:\Users\amroe\Downloads\NovaAIS_Systems\Trading\Trading_assistant\.venv\Lib\site-packages\alembic\ddl\sqlite.py", line 81, in add_constraint
E             raise NotImplementedError(
E         NotImplementedError: No support for ALTER of constraints in SQLite dialect. Please refer to the batch mode feature which allows for SQLite migrations using a copy-and-move strategy.
E         
E       assert 1 == 0
E        +  where 1 = CompletedProcess(args=['C:\\Users\\amroe\\Downloads\\NovaAIS_Systems\\Trading\\Trading_assistant\\.venv\\Scripts\\pyth... dialect. Please refer to the batch mode feature which allows for SQLite migrations using a copy-and-move strategy.\n').returncode

tests\integration\test_sharia_migration.py:21: AssertionError</failure></testcase><testcase classname="tests.integration.test_sharia_migration" name="test_sharia_migration_pauses_existing_active_monitors" time="20.562"><failure message="AssertionError: INFO  [alembic.runtime.migration] Context impl SQLiteImpl.&#10;  INFO  [alembic.runtime.migration] Will assume non-transactional DDL.&#10;  INFO  [alembic.runtime.migration] Running upgrade b4c5d6e7f8a9 -&gt; c5d6e7f8a9b0, add Sharia-first screening, governance, and universe evidence&#10;  INFO  [alembic.runtime.migration] Running upgrade c5d6e7f8a9b0 -&gt; d6e7f8a9b0c1, add SC Malaysia governance workflow&#10;  INFO  [alembic.runtime.migration] Running upgrade d6e7f8a9b0c1 -&gt; e7f8a9b0c1d2, add passport governance checkout and payment email records&#10;  INFO  [alembic.runtime.migration] Running upgrade e7f8a9b0c1d2 -&gt; f8a9b0c1d2e3, enforce methodology review contract&#10;  INFO  [alembic.runtime.migration] Running upgrade f8a9b0c1d2e3 -&gt; 09bac1d2e3f4, add WhatsApp Cloud API channel state&#10;  INFO  [alembic.runtime.migration] Running upgrade 09bac1d2e3f4 -&gt; 1acbd2e3f405, add public product chat inquiry records&#10;  INFO  [alembic.runtime.migration] Running upgrade 1acbd2e3f405 -&gt; 2bdce3f40516, add grounded public chat conversation state and AI audit fields&#10;  Traceback (most recent call last):&#10;    File &quot;&lt;frozen runpy&gt;&quot;, line 198, in _run_module_as_main&#10;    File &quot;&lt;frozen runpy&gt;&quot;, line 88, in _run_code&#10;    File &quot;C:\Users\amroe\Downloads\NovaAIS_Systems\Trading\Trading_assistant\.venv\Lib\site-packages\alembic\__main__.py&quot;, line 4, in &lt;module&gt;&#10;      main(prog=&quot;alembic&quot;)&#10;    File &quot;C:\Users\amroe\Downloads\NovaAIS_Systems\Trading\Trading_assistant\.venv\Lib\site-packages\alembic\config.py&quot;, line 1047, in main&#10;      CommandLine(prog=prog).main(argv=argv)&#10;    File &quot;C:\Users\amroe\Downloads\NovaAIS_Systems\Trading\Trading_assistant\.venv\Lib\site-packages\alembic\config.py&quot;, line 1037, in main&#10;      self.run_cmd(cfg, options)&#10;    File &quot;C:\Users\amroe\Downloads\NovaAIS_Systems\Trading\Trading_assistant\.venv\Lib\site-packages\alembic\config.py&quot;, line 971, in run_cmd&#10;      fn(&#10;    File &quot;C:\Users\amroe\Downloads\NovaAIS_Systems\Trading\Trading_assistant\.venv\Lib\site-packages\alembic\command.py&quot;, line 483, in upgrade&#10;      script.run_env()&#10;    File &quot;C:\Users\amroe\Downloads\NovaAIS_Systems\Trading\Trading_assistant\.venv\Lib\site-packages\alembic\script\base.py&quot;, line 545, in run_env&#10;      util.load_python_file(self.dir, &quot;env.py&quot;)&#10;    File &quot;C:\Users\amroe\Downloads\NovaAIS_Systems\Trading\Trading_assistant\.venv\Lib\site-packages\alembic\util\pyfiles.py&quot;, line 116, in load_python_file&#10;      module = load_module_py(module_id, path)&#10;               ^^^^^^^^^^^^^^^^^^^^^^^^^^^^^^^&#10;    File &quot;C:\Users\amroe\Downloads\NovaAIS_Systems\Trading\Trading_assistant\.venv\Lib\site-packages\alembic\util\pyfiles.py&quot;, line 136, in load_module_py&#10;      spec.loader.exec_module(module)  # type: ignore&#10;      ^^^^^^^^^^^^^^^^^^^^^^^^^^^^^^^&#10;    File &quot;&lt;frozen importlib._bootstrap_external&gt;&quot;, line 994, in exec_module&#10;    File &quot;&lt;frozen importlib._bootstrap&gt;&quot;, line 488, in _call_with_frames_removed&#10;    File &quot;C:\Users\amroe\Downloads\NovaAIS_Systems\Trading\Trading_assistant\alembic\env.py&quot;, line 61, in &lt;module&gt;&#10;      run_migrations_online()&#10;    File &quot;C:\Users\amroe\Downloads\NovaAIS_Systems\Trading\Trading_assistant\alembic\env.py&quot;, line 55, in run_migrations_online&#10;      asyncio.run(run_async_migrations())&#10;    File &quot;C:\Users\amroe\AppData\Local\Programs\Python\Python312\Lib\asyncio\runners.py&quot;, line 194, in run&#10;      return runner.run(main)&#10;             ^^^^^^^^^^^^^^^^&#10;    File &quot;C:\Users\amroe\AppData\Local\Programs\Python\Python312\Lib\asyncio\runners.py&quot;, line 118, in run&#10;      return self._loop.run_until_complete(task)&#10;             ^^^^^^^^^^^^^^^^^^^^^^^^^^^^^^^^^^^&#10;    File &quot;C:\Users\amroe\AppData\Local\Programs\Python\Python312\Lib\asyncio\base_events.py&quot;, line 664, in run_until_complete&#10;      return future.result()&#10;             ^^^^^^^^^^^^^^^&#10;    File &quot;C:\Users\amroe\Downloads\NovaAIS_Systems\Trading\Trading_assistant\alembic\env.py&quot;, line 50, in run_async_migrations&#10;      await connection.run_sync(do_run_migrations)&#10;    File &quot;C:\Users\amroe\Downloads\NovaAIS_Systems\Trading\Trading_assistant\.venv\Lib\site-packages\sqlalchemy\ext\asyncio\engine.py&quot;, line 888, in run_sync&#10;      return await greenlet_spawn(&#10;             ^^^^^^^^^^^^^^^^^^^^^&#10;    File &quot;C:\Users\amroe\Downloads\NovaAIS_Systems\Trading\Trading_assistant\.venv\Lib\site-packages\sqlalchemy\util\_concurrency_py3k.py&quot;, line 203, in greenlet_spawn&#10;      result = context.switch(value)&#10;               ^^^^^^^^^^^^^^^^^^^^^&#10;    File &quot;C:\Users\amroe\Downloads\NovaAIS_Systems\Trading\Trading_assistant\alembic\env.py&quot;, line 39, in do_run_migrations&#10;      context.run_migrations()&#10;    File &quot;&lt;string&gt;&quot;, line 8, in run_migrations&#10;    File &quot;C:\Users\amroe\Downloads\NovaAIS_Systems\Trading\Trading_assistant\.venv\Lib\site-packages\alembic\runtime\environment.py&quot;, line 969, in run_migrations&#10;      self.get_context().run_migrations(**kw)&#10;    File &quot;C:\Users\amroe\Downloads\NovaAIS_Systems\Trading\Trading_assistant\.venv\Lib\site-packages\alembic\runtime\migration.py&quot;, line 626, in run_migrations&#10;      step.migration_fn(**kw)&#10;    File &quot;C:\Users\amroe\Downloads\NovaAIS_Systems\Trading\Trading_assistant\alembic\versions\2bdce3f40516_add_grounded_public_chat_state.py&quot;, line 134, in upgrade&#10;      op.create_foreign_key(&#10;    File &quot;&lt;string&gt;&quot;, line 8, in create_foreign_key&#10;    File &quot;&lt;string&gt;&quot;, line 3, in create_foreign_key&#10;    File &quot;C:\Users\amroe\Downloads\NovaAIS_Systems\Trading\Trading_assistant\.venv\Lib\site-packages\alembic\operations\ops.py&quot;, line 691, in create_foreign_key&#10;      return operations.invoke(op)&#10;             ^^^^^^^^^^^^^^^^^^^^^&#10;    File &quot;C:\Users\amroe\Downloads\NovaAIS_Systems\Trading\Trading_assistant\.venv\Lib\site-packages\alembic\operations\base.py&quot;, line 452, in invoke&#10;      return fn(self, operation)&#10;             ^^^^^^^^^^^^^^^^^^^&#10;    File &quot;C:\Users\amroe\Downloads\NovaAIS_Systems\Trading\Trading_assistant\.venv\Lib\site-packages\alembic\operations\toimpl.py&quot;, line 221, in create_constraint&#10;      operations.impl.add_constraint(&#10;    File &quot;C:\Users\amroe\Downloads\NovaAIS_Systems\Trading\Trading_assistant\.venv\Lib\site-packages\alembic\ddl\sqlite.py&quot;, line 81, in add_constraint&#10;      raise NotImplementedError(&#10;  NotImplementedError: No support for ALTER of constraints in SQLite dialect. Please refer to the batch mode feature which allows for SQLite migrations using a copy-and-move strategy.&#10;  &#10;assert 1 == 0&#10; +  where 1 = CompletedProcess(args=['C:\\Users\\amroe\\Downloads\\NovaAIS_Systems\\Trading\\Trading_assistant\\.venv\\Scripts\\pyth... dialect. Please refer to the batch mode feature which allows for SQLite migrations using a copy-and-move strategy.\n').returncode">tmp_path = WindowsPath('C:/Users/amroe/AppData/Local/Temp/pytest-of-amroe/pytest-41/test_sharia_migration_pauses_e0')

    def test_sharia_migration_pauses_existing_active_monitors(tmp_path):
        repo_root = Path(__file__).resolve().parents[2]
        database_path = tmp_path / "sharia-migration.sqlite3"
        env = os.environ.copy()
        env.update(
            {
                "APP_ENV": "test",
                "APP_SECRET_KEY": "test-secret-key-with-at-least-thirty-two-characters",
                "DATABASE_URL": f"sqlite+aiosqlite:///{database_path.as_posix()}",
                "ALLOW_MOCK_PROVIDERS": "true",
            }
        )
        _run_alembic(repo_root, env, "b4c5d6e7f8a9")
    
        user_id = uuid4().hex
        strategy_id = uuid4().hex
        now = datetime.now(UTC).isoformat()
        with sqlite3.connect(database_path) as connection:
            connection.execute(
                """
                INSERT INTO users (
                    status, role, display_name, locale, timezone, id, created_at, updated_at
                ) VALUES (?, ?, ?, ?, ?, ?, ?, ?)
                """,
                ("active", "user", "Migration user", "en", "UTC", user_id, now, now),
            )
            connection.execute(
                """
                INSERT INTO strategies (
                    user_id, name, status, activated_at, id, created_at, updated_at
                ) VALUES (?, ?, ?, ?, ?, ?, ?)
                """,
                (user_id, "Existing active monitor", "active", now, strategy_id, now, now),
            )
            connection.commit()
    
&gt;       _run_alembic(repo_root, env, "head")

tests\integration\test_sharia_migration.py:141: 
_ _ _ _ _ _ _ _ _ _ _ _ _ _ _ _ _ _ _ _ _ _ _ _ _ _ _ _ _ _ _ _ _ _ _ _ _ _ _ _

repo_root = WindowsPath('C:/Users/amroe/Downloads/NovaAIS_Systems/Trading/Trading_assistant')
env = {'ADMIN_IDS': '123456789', 'ALLOW_MOCK_PROVIDERS': 'true', 'ALLUSERSPROFILE': 'C:\\ProgramData', 'ANDROID_HOME': 'C:\\Android\\sdk', ...}
revision = 'head'

    def _run_alembic(repo_root: Path, env: dict[str, str], revision: str) -&gt; None:
        result = subprocess.run(
            [sys.executable, "-m", "alembic", "upgrade", revision],
            cwd=repo_root,
            env=env,
            capture_output=True,
            text=True,
            timeout=120,
            check=False,
        )
&gt;       assert result.returncode == 0, result.stdout + result.stderr
E       AssertionError: INFO  [alembic.runtime.migration] Context impl SQLiteImpl.
E         INFO  [alembic.runtime.migration] Will assume non-transactional DDL.
E         INFO  [alembic.runtime.migration] Running upgrade b4c5d6e7f8a9 -&gt; c5d6e7f8a9b0, add Sharia-first screening, governance, and universe evidence
E         INFO  [alembic.runtime.migration] Running upgrade c5d6e7f8a9b0 -&gt; d6e7f8a9b0c1, add SC Malaysia governance workflow
E         INFO  [alembic.runtime.migration] Running upgrade d6e7f8a9b0c1 -&gt; e7f8a9b0c1d2, add passport governance checkout and payment email records
E         INFO  [alembic.runtime.migration] Running upgrade e7f8a9b0c1d2 -&gt; f8a9b0c1d2e3, enforce methodology review contract
E         INFO  [alembic.runtime.migration] Running upgrade f8a9b0c1d2e3 -&gt; 09bac1d2e3f4, add WhatsApp Cloud API channel state
E         INFO  [alembic.runtime.migration] Running upgrade 09bac1d2e3f4 -&gt; 1acbd2e3f405, add public product chat inquiry records
E         INFO  [alembic.runtime.migration] Running upgrade 1acbd2e3f405 -&gt; 2bdce3f40516, add grounded public chat conversation state and AI audit fields
E         Traceback (most recent call last):
E           File "&lt;frozen runpy&gt;", line 198, in _run_module_as_main
E           File "&lt;frozen runpy&gt;", line 88, in _run_code
E           File "C:\Users\amroe\Downloads\NovaAIS_Systems\Trading\Trading_assistant\.venv\Lib\site-packages\alembic\__main__.py", line 4, in &lt;module&gt;
E             main(prog="alembic")
E           File "C:\Users\amroe\Downloads\NovaAIS_Systems\Trading\Trading_assistant\.venv\Lib\site-packages\alembic\config.py", line 1047, in main
E             CommandLine(prog=prog).main(argv=argv)
E           File "C:\Users\amroe\Downloads\NovaAIS_Systems\Trading\Trading_assistant\.venv\Lib\site-packages\alembic\config.py", line 1037, in main
E             self.run_cmd(cfg, options)
E           File "C:\Users\amroe\Downloads\NovaAIS_Systems\Trading\Trading_assistant\.venv\Lib\site-packages\alembic\config.py", line 971, in run_cmd
E             fn(
E           File "C:\Users\amroe\Downloads\NovaAIS_Systems\Trading\Trading_assistant\.venv\Lib\site-packages\alembic\command.py", line 483, in upgrade
E             script.run_env()
E           File "C:\Users\amroe\Downloads\NovaAIS_Systems\Trading\Trading_assistant\.venv\Lib\site-packages\alembic\script\base.py", line 545, in run_env
E             util.load_python_file(self.dir, "env.py")
E           File "C:\Users\amroe\Downloads\NovaAIS_Systems\Trading\Trading_assistant\.venv\Lib\site-packages\alembic\util\pyfiles.py", line 116, in load_python_file
E             module = load_module_py(module_id, path)
E                      ^^^^^^^^^^^^^^^^^^^^^^^^^^^^^^^
E           File "C:\Users\amroe\Downloads\NovaAIS_Systems\Trading\Trading_assistant\.venv\Lib\site-packages\alembic\util\pyfiles.py", line 136, in load_module_py
E             spec.loader.exec_module(module)  # type: ignore
E             ^^^^^^^^^^^^^^^^^^^^^^^^^^^^^^^
E           File "&lt;frozen importlib._bootstrap_external&gt;", line 994, in exec_module
E           File "&lt;frozen importlib._bootstrap&gt;", line 488, in _call_with_frames_removed
E           File "C:\Users\amroe\Downloads\NovaAIS_Systems\Trading\Trading_assistant\alembic\env.py", line 61, in &lt;module&gt;
E             run_migrations_online()
E           File "C:\Users\amroe\Downloads\NovaAIS_Systems\Trading\Trading_assistant\alembic\env.py", line 55, in run_migrations_online
E             asyncio.run(run_async_migrations())
E           File "C:\Users\amroe\AppData\Local\Programs\Python\Python312\Lib\asyncio\runners.py", line 194, in run
E             return runner.run(main)
E                    ^^^^^^^^^^^^^^^^
E           File "C:\Users\amroe\AppData\Local\Programs\Python\Python312\Lib\asyncio\runners.py", line 118, in run
E             return self._loop.run_until_complete(task)
E                    ^^^^^^^^^^^^^^^^^^^^^^^^^^^^^^^^^^^
E           File "C:\Users\amroe\AppData\Local\Programs\Python\Python312\Lib\asyncio\base_events.py", line 664, in run_until_complete
E             return future.result()
E                    ^^^^^^^^^^^^^^^
E           File "C:\Users\amroe\Downloads\NovaAIS_Systems\Trading\Trading_assistant\alembic\env.py", line 50, in run_async_migrations
E             await connection.run_sync(do_run_migrations)
E           File "C:\Users\amroe\Downloads\NovaAIS_Systems\Trading\Trading_assistant\.venv\Lib\site-packages\sqlalchemy\ext\asyncio\engine.py", line 888, in run_sync
E             return await greenlet_spawn(
E                    ^^^^^^^^^^^^^^^^^^^^^
E           File "C:\Users\amroe\Downloads\NovaAIS_Systems\Trading\Trading_assistant\.venv\Lib\site-packages\sqlalchemy\util\_concurrency_py3k.py", line 203, in greenlet_spawn
E             result = context.switch(value)
E                      ^^^^^^^^^^^^^^^^^^^^^
E           File "C:\Users\amroe\Downloads\NovaAIS_Systems\Trading\Trading_assistant\alembic\env.py", line 39, in do_run_migrations
E             context.run_migrations()
E           File "&lt;string&gt;", line 8, in run_migrations
E           File "C:\Users\amroe\Downloads\NovaAIS_Systems\Trading\Trading_assistant\.venv\Lib\site-packages\alembic\runtime\environment.py", line 969, in run_migrations
E             self.get_context().run_migrations(**kw)
E           File "C:\Users\amroe\Downloads\NovaAIS_Systems\Trading\Trading_assistant\.venv\Lib\site-packages\alembic\runtime\migration.py", line 626, in run_migrations
E             step.migration_fn(**kw)
E           File "C:\Users\amroe\Downloads\NovaAIS_Systems\Trading\Trading_assistant\alembic\versions\2bdce3f40516_add_grounded_public_chat_state.py", line 134, in upgrade
E             op.create_foreign_key(
E           File "&lt;string&gt;", line 8, in create_foreign_key
E           File "&lt;string&gt;", line 3, in create_foreign_key
E           File "C:\Users\amroe\Downloads\NovaAIS_Systems\Trading\Trading_assistant\.venv\Lib\site-packages\alembic\operations\ops.py", line 691, in create_foreign_key
E             return operations.invoke(op)
E                    ^^^^^^^^^^^^^^^^^^^^^
E           File "C:\Users\amroe\Downloads\NovaAIS_Systems\Trading\Trading_assistant\.venv\Lib\site-packages\alembic\operations\base.py", line 452, in invoke
E             return fn(self, operation)
E                    ^^^^^^^^^^^^^^^^^^^
E           File "C:\Users\amroe\Downloads\NovaAIS_Systems\Trading\Trading_assistant\.venv\Lib\site-packages\alembic\operations\toimpl.py", line 221, in create_constraint
E             operations.impl.add_constraint(
E           File "C:\Users\amroe\Downloads\NovaAIS_Systems\Trading\Trading_assistant\.venv\Lib\site-packages\alembic\ddl\sqlite.py", line 81, in add_constraint
E             raise NotImplementedError(
E         NotImplementedError: No support for ALTER of constraints in SQLite dialect. Please refer to the batch mode feature which allows for SQLite migrations using a copy-and-move strategy.
E         
E       assert 1 == 0
E        +  where 1 = CompletedProcess(args=['C:\\Users\\amroe\\Downloads\\NovaAIS_Systems\\Trading\\Trading_assistant\\.venv\\Scripts\\pyth... dialect. Please refer to the batch mode feature which allows for SQLite migrations using a copy-and-move strategy.\n').returncode

tests\integration\test_sharia_migration.py:21: AssertionError</failure></testcase><testcase classname="tests.integration.test_system_brain_web" name="test_system_brain_requires_real_application_admin_role" time="2.069" /><testcase classname="tests.integration.test_system_brain_web" name="test_system_brain_renders_live_sharia_governance_workspace" time="3.028" /><testcase classname="tests.integration.test_system_brain_web" name="test_system_brain_all_sections_enforce_admin_role" time="2.250" /><testcase classname="tests.integration.test_system_brain_web" name="test_system_brain_can_require_cloudflare_access_before_admin" time="2.644" /><testcase classname="tests.integration.test_system_brain_web" name="test_review_action_enforces_admin_csrf_state_and_audit" time="2.218" /><testcase classname="tests.integration.test_telegram_service" name="test_telegram_start_records_attribution_and_persistent_menu" time="1.300" /><testcase classname="tests.integration.test_telegram_service" name="test_telegram_callback_idempotency_for_old_disclaimer_button" time="1.309" /><testcase classname="tests.integration.test_telegram_service" name="test_telegram_trial_button_hands_off_to_dashboard_signup" time="1.264" /><testcase classname="tests.integration.test_telegram_service" name="test_telegram_create_approve_and_activate_monitor" time="3.828" /><testcase classname="tests.integration.test_telegram_service" name="test_telegram_lifecycles_subscription_feedback_and_support" time="1.630" /><testcase classname="tests.integration.test_telegram_service" name="test_telegram_dashboard_actions_handoff_to_signup_when_unlinked" time="1.365" /><testcase classname="tests.integration.test_telegram_service" name="test_telegram_submenus_have_back_buttons_and_templates_create_drafts" time="4.353" /><testcase classname="tests.integration.test_telegram_service" name="test_telegram_quick_scan_template_uses_selected_provider" time="1.433" /><testcase classname="tests.integration.test_telegram_service" name="test_telegram_back_returns_main_menu" time="1.387" /><testcase classname="tests.integration.test_telegram_service" name="test_telegram_my_monitors_links_to_dashboard_management" time="1.582" /><testcase classname="tests.integration.test_telegram_service" name="test_telegram_settings_hands_off_to_dashboard" time="1.389" /><testcase classname="tests.integration.test_telegram_service" name="test_telegram_signup_buttons_use_real_dashboard_links" time="1.531" /><testcase classname="tests.integration.test_telegram_service" name="test_telegram_dashboard_start_link_requires_confirmation_and_connects" time="1.247" /><testcase classname="tests.integration.test_telegram_service" name="test_telegram_create_monitor_hands_off_to_dashboard" time="1.284" /><testcase classname="tests.integration.test_telegram_service" name="test_telegram_removed_create_flow_does_not_interpret_free_text" time="1.238" /><testcase classname="tests.integration.test_telegram_service" name="test_telegram_new_monitor_resets_stale_approval_state" time="5.612" /><testcase classname="tests.integration.test_telegram_service" name="test_telegram_approve_before_interpretation_points_to_dashboard" time="1.237" /><testcase classname="tests.integration.test_telegram_webhook" name="test_telegram_webhook_validates_secret_and_deduplicates_update" time="2.874" /><testcase classname="tests.integration.test_test_market_api" name="test_test_market_api_and_dashboard_are_gated_and_provider_backed" time="2.928" /><testcase classname="tests.integration.test_test_market_api" name="test_local_test_market_does_not_hide_selected_executable_methodology" time="2.727" /><testcase classname="tests.integration.test_test_market_api" name="test_active_methodology_without_publications_has_clear_readiness_state" time="2.152" /><testcase classname="tests.integration.test_test_market_api" name="test_watchlists_saved_assets_and_market_scanner_are_distinct_routes" time="2.118" /><testcase classname="tests.integration.test_whatsapp_integration" name="test_dashboard_link_requires_csrf_and_inbound_phone_ownership" time="3.803" /><testcase classname="tests.integration.test_whatsapp_integration" name="test_signed_webhook_verification_batching_and_idempotency" time="2.110" /><testcase classname="tests.integration.test_whatsapp_integration" name="test_link_expiry_cross_user_ownership_and_reconsent" time="1.332" /><testcase classname="tests.integration.test_whatsapp_integration" name="test_webhook_processor_completes_link_sends_confirmation_and_redacts_body" time="1.285" /><testcase classname="tests.integration.test_whatsapp_integration" name="test_delivery_uses_session_text_then_monotonic_status_updates" time="1.397" /><testcase classname="tests.integration.test_whatsapp_integration" name="test_outside_service_window_requires_configured_template" time="1.409" /><testcase classname="tests.integration.test_whatsapp_integration" name="test_outside_window_never_falls_back_to_free_form" time="1.431" /><testcase classname="tests.integration.test_whatsapp_integration" name="test_retryable_delivery_stops_at_configured_maximum" time="1.453" /><testcase classname="tests.integration.test_whatsapp_integration" name="test_opportunity_delivery_stays_off_without_flag_and_approved_template" time="1.432" /><testcase classname="tests.integration.test_whatsapp_integration" name="test_stop_cancels_queued_delivery_and_start_requires_dashboard_reconsent" time="1.400" /><testcase classname="tests.integration.test_whatsapp_integration" name="test_test_result_status_is_monotonic" time="1.341" /><testcase classname="tests.interpreter.test_prompt_interpreter_reliability" name="test_prompt_interpreter_reliability_contract[Find coins up 1% today.-False]" time="0.428" /><testcase classname="tests.interpreter.test_prompt_interpreter_reliability" name="test_prompt_interpreter_reliability_contract[Find coins up 2% today.-False]" time="0.315" /><testcase classname="tests.interpreter.test_prompt_interpreter_reliability" name="test_prompt_interpreter_reliability_contract[Find coins up 3% today.-False]" time="0.374" /><testcase classname="tests.interpreter.test_prompt_interpreter_reliability" name="test_prompt_interpreter_reliability_contract[Find coins up 4% today.-False]" time="0.346" /><testcase classname="tests.interpreter.test_prompt_interpreter_reliability" name="test_prompt_interpreter_reliability_contract[Find coins up 5% today.-False]" time="0.315" /><testcase classname="tests.interpreter.test_prompt_interpreter_reliability" name="test_prompt_interpreter_reliability_contract[Find coins up 6% today.-False]" time="0.307" /><testcase classname="tests.interpreter.test_prompt_interpreter_reliability" name="test_prompt_interpreter_reliability_contract[Find coins up 7% today.-False]" time="0.326" /><testcase classname="tests.interpreter.test_prompt_interpreter_reliability" name="test_prompt_interpreter_reliability_contract[Find coins up 8% today.-False]" time="0.311" /><testcase classname="tests.interpreter.test_prompt_interpreter_reliability" name="test_prompt_interpreter_reliability_contract[Find coins up 9% today.-False]" time="0.331" /><testcase classname="tests.interpreter.test_prompt_interpreter_reliability" name="test_prompt_interpreter_reliability_contract[Find coins up 10% today.-False]" time="0.395" /><testcase classname="tests.interpreter.test_prompt_interpreter_reliability" name="test_prompt_interpreter_reliability_contract[Find coins up 11% today.-False]" time="0.475" /><testcase classname="tests.interpreter.test_prompt_interpreter_reliability" name="test_prompt_interpreter_reliability_contract[Find coins up 12% today.-False]" time="0.418" /><testcase classname="tests.interpreter.test_prompt_interpreter_reliability" name="test_prompt_interpreter_reliability_contract[Find coins up 13% today.-False]" time="0.306" /><testcase classname="tests.interpreter.test_prompt_interpreter_reliability" name="test_prompt_interpreter_reliability_contract[Find coins up 14% today.-False]" time="0.372" /><testcase classname="tests.interpreter.test_prompt_interpreter_reliability" name="test_prompt_interpreter_reliability_contract[Find coins up 15% today.-False]" time="0.319" /><testcase classname="tests.interpreter.test_prompt_interpreter_reliability" name="test_prompt_interpreter_reliability_contract[Find coins up 16% today.-False]" time="0.336" /><testcase classname="tests.interpreter.test_prompt_interpreter_reliability" name="test_prompt_interpreter_reliability_contract[Find coins up 17% today.-False]" time="0.375" /><testcase classname="tests.interpreter.test_prompt_interpreter_reliability" name="test_prompt_interpreter_reliability_contract[Find coins up 18% today.-False]" time="0.305" /><testcase classname="tests.interpreter.test_prompt_interpreter_reliability" name="test_prompt_interpreter_reliability_contract[Find coins up 19% today.-False]" time="0.301" /><testcase classname="tests.interpreter.test_prompt_interpreter_reliability" name="test_prompt_interpreter_reliability_contract[Find coins up 20% today.-False]" time="0.305" /><testcase classname="tests.interpreter.test_prompt_interpreter_reliability" name="test_prompt_interpreter_reliability_contract[Show USDT spot pairs that dropped 1% in the last 24h.-False]" time="0.324" /><testcase classname="tests.interpreter.test_prompt_interpreter_reliability" name="test_prompt_interpreter_reliability_contract[Show USDT spot pairs that dropped 2% in the last 24h.-False]" time="0.734" /><testcase classname="tests.interpreter.test_prompt_interpreter_reliability" name="test_prompt_interpreter_reliability_contract[Show USDT spot pairs that dropped 3% in the last 24h.-False]" time="0.540" /><testcase classname="tests.interpreter.test_prompt_interpreter_reliability" name="test_prompt_interpreter_reliability_contract[Show USDT spot pairs that dropped 4% in the last 24h.-False]" time="0.511" /><testcase classname="tests.interpreter.test_prompt_interpreter_reliability" name="test_prompt_interpreter_reliability_contract[Show USDT spot pairs that dropped 5% in the last 24h.-False]" time="0.505" /><testcase classname="tests.interpreter.test_prompt_interpreter_reliability" name="test_prompt_interpreter_reliability_contract[Show USDT spot pairs that dropped 6% in the last 24h.-False]" time="0.481" /><testcase classname="tests.interpreter.test_prompt_interpreter_reliability" name="test_prompt_interpreter_reliability_contract[Show USDT spot pairs that dropped 7% in the last 24h.-False]" time="0.422" /><testcase classname="tests.interpreter.test_prompt_interpreter_reliability" name="test_prompt_interpreter_reliability_contract[Show USDT spot pairs that dropped 8% in the last 24h.-False]" time="0.498" /><testcase classname="tests.interpreter.test_prompt_interpreter_reliability" name="test_prompt_interpreter_reliability_contract[Show USDT spot pairs that dropped 9% in the last 24h.-False]" time="0.490" /><testcase classname="tests.interpreter.test_prompt_interpreter_reliability" name="test_prompt_interpreter_reliability_contract[Show USDT spot pairs that dropped 10% in the last 24h.-False]" time="0.519" /><testcase classname="tests.interpreter.test_prompt_interpreter_reliability" name="test_prompt_interpreter_reliability_contract[Show USDT spot pairs that dropped 11% in the last 24h.-False]" time="0.467" /><testcase classname="tests.interpreter.test_prompt_interpreter_reliability" name="test_prompt_interpreter_reliability_contract[Show USDT spot pairs that dropped 12% in the last 24h.-False]" time="0.468" /><testcase classname="tests.interpreter.test_prompt_interpreter_reliability" name="test_prompt_interpreter_reliability_contract[Show USDT spot pairs that dropped 13% in the last 24h.-False]" time="0.546" /><testcase classname="tests.interpreter.test_prompt_interpreter_reliability" name="test_prompt_interpreter_reliability_contract[Show USDT spot pairs that dropped 14% in the last 24h.-False]" time="0.570" /><testcase classname="tests.interpreter.test_prompt_interpreter_reliability" name="test_prompt_interpreter_reliability_contract[Show USDT spot pairs that dropped 15% in the last 24h.-False]" time="0.525" /><testcase classname="tests.interpreter.test_prompt_interpreter_reliability" name="test_prompt_interpreter_reliability_contract[Show USDT spot pairs that dropped 16% in the last 24h.-False]" time="0.465" /><testcase classname="tests.interpreter.test_prompt_interpreter_reliability" name="test_prompt_interpreter_reliability_contract[Show USDT spot pairs that dropped 17% in the last 24h.-False]" time="0.452" /><testcase classname="tests.interpreter.test_prompt_interpreter_reliability" name="test_prompt_interpreter_reliability_contract[Show USDT spot pairs that dropped 18% in the last 24h.-False]" time="0.492" /><testcase classname="tests.interpreter.test_prompt_interpreter_reliability" name="test_prompt_interpreter_reliability_contract[Show USDT spot pairs that dropped 19% in the last 24h.-False]" time="0.511" /><testcase classname="tests.interpreter.test_prompt_interpreter_reliability" name="test_prompt_interpreter_reliability_contract[Show USDT spot pairs that dropped 20% in the last 24h.-False]" time="0.470" /><testcase classname="tests.interpreter.test_prompt_interpreter_reliability" name="test_prompt_interpreter_reliability_contract[RSI below 20 on 15m.-False]" time="0.474" /><testcase classname="tests.interpreter.test_prompt_interpreter_reliability" name="test_prompt_interpreter_reliability_contract[RSI below 21 on 15m.-False]" time="0.386" /><testcase classname="tests.interpreter.test_prompt_interpreter_reliability" name="test_prompt_interpreter_reliability_contract[RSI below 22 on 15m.-False]" time="0.444" /><testcase classname="tests.interpreter.test_prompt_interpreter_reliability" name="test_prompt_interpreter_reliability_contract[RSI below 23 on 15m.-False]" time="0.446" /><testcase classname="tests.interpreter.test_prompt_interpreter_reliability" name="test_prompt_interpreter_reliability_contract[RSI below 24 on 15m.-False]" time="0.485" /><testcase classname="tests.interpreter.test_prompt_interpreter_reliability" name="test_prompt_interpreter_reliability_contract[RSI below 25 on 15m.-False]" time="0.465" /><testcase classname="tests.interpreter.test_prompt_interpreter_reliability" name="test_prompt_interpreter_reliability_contract[RSI below 26 on 15m.-False]" time="0.418" /><testcase classname="tests.interpreter.test_prompt_interpreter_reliability" name="test_prompt_interpreter_reliability_contract[RSI below 27 on 15m.-False]" time="0.465" /><testcase classname="tests.interpreter.test_prompt_interpreter_reliability" name="test_prompt_interpreter_reliability_contract[RSI below 28 on 15m.-False]" time="0.439" /><testcase classname="tests.interpreter.test_prompt_interpreter_reliability" name="test_prompt_interpreter_reliability_contract[RSI below 29 on 15m.-False]" time="0.438" /><testcase classname="tests.interpreter.test_prompt_interpreter_reliability" name="test_prompt_interpreter_reliability_contract[RSI below 30 on 15m.-False]" time="0.393" /><testcase classname="tests.interpreter.test_prompt_interpreter_reliability" name="test_prompt_interpreter_reliability_contract[RSI below 31 on 15m.-False]" time="0.428" /><testcase classname="tests.interpreter.test_prompt_interpreter_reliability" name="test_prompt_interpreter_reliability_contract[RSI below 32 on 15m.-False]" time="0.415" /><testcase classname="tests.interpreter.test_prompt_interpreter_reliability" name="test_prompt_interpreter_reliability_contract[RSI below 33 on 15m.-False]" time="0.513" /><testcase classname="tests.interpreter.test_prompt_interpreter_reliability" name="test_prompt_interpreter_reliability_contract[RSI below 34 on 15m.-False]" time="0.455" /><testcase classname="tests.interpreter.test_prompt_interpreter_reliability" name="test_prompt_interpreter_reliability_contract[RSI below 35 on 15m.-False]" time="0.438" /><testcase classname="tests.interpreter.test_prompt_interpreter_reliability" name="test_prompt_interpreter_reliability_contract[RSI below 36 on 15m.-False]" time="0.388" /><testcase classname="tests.interpreter.test_prompt_interpreter_reliability" name="test_prompt_interpreter_reliability_contract[RSI below 37 on 15m.-False]" time="0.410" /><testcase classname="tests.interpreter.test_prompt_interpreter_reliability" name="test_prompt_interpreter_reliability_contract[RSI below 38 on 15m.-False]" time="0.444" /><testcase classname="tests.interpreter.test_prompt_interpreter_reliability" name="test_prompt_interpreter_reliability_contract[RSI below 39 on 15m.-False]" time="0.427" /><testcase classname="tests.interpreter.test_prompt_interpreter_reliability" name="test_prompt_interpreter_reliability_contract[RSI above 50 on 1h.-False]" time="0.450" /><testcase classname="tests.interpreter.test_prompt_interpreter_reliability" name="test_prompt_interpreter_reliability_contract[RSI above 51 on 1h.-False]" time="0.447" /><testcase classname="tests.interpreter.test_prompt_interpreter_reliability" name="test_prompt_interpreter_reliability_contract[RSI above 52 on 1h.-False]" time="0.434" /><testcase classname="tests.interpreter.test_prompt_interpreter_reliability" name="test_prompt_interpreter_reliability_contract[RSI above 53 on 1h.-False]" time="0.394" /><testcase classname="tests.interpreter.test_prompt_interpreter_reliabilit
[...]
" /><testcase classname="tests.services.test_sharia_screening" name="test_missing_policy_is_rejected_when_screening_is_enforced" time="1.269" /><testcase classname="tests.services.test_sharia_screening" name="test_explicit_asset_mode_never_falls_back_to_full_provider_universe" time="1.306" /><testcase classname="tests.services.test_sharia_screening" name="test_whole_monitor_policy_stops_scan_after_included_asset_changes" time="2.416" /><testcase classname="tests.services.test_sharia_screening" name="test_methodology_comparison_keeps_conflicting_results_separate" time="1.434" /><testcase classname="tests.services.test_sharia_screening" name="test_methodology_versions_are_immutable_and_unique" time="1.261" /><testcase classname="tests.services.test_sharia_screening" name="test_active_methodology_contract_cannot_be_bypassed_in_service_or_database" time="1.218" /><testcase classname="tests.services.test_sharia_screening" name="test_approved_compliance_review_pauses_asset_and_deduplicates_alert" time="1.588" /><testcase classname="tests.services.test_sharia_screening" name="test_daily_compliance_digest_enqueues_external_summary_once" time="1.151" /><testcase classname="tests.services.test_sharia_screening" name="test_development_methodology_never_becomes_executable_default" time="1.296" /><testcase classname="tests.services.test_sharia_screening" name="test_inactive_and_expired_methodologies_fail_closed" time="1.438" /><testcase classname="tests.services.test_sharia_screening" name="test_approved_watchlist_is_intersected_and_owner_checked" time="1.457" /><testcase classname="tests.services.test_sharia_screening" name="test_pending_review_safety_hold_is_fail_closed_and_reversible" time="1.767" /><testcase classname="tests.services.test_sharia_screening" name="test_readiness_copy_keeps_peak_and_ended_separate" time="0.001" /><testcase classname="tests.services.test_sharia_screening" name="test_scanner_and_persistent_monitor_share_the_same_universe_resolver" time="0.001" /><testcase classname="tests.services.test_sharia_screening" name="test_alert_presentation_reads_nested_immutable_screening_evidence" time="0.003" /><testcase classname="tests.services.test_sharia_screening" name="test_remove_asset_policy_persists_removed_monitor_state" time="1.540" /><testcase classname="tests.services.test_test_market_quotes" name="test_test_market_marks_every_active_pair_and_preserves_quote_evidence" time="0.067" /><testcase classname="tests.services.test_test_market_quotes" name="test_test_market_cache_coalesces_requests_and_returns_stale_last_good_snapshot" time="0.065" /><testcase classname="tests.services.test_test_market_quotes" name="test_logo_catalog_path_rejects_unsafe_asset_names" time="0.002" /><testcase classname="tests.unit.test_agent_control" name="test_one_tool_call_then_grounded_response_is_traced" time="1.245" /><testcase classname="tests.unit.test_agent_control" name="test_multiple_sequential_tools_handle_messy_multi_intent_request" time="1.410" /><testcase classname="tests.unit.test_agent_control" name="test_market_snapshot_and_owned_monitor_status_run_sequentially" time="1.463" /><testcase classname="tests.unit.test_agent_control" name="test_unknown_and_forbidden_model_calls_never_execute[activate_monitor-forbidden_tool]" time="1.267" /><testcase classname="tests.unit.test_agent_control" name="test_unknown_and_forbidden_model_calls_never_execute[invented_market_oracle-unknown_tool]" time="1.292" /><testcase classname="tests.unit.test_agent_control" name="test_malformed_arguments_and_prompt_injection_are_contained" time="1.267" /><testcase classname="tests.unit.test_agent_control" name="test_successful_tool_call_cannot_be_repeated_in_same_turn" time="1.321" /><testcase classname="tests.unit.test_agent_control" name="test_ungrounded_success_market_and_approval_claims_fall_back[response0]" time="1.205" /><testcase classname="tests.unit.test_agent_control" name="test_ungrounded_success_market_and_approval_claims_fall_back[response1]" time="1.241" /><testcase classname="tests.unit.test_agent_control" name="test_ungrounded_success_market_and_approval_claims_fall_back[response2]" time="1.240" /><testcase classname="tests.unit.test_agent_control" name="test_ungrounded_success_market_and_approval_claims_fall_back[response3]" time="1.324" /><testcase classname="tests.unit.test_agent_control" name="test_ungrounded_success_market_and_approval_claims_fall_back[response4]" time="1.295" /><testcase classname="tests.unit.test_agent_control" name="test_openai_unavailability_falls_back_without_claiming_work" time="1.394" /><testcase classname="tests.unit.test_agent_control" name="test_unpriced_model_falls_back_before_openai_call" time="1.293" /><testcase classname="tests.unit.test_agent_control" name="test_openai_timeout_is_recorded_and_falls_back" time="1.408" /><testcase classname="tests.unit.test_agent_control" name="test_step_and_output_token_budgets_stop_safely" time="1.371" /><testcase classname="tests.unit.test_agent_control" name="test_per_tool_timeout_becomes_authoritative_unavailable_result" time="2.249" /><testcase classname="tests.unit.test_agent_control" name="test_unexpected_tool_exception_is_recorded_as_unavailable" time="1.426" /><testcase classname="tests.unit.test_agent_control" name="test_model_suggested_actions_require_authoritative_state" time="1.276" /><testcase classname="tests.unit.test_agent_control" name="test_cost_budget_stops_before_requested_tool_executes" time="1.293" /><testcase classname="tests.unit.test_agent_control" name="test_shadow_mode_records_plan_without_executing_tools" time="1.366" /><testcase classname="tests.unit.test_agent_control_corpus" name="test_agent_control_corpus_covers_required_request_families" time="0.002" /><testcase classname="tests.unit.test_agent_control_corpus" name="test_agent_control_corpus_expected_tools_are_policy_reachable_and_bounded" time="0.002" /><testcase classname="tests.unit.test_agent_policy" name="test_allowed_tools_are_built_from_authoritative_state" time="0.002" /><testcase classname="tests.unit.test_agent_policy" name="test_forbidden_tools_fail_closed[activate_monitor]" time="0.002" /><testcase classname="tests.unit.test_agent_policy" name="test_forbidden_tools_fail_closed[execute_python]" time="0.002" /><testcase classname="tests.unit.test_agent_policy" name="test_forbidden_tools_fail_closed[place_trade]" time="0.002" /><testcase classname="tests.unit.test_agent_policy" name="test_unknown_and_not_offered_tools_are_rejected" time="0.002" /><testcase classname="tests.unit.test_agent_policy" name="test_tool_arguments_reject_extras_and_type_coercion" time="0.002" /><testcase classname="tests.unit.test_agent_policy" name="test_monitor_ownership_is_derived_server_side" time="0.002" /><testcase classname="tests.unit.test_agent_policy" name="test_scan_requires_current_request_entitlement_and_hash" time="0.003" /><testcase classname="tests.unit.test_agent_policy" name="test_approved_chat_never_receives_draft_mutation_tools" time="0.002" /><testcase classname="tests.unit.test_agent_policy" name="test_custom_capability_requires_live_scope_consent_limit_and_exact_fragment" time="0.002" /><testcase classname="tests.unit.test_agent_policy" name="test_multilingual_setup_and_custom_build_consent_are_recognized" time="0.002" /><testcase classname="tests.unit.test_agent_policy" name="test_short_custom_consent_is_bound_to_exact_active_build_question" time="0.002" /><testcase classname="tests.unit.test_agent_tools" name="test_resolution_uses_only_user_authored_fragments_and_registry_keys" time="1.448" /><testcase classname="tests.unit.test_agent_tools" name="test_selection_rejects_invented_numeric_values_and_unknown_capabilities" time="1.275" /><testcase classname="tests.unit.test_agent_tools" name="test_selection_validates_registered_parameters_and_user_intent" time="1.215" /><testcase classname="tests.unit.test_agent_tools" name="test_selection_rejects_model_invented_direction_and_crossing" time="1.379" /><testcase classname="tests.unit.test_agent_tools" name="test_compile_receives_user_text_and_verified_bindings_only" time="1.197" /><testcase classname="tests.unit.test_agent_tools" name="test_market_snapshot_is_evidence_backed_or_explicitly_unavailable" time="1.203" /><testcase classname="tests.unit.test_agent_tools" name="test_custom_capability_tool_does_not_queue_provider_only_data" time="1.187" /><testcase classname="tests.unit.test_agent_tools" name="test_scanner_reuses_same_draft_result_without_second_execution" time="1.235" /><testcase classname="tests.unit.test_agent_tools" name="test_recent_scanner_result_preserves_authoritative_evidence_refs" time="1.188" /><testcase classname="tests.unit.test_agent_tools" name="test_openai_tool_schemas_are_strict_and_redaction_does_not_store_prompt_text" time="0.080" /><testcase classname="tests.unit.test_ai_model_routing" name="test_clear_single_condition_uses_configured_simple_tier" time="0.073" /><testcase classname="tests.unit.test_ai_model_routing" name="test_complex_logic_and_multiple_timeframes_use_configured_complex_tier" time="0.069" /><testcase classname="tests.unit.test_ai_model_routing" name="test_repeated_corrections_and_low_confidence_escalate_without_changing_authority" time="0.072" /><testcase classname="tests.unit.test_ai_model_routing" name="test_exact_selected_capability_is_not_downgraded_by_weak_alternates" time="0.082" /><testcase classname="tests.unit.test_ai_model_routing" name="test_multilingual_turn_uses_complex_tier_without_hard_coding_a_trade_rule" time="0.086" /><testcase classname="tests.unit.test_ai_setup_chat" name="test_vague_prompt_clarifies_then_compiles_and_persists" time="3.104" /><testcase classname="tests.unit.test_ai_setup_chat" name="test_questions_already_answered_in_prompt_are_not_repeated" time="4.204" /><testcase classname="tests.unit.test_ai_setup_chat" name="test_rephrased_question_is_not_asked_again_and_checkpoint_is_not_repeated" time="2.627" /><testcase classname="tests.unit.test_ai_setup_chat" name="test_active_clarification_key_prevents_repeated_question_loop" time="2.487" /><testcase classname="tests.unit.test_ai_setup_chat" name="test_explanation_request_keeps_technical_question_open_without_becoming_a_rule[True]" time="3.856" /><testcase classname="tests.unit.test_ai_setup_chat" name="test_explanation_request_keeps_technical_question_open_without_becoming_a_rule[False]" time="4.034" /><testcase classname="tests.unit.test_ai_setup_chat" name="test_capability_question_is_answered_without_becoming_setup_input" time="4.019" /><testcase classname="tests.unit.test_ai_setup_chat" name="test_question_about_ai_options_preserves_active_question_and_context" time="4.904" /><testcase classname="tests.unit.test_ai_setup_chat" name="test_internal_universe_option_value_never_becomes_a_capability" time="2.709" /><testcase classname="tests.unit.test_ai_setup_chat" name="test_numeric_option_stays_bound_to_the_question_instead_of_becoming_a_mechanic" time="2.851" /><testcase classname="tests.unit.test_ai_setup_chat" name="test_daily_sweep_side_answer_preserves_daily_reference_period" time="2.940" /><testcase classname="tests.unit.test_ai_setup_chat" name="test_misspelled_head_and_shoulders_flow_compiles_without_generic_questions" time="3.603" /><testcase classname="tests.unit.test_ai_setup_chat" name="test_turn_router_receives_deduplicated_conversation_history" time="4.735" /><testcase classname="tests.unit.test_ai_setup_chat" name="test_ordinary_single_word_does_not_become_an_unknown_mechanic[then]" time="3.374" /><testcase classname="tests.unit.test_ai_setup_chat" name="test_ordinary_single_word_does_not_become_an_unknown_mechanic[about]" time="3.499" /><testcase classname="tests.unit.test_ai_setup_chat" name="test_spelled_out_quantity_is_understood_in_technical_question_context" time="3.670" /><testcase classname="tests.unit.test_ai_setup_chat" name="test_scanner_mode_uses_shared_compiler_and_requires_a_trigger" time="2.510" /><testcase classname="tests.unit.test_ai_setup_chat" name="test_monitor_mode_prompts_for_trigger_instead_of_claiming_ready" time="1.257" /><testcase classname="tests.unit.test_ai_setup_chat" name="test_scanner_runs_the_shared_evaluator_without_creating_a_monitor" time="2.624" /><testcase classname="tests.unit.test_ai_setup_chat" name="test_out_of_topic_and_greeting_are_scoped_without_openai" time="1.329" /><testcase classname="tests.unit.test_ai_setup_chat" name="test_market_snapshot_uses_provider_values" time="1.256" /><testcase classname="tests.unit.test_ai_setup_chat" name="test_market_snapshot_does_not_fabricate_when_provider_is_unavailable" time="0.070" /><testcase classname="tests.unit.test_ai_setup_chat" name="test_client_message_id_is_idempotent_and_history_has_no_current_duplicate" time="2.675" /><testcase time="1.143" /><testcase classname="pytest" name="internal" time="0.000"><error message="internal error">Traceback (most recent call last):
  File "C:\Users\amroe\Downloads\NovaAIS_Systems\Trading\Trading_assistant\.venv\Lib\site-packages\_pytest\main.py", line 289, in wrap_session
    session.exitstatus = doit(config, session) or 0
                         ^^^^^^^^^^^^^^^^^^^^^
  File "C:\Users\amroe\Downloads\NovaAIS_Systems\Trading\Trading_assistant\.venv\Lib\site-packages\_pytest\main.py", line 343, in _main
    config.hook.pytest_runtestloop(session=session)
  File "C:\Users\amroe\Downloads\NovaAIS_Systems\Trading\Trading_assistant\.venv\Lib\site-packages\pluggy\_hooks.py", line 512, in __call__
    return self._hookexec(self.name, self._hookimpls.copy(), kwargs, firstresult)
           ^^^^^^^^^^^^^^^^^^^^^^^^^^^^^^^^^^^^^^^^^^^^^^^^^^^^^^^^^^^^^^^^^^^^^^
  File "C:\Users\amroe\Downloads\NovaAIS_Systems\Trading\Trading_assistant\.venv\Lib\site-packages\pluggy\_manager.py", line 120, in _hookexec
    return self._inner_hookexec(hook_name, methods, kwargs, firstresult)
           ^^^^^^^^^^^^^^^^^^^^^^^^^^^^^^^^^^^^^^^^^^^^^^^^^^^^^^^^^^^^^
  File "C:\Users\amroe\Downloads\NovaAIS_Systems\Trading\Trading_assistant\.venv\Lib\site-packages\pluggy\_callers.py", line 167, in _multicall
    raise exception
  File "C:\Users\amroe\Downloads\NovaAIS_Systems\Trading\Trading_assistant\.venv\Lib\site-packages\pluggy\_callers.py", line 139, in _multicall
    teardown.throw(exception)
  File "C:\Users\amroe\Downloads\NovaAIS_Systems\Trading\Trading_assistant\.venv\Lib\site-packages\_pytest\logging.py", line 801, in pytest_runtestloop
    return (yield)  # Run all the tests.
            ^^^^^
  File "C:\Users\amroe\Downloads\NovaAIS_Systems\Trading\Trading_assistant\.venv\Lib\site-packages\pluggy\_callers.py", line 139, in _multicall
    teardown.throw(exception)
  File "C:\Users\amroe\Downloads\NovaAIS_Systems\Trading\Trading_assistant\.venv\Lib\site-packages\_pytest\terminal.py", line 688, in pytest_runtestloop
    result = yield
             ^^^^^
  File "C:\Users\amroe\Downloads\NovaAIS_Systems\Trading\Trading_assistant\.venv\Lib\site-packages\pluggy\_callers.py", line 121, in _multicall
    res = hook_impl.function(*args)
          ^^^^^^^^^^^^^^^^^^^^^^^^^
  File "C:\Users\amroe\Downloads\NovaAIS_Systems\Trading\Trading_assistant\.venv\Lib\site-packages\_pytest\main.py", line 367, in pytest_runtestloop
    item.config.hook.pytest_runtest_protocol(item=item, nextitem=nextitem)
  File "C:\Users\amroe\Downloads\NovaAIS_Systems\Trading\Trading_assistant\.venv\Lib\site-packages\pluggy\_hooks.py", line 512, in __call__
    return self._hookexec(self.name, self._hookimpls.copy(), kwargs, firstresult)
           ^^^^^^^^^^^^^^^^^^^^^^^^^^^^^^^^^^^^^^^^^^^^^^^^^^^^^^^^^^^^^^^^^^^^^^
  File "C:\Users\amroe\Downloads\NovaAIS_Systems\Trading\Trading_assistant\.venv\Lib\site-packages\pluggy\_manager.py", line 120, in _hookexec
    return self._inner_hookexec(hook_name, methods, kwargs, firstresult)
           ^^^^^^^^^^^^^^^^^^^^^^^^^^^^^^^^^^^^^^^^^^^^^^^^^^^^^^^^^^^^^
  File "C:\Users\amroe\Downloads\NovaAIS_Systems\Trading\Trading_assistant\.venv\Lib\site-packages\pluggy\_callers.py", line 167, in _multicall
    raise exception
  File "C:\Users\amroe\Downloads\NovaAIS_Systems\Trading\Trading_assistant\.venv\Lib\site-packages\pluggy\_callers.py", line 139, in _multicall
    teardown.throw(exception)
  File "C:\Users\amroe\Downloads\NovaAIS_Systems\Trading\Trading_assistant\.venv\Lib\site-packages\_pytest\warnings.py", line 90, in pytest_runtest_protocol
    return (yield)
            ^^^^^
  File "C:\Users\amroe\Downloads\NovaAIS_Systems\Trading\Trading_assistant\.venv\Lib\site-packages\pluggy\_callers.py", line 139, in _multicall
    teardown.throw(exception)
  File "C:\Users\amroe\Downloads\NovaAIS_Systems\Trading\Trading_assistant\.venv\Lib\site-packages\_pytest\assertion\__init__.py", line 192, in pytest_runtest_protocol
    return (yield)
            ^^^^^
  File "C:\Users\amroe\Downloads\NovaAIS_Systems\Trading\Trading_assistant\.venv\Lib\site-packages\pluggy\_callers.py", line 139, in _multicall
    teardown.throw(exception)
  File "C:\Users\amroe\Downloads\NovaAIS_Systems\Trading\Trading_assistant\.venv\Lib\site-packages\_pytest\unittest.py", line 475, in pytest_runtest_protocol
    return (yield)
            ^^^^^
  File "C:\Users\amroe\Downloads\NovaAIS_Systems\Trading\Trading_assistant\.venv\Lib\site-packages\pluggy\_callers.py", line 139, in _multicall
    teardown.throw(exception)
  File "C:\Users\amroe\Downloads\NovaAIS_Systems\Trading\Trading_assistant\.venv\Lib\site-packages\_pytest\faulthandler.py", line 88, in pytest_runtest_protocol
    return (yield)
            ^^^^^
  File "C:\Users\amroe\Downloads\NovaAIS_Systems\Trading\Trading_assistant\.venv\Lib\site-packages\pluggy\_callers.py", line 121, in _multicall
    res = hook_impl.function(*args)
          ^^^^^^^^^^^^^^^^^^^^^^^^^
  File "C:\Users\amroe\Downloads\NovaAIS_Systems\Trading\Trading_assistant\.venv\Lib\site-packages\_pytest\runner.py", line 117, in pytest_runtest_protocol
    runtestprotocol(item, nextitem=nextitem)
  File "C:\Users\amroe\Downloads\NovaAIS_Systems\Trading\Trading_assistant\.venv\Lib\site-packages\_pytest\runner.py", line 136, in runtestprotocol
    reports.append(call_and_report(item, "call", log))
                   ^^^^^^^^^^^^^^^^^^^^^^^^^^^^^^^^^^
  File "C:\Users\amroe\Downloads\NovaAIS_Systems\Trading\Trading_assistant\.venv\Lib\site-packages\_pytest\runner.py", line 250, in call_and_report
    ihook.pytest_runtest_logreport(report=report)
  File "C:\Users\amroe\Downloads\NovaAIS_Systems\Trading\Trading_assistant\.venv\Lib\site-packages\pluggy\_hooks.py", line 512, in __call__
    return self._hookexec(self.name, self._hookimpls.copy(), kwargs, firstresult)
           ^^^^^^^^^^^^^^^^^^^^^^^^^^^^^^^^^^^^^^^^^^^^^^^^^^^^^^^^^^^^^^^^^^^^^^
  File "C:\Users\amroe\Downloads\NovaAIS_Systems\Trading\Trading_assistant\.venv\Lib\site-packages\pluggy\_manager.py", line 120, in _hookexec
    return self._inner_hookexec(hook_name, methods, kwargs, firstresult)
           ^^^^^^^^^^^^^^^^^^^^^^^^^^^^^^^^^^^^^^^^^^^^^^^^^^^^^^^^^^^^^
  File "C:\Users\amroe\Downloads\NovaAIS_Systems\Trading\Trading_assistant\.venv\Lib\site-packages\pluggy\_callers.py", line 167, in _multicall
    raise exception
  File "C:\Users\amroe\Downloads\NovaAIS_Systems\Trading\Trading_assistant\.venv\Lib\site-packages\pluggy\_callers.py", line 121, in _multicall
    res = hook_impl.function(*args)
          ^^^^^^^^^^^^^^^^^^^^^^^^^
  File "C:\Users\amroe\Downloads\NovaAIS_Systems\Trading\Trading_assistant\.venv\Lib\site-packages\_pytest\terminal.py", line 679, in pytest_runtest_logreport
    self.flush()
  File "C:\Users\amroe\Downloads\NovaAIS_Systems\Trading\Trading_assistant\.venv\Lib\site-packages\_pytest\terminal.py", line 512, in flush
    self._tw.flush()
  File "C:\Users\amroe\Downloads\NovaAIS_Systems\Trading\Trading_assistant\.venv\Lib\site-packages\_pytest\_io\terminalwriter.py", line 184, in flush
    self._file.flush()
OSError: [Errno 22] Invalid argument</error></testcase></testsuite></testsuites>