<?xml version="1.0" encoding="utf-8"?><testsuites name="pytest tests"><testsuite name="pytest" errors="0" failures="0" skipped="0" tests="1865" time="932.692" timestamp="2026-07-15T06:37:19.193707+03:00" hostname="WIN-FOVCL5KBJ2M"><testcase classname="tests.dashboard.test_builder_schema_preservation" name="test_strategy_builder_uses_dedicated_interpretation_endpoint" time="0.004" /><testcase classname="tests.dashboard.test_builder_schema_preservation" name="test_builder_preserves_advanced_condition_metadata_fields" time="0.003" /><testcase classname="tests.dashboard.test_builder_schema_preservation" name="test_builder_hides_raw_json_by_default_and_blocks_critical_activation" time="0.004" /><testcase classname="tests.engine.test_capability_registry_compatibility" name="test_capability_registry_templates_are_classified_for_availability" time="0.028" /><testcase classname="tests.engine.test_capability_registry_compatibility" name="test_provider_required_capabilities_are_not_marked_fully_available" time="0.027" /><testcase classname="tests.engine.test_capability_template_schema_evaluator_alignment" name="test_green_capability_templates_validate_against_strategy_schema" time="1.214" /><testcase classname="tests.engine.test_capability_template_schema_evaluator_alignment" name="test_green_capabilities_reach_non_error_evaluator_and_proof_state" time="1.508" /><testcase classname="tests.engine.test_trading_concept_e2e_matrix" name="test_every_current_concept_has_an_e2e_status" time="0.299" /><testcase classname="tests.engine.test_trading_concept_e2e_matrix" name="test_available_concepts_are_not_exposed_as_partial_or_planned" time="0.253" /><testcase classname="tests.engine.test_trading_concept_e2e_matrix" name="test_planned_concepts_are_hidden_from_normal_builder_add_paths" time="0.248" /><testcase classname="tests.engine.test_trading_concept_e2e_matrix" name="test_matrix_counts_match_status_rows" time="0.409" /><testcase classname="tests.integration.test_admin_status_api" name="test_status_and_admin_dashboard_require_roles_and_audit_actions" time="2.109" /><testcase classname="tests.integration.test_admin_status_api" name="test_admin_can_extend_trial_and_reprocess_non_failed_webhook" time="1.592" /><testcase classname="tests.integration.test_admin_status_api" name="test_production_admin_rejects_header_only_principal" time="1.290" /><testcase classname="tests.integration.test_ai_setup_chat_agent_control" name="test_feature_flag_disabled_preserves_legacy_chat_path" time="1.947" /><testcase classname="tests.integration.test_ai_setup_chat_agent_control" name="test_zero_percent_rollout_preserves_legacy_chat_path" time="1.762" /><testcase classname="tests.integration.test_ai_setup_chat_agent_control" name="test_agent_unavailable_falls_back_without_duplicate_user_message" time="1.848" /><testcase classname="tests.integration.test_ai_setup_chat_agent_control" name="test_agent_market_snapshot_renders_authoritative_tool_payload" time="1.643" /><testcase classname="tests.integration.test_ai_setup_chat_agent_control" name="test_provider_unavailability_is_explicit_and_contains_no_invented_values" time="2.028" /><testcase classname="tests.integration.test_ai_setup_chat_agent_control" name="test_shadow_mode_records_comparison_then_uses_legacy_flow" time="1.785" /><testcase classname="tests.integration.test_ai_setup_chat_agent_control" name="test_correction_recompiles_hash_and_next_call_receives_chat_history" time="1.860" /><testcase classname="tests.integration.test_ai_setup_chat_api" name="test_setup_chat_api_creates_resumes_compiles_and_approves" time="2.221" /><testcase classname="tests.integration.test_ai_setup_chat_api" name="test_setup_chat_scanner_mode_compiles_a_temporary_rule_set" time="1.788" /><testcase classname="tests.integration.test_ai_setup_chat_api" name="test_setup_chat_api_refuses_unrelated_and_serves_market_snapshot" time="3.224" /><testcase classname="tests.integration.test_ai_setup_chat_api" name="test_setup_chat_html_is_mobile_ready_and_does_not_expose_api_key" time="1.826" /><testcase classname="tests.integration.test_ai_setup_chat_api" name="test_legacy_quick_scan_page_redirects_to_chat_scanner" time="1.447" /><testcase classname="tests.integration.test_ai_setup_chat_api" name="test_unknown_fragment_can_enter_certified_mechanic_queue" time="2.031" /><testcase classname="tests.integration.test_dashboard_api" name="test_dashboard_api_uses_session_cookie_for_current_user" time="1.572" /><testcase classname="tests.integration.test_dashboard_api" name="test_dashboard_capabilities_endpoint_exposes_registry_and_templates" time="2.089" /><testcase classname="tests.integration.test_dashboard_api" name="test_dashboard_strategy_builder_interpretation_feedback_is_audited" time="1.724" /><testcase classname="tests.integration.test_dashboard_api" name="test_dashboard_analytics_coverage_uses_scan_jobs" time="1.700" /><testcase classname="tests.integration.test_dashboard_api" name="test_dashboard_strategy_template_is_persisted" time="1.598" /><testcase classname="tests.integration.test_dashboard_api" name="test_dashboard_chart_candles_use_provider_dependency" time="1.979" /><testcase classname="tests.integration.test_dashboard_api" name="test_dashboard_lifecycle_cards_chart_and_saved_annotations" time="1.972" /><testcase classname="tests.integration.test_dashboard_api" name="test_dashboard_scan_prompt_interpret_understands_breakout" time="2.918" /><testcase classname="tests.integration.test_dashboard_api" name="test_dashboard_settings_persist_alert_schedule_without_theme_field" time="1.293" /><testcase classname="tests.integration.test_dashboard_api" name="test_dashboard_disconnect_telegram_removes_backend_connection" time="1.928" /><testcase classname="tests.integration.test_dashboard_api" name="test_dashboard_theme_toggle_persists_without_full_settings_submit" time="1.600" /><testcase classname="tests.integration.test_dashboard_api" name="test_dashboard_publish_marks_monitor_active" time="2.006" /><testcase classname="tests.integration.test_dashboard_api" name="test_dashboard_publish_requires_notification_channel" time="1.948" /><testcase classname="tests.integration.test_dashboard_api" name="test_dashboard_export_downloads_json_and_csv" time="1.877" /><testcase classname="tests.integration.test_dashboard_api" name="test_setup_replay_and_near_miss_dashboard_sections_are_hidden" time="3.955" /><testcase classname="tests.integration.test_dashboard_api" name="test_dashboard_web_notifications_deliver_pending_web_alerts" time="1.553" /><testcase classname="tests.integration.test_dashboard_api" name="test_historical_replay_is_hidden_and_inaccessible" time="3.220" /><testcase classname="tests.integration.test_dashboard_api" name="test_dashboard_support_ticket_api_creates_thread_message" time="2.003" /><testcase classname="tests.integration.test_dashboard_api" name="test_referral_page_shows_paid_conversion_reward_balance" time="1.339" /><testcase classname="tests.integration.test_dashboard_api" name="test_advanced_dashboard_pages_render" time="2.200" /><testcase classname="tests.integration.test_dashboard_api" name="test_strategy_cockpit_validation_forecast_suggestion_and_preferences" time="2.094" /><testcase classname="tests.integration.test_dashboard_api" name="test_cockpit_feedback_inbox_proof_and_timeline" time="2.073" /><testcase classname="tests.integration.test_dashboard_api" name="test_cockpit_universe_preview_and_version_experiment" time="1.875" /><testcase classname="tests.integration.test_dashboard_api" name="test_cockpit_missed_move_analyzer_saves_deterministic_replay" time="2.143" /><testcase classname="tests.integration.test_dashboard_api" name="test_prompt_interpretation_applies_saved_strategy_preferences" time="3.365" /><testcase classname="tests.integration.test_dashboard_api" name="test_publish_blocks_critical_strategy_conflicts" time="1.622" /><testcase classname="tests.integration.test_dashboard_api" name="test_verified_strategy_workspace_tests_history_and_contract" time="2.231" /><testcase classname="tests.integration.test_dashboard_api" name="test_verified_version_diff_restore_and_saved_test_rerun" time="2.614" /><testcase classname="tests.integration.test_dashboard_api" name="test_alert_proof_is_sealed_versioned_and_outcome_is_user_defined" time="2.426" /><testcase classname="tests.integration.test_dashboard_api" name="test_verified_workspace_enforces_user_isolation" time="2.116" /><testcase classname="tests.integration.test_dashboard_api" name="test_forensic_investigation_uses_historical_monitor_state" time="1.770" /><testcase classname="tests.integration.test_dashboard_web" name="test_signup_creates_user_session_and_dashboard_access" time="1.897" /><testcase classname="tests.integration.test_dashboard_web" name="test_signup_verification_sends_admin_notification" time="1.293" /><testcase classname="tests.integration.test_dashboard_web" name="test_repeated_signup_submit_does_not_send_second_code" time="1.319" /><testcase classname="tests.integration.test_dashboard_web" name="test_signup_does_not_require_disclaimer_acceptance" time="1.380" /><testcase classname="tests.integration.test_dashboard_web" name="test_hilal_watchlist_and_compliance_pages_use_only_persisted_user_records" time="1.648" /><testcase classname="tests.integration.test_dashboard_web" name="test_signin_success_and_failure" time="1.892" /><testcase classname="tests.integration.test_dashboard_web" name="test_signup_with_telegram_link_connects_dashboard_account" time="2.368" /><testcase classname="tests.integration.test_dashboard_web" name="test_signup_with_telegram_link_sends_connected_notification" time="1.668" /><testcase classname="tests.integration.test_dashboard_web" name="test_trial_claim_from_dashboard_blocks_duplicate_claim" time="1.461" /><testcase classname="tests.integration.test_dashboard_web" name="test_payment_page_loads_and_static_checkout_redirects" time="1.855" /><testcase classname="tests.integration.test_dashboard_web" name="test_dashboard_settings_timezone_dropdown_persists" time="1.350" /><testcase classname="tests.integration.test_dashboard_web" name="test_signup_password_confirmation_and_complexity_are_enforced" time="0.971" /><testcase classname="tests.integration.test_dashboard_web" name="test_email_code_login_and_password_reset" time="2.316" /><testcase classname="tests.integration.test_dashboard_web" name="test_reset_password_unknown_email_shows_not_registered" time="0.998" /><testcase classname="tests.integration.test_dashboard_web" name="test_integrations_telegram_link_opens_new_tab_and_creates_pending_link" time="1.319" /><testcase classname="tests.integration.test_discord_interactions" name="test_discord_interaction_signature_verification" time="1.486" /><testcase classname="tests.integration.test_discord_service" name="test_discord_oauth_links_existing_user_and_prevents_duplicate_account" time="1.045" /><testcase classname="tests.integration.test_discord_service" name="test_discord_destination_requires_entitlement_and_permissions" time="0.928" /><testcase classname="tests.integration.test_discord_service" name="test_discord_alert_embed_delivery_reuses_setup_thread_and_suppresses_duplicates" time="0.969" /><testcase classname="tests.integration.test_discord_service" name="test_discord_role_sync_support_moderation_and_slash_commands" time="1.009" /><testcase classname="tests.integration.test_hilal_public_site" name="test_every_public_page_renders_unique_metadata_without_prototype_content" time="1.600" /><testcase classname="tests.integration.test_hilal_public_site" name="test_public_header_and_footer_follow_the_central_navigation" time="0.988" /><testcase classname="tests.integration.test_hilal_public_site" name="test_public_screening_uses_safe_empty_state_without_sample_claims" time="0.982" /><testcase classname="tests.integration.test_hilal_public_site" name="test_public_sitemap_and_robots_exclude_private_surfaces" time="0.868" /><testcase classname="tests.integration.test_hilal_public_site" name="test_pricing_and_billing_share_the_purchasable_plan_catalog" time="1.452" /><testcase classname="tests.integration.test_hilal_public_site" name="test_dashboard_navigation_matches_the_customer_information_architecture" time="1.488" /><testcase classname="tests.integration.test_hilal_public_site" name="test_screened_opportunities_use_one_shared_component" time="0.002" /><testcase classname="tests.integration.test_investigation_api" name="test_why_no_alert_endpoint_returns_deterministic_reconstruction" time="1.376" /><testcase classname="tests.integration.test_landing_page" name="test_landing_page_contains_product_flow_without_performance_claims" time="0.955" /><testcase classname="tests.integration.test_landing_page" name="test_landing_page_does_not_lead_with_notification_channels" time="1.104" /><testcase classname="tests.integration.test_landing_page" name="test_landing_page_links_to_primary_start_paths" time="1.445" /><testcase classname="tests.integration.test_landing_page" name="test_dashboard_entry_uses_saved_session_or_signup" time="1.295" /><testcase classname="tests.integration.test_landing_page" name="test_dashboard_preview_pages_are_available" time="0.968" /><testcase classname="tests.integration.test_onboarding_flow" name="test_ad_to_activation_full_path" time="3.722" /><testcase classname="tests.integration.test_onboarding_flow" name="test_telegram_continuation_is_same_session_and_single_use" time="1.328" /><testcase classname="tests.integration.test_onboarding_flow" name="test_unsupported_interpretation_blocks_approval" time="3.501" /><testcase classname="tests.integration.test_onboarding_flow" name="test_access_token_cannot_cross_onboarding_sessions" time="1.334" /><testcase classname="tests.integration.test_platform_handoffs" name="test_platform_matrix_keeps_full_billing_dashboard_owned" time="0.004" /><testcase classname="tests.integration.test_platform_handoffs" name="test_signed_dashboard_link_logs_in_correct_user_and_is_single_use" time="1.189" /><testcase classname="tests.integration.test_platform_handoffs" name="test_signed_dashboard_link_expiry_fails_safely" time="0.972" /><testcase classname="tests.integration.test_platform_handoffs" name="test_notification_preferences_filter_cross_channel_deliveries" time="0.908" /><testcase classname="tests.integration.test_platform_handoffs" name="test_notification_preferences_mute_near_miss_without_ui_bypass" time="0.979" /><testcase classname="tests.integration.test_platform_handoffs" name="test_notification_preferences_enforce_user_wide_hourly_cap" time="0.896" /><testcase classname="tests.integration.test_platform_handoffs" name="test_notification_preferences_enforce_user_wide_daily_cap" time="0.858" /><testcase classname="tests.integration.test_platform_handoffs" name="test_notification_schedule_uses_selected_timezone" time="0.889" /><testcase classname="tests.integration.test_platform_handoffs" name="test_shared_monitor_operations_pause_resume_and_audit" time="0.876" /><testcase classname="tests.integration.test_public_health" name="test_public_health_returns_service_metadata" time="0.876" /><testcase classname="tests.integration.test_public_health" name="test_public_deep_health_checks_database_and_redis" time="0.908" /><testcase classname="tests.integration.test_scanner_pipeline" name="test_scan_schedule_is_idempotent_and_partial_job_persists_success" time="1.145" /><testcase classname="tests.integration.test_scanner_pipeline" name="test_telegram_delivery_is_not_sent_without_provider_message_id" time="0.993" /><testcase classname="tests.integration.test_scanner_pipeline" name="test_close_skipped_result_persists_lifecycle_and_near_miss_without_alert" time="1.095" /><testcase classname="tests.integration.test_scanner_pipeline" name="test_dry_run_experiment_schedules_variants_and_persists_evidence_only" time="1.161" /><testcase classname="tests.integration.test_setup_observability_api" name="test_observability_api_filter_investigation_and_user_isolation" time="2.147" /><testcase classname="tests.integration.test_setup_observability_api" name="test_successful_delivery_hides_why_no_alert_action" time="1.618" /><testcase classname="tests.integration.test_sharia_api" name="test_user_sharia_api_hides_non_executable_governance_records" time="1.935" /><testcase classname="tests.integration.test_sharia_api" name="test_screened_market_opportunity_filter_uses_persisted_user_lifecycle" time="2.050" /><testcase classname="tests.integration.test_sharia_migration" name="test_sharia_migration_identifiers_fit_postgresql_limit" time="0.048" /><testcase classname="tests.integration.test_sharia_migration" name="test_sharia_migration_pauses_existing_active_monitors" time="12.098" /><testcase classname="tests.integration.test_system_brain_web" name="test_system_brain_web_requires_otp_and_renders_console" time="3.047" /><testcase classname="tests.integration.test_system_brain_web" name="test_system_brain_can_require_cloudflare_access_before_app_auth" time="1.684" /><testcase classname="tests.integration.test_system_brain_web" name="test_system_brain_excludes_named_accounts_and_reviews_alias" time="2.333" /><testcase classname="tests.integration.test_telegram_service" name="test_telegram_start_records_attribution_and_persistent_menu" time="0.955" /><testcase classname="tests.integration.test_telegram_service" name="test_telegram_callback_idempotency_for_old_disclaimer_button" time="0.947" /><testcase classname="tests.integration.test_telegram_service" name="test_telegram_trial_button_hands_off_to_dashboard_signup" time="0.954" /><testcase classname="tests.integration.test_telegram_service" name="test_telegram_create_approve_and_activate_monitor" time="3.000" /><testcase classname="tests.integration.test_telegram_service" name="test_telegram_lifecycles_subscription_feedback_and_support" time="1.455" /><testcase classname="tests.integration.test_telegram_service" name="test_telegram_dashboard_actions_handoff_to_signup_when_unlinked" time="0.930" /><testcase classname="tests.integration.test_telegram_service" name="test_telegram_submenus_have_back_buttons_and_templates_create_drafts" time="3.125" /><testcase classname="tests.integration.test_telegram_service" name="test_telegram_quick_scan_template_uses_selected_provider" time="0.962" /><testcase classname="tests.integration.test_telegram_service" name="test_telegram_back_returns_main_menu" time="0.931" /><testcase classname="tests.integration.test_telegram_service" name="test_telegram_my_monitors_links_to_dashboard_management" time="1.030" /><testcase classname="tests.integration.test_telegram_service" name="test_telegram_settings_hands_off_to_dashboard" time="0.897" /><testcase classname="tests.integration.test_telegram_service" name="test_telegram_signup_buttons_use_real_dashboard_links" time="0.974" /><testcase classname="tests.integration.test_telegram_service" name="test_telegram_dashboard_start_link_requires_confirmation_and_connects" time="0.928" /><testcase classname="tests.integration.test_telegram_service" name="test_telegram_create_monitor_hands_off_to_dashboard" time="0.946" /><testcase classname="tests.integration.test_telegram_service" name="test_telegram_removed_create_flow_does_not_interpret_free_text" time="0.974" /><testcase classname="tests.integration.test_telegram_service" name="test_telegram_new_monitor_resets_stale_approval_state" time="4.528" /><testcase classname="tests.integration.test_telegram_service" name="test_telegram_approve_before_interpretation_points_to_dashboard" time="0.933" /><testcase classname="tests.integration.test_telegram_webhook" name="test_telegram_webhook_validates_secret_and_deduplicates_update" time="1.585" /><testcase classname="tests.interpreter.test_prompt_interpreter_reliability" name="test_prompt_interpreter_reliability_contract[Find coins up 1% today.-False]" time="0.299" /><testcase classname="tests.interpreter.test_prompt_interpreter_reliability" name="test_prompt_interpreter_reliability_contract[Find coins up 2% today.-False]" time="0.336" /><testcase classname="tests.interpreter.test_prompt_interpreter_reliability" name="test_prompt_interpreter_reliability_contract[Find coins up 3% today.-False]" time="0.431" /><testcase classname="tests.interpreter.test_prompt_interpreter_reliability" name="test_prompt_interpreter_reliability_contract[Find coins up 4% today.-False]" time="0.374" /><testcase classname="tests.interpreter.test_prompt_interpreter_reliability" name="test_prompt_interpreter_reliability_contract[Find coins up 5% today.-False]" time="0.344" /><testcase classname="tests.interpreter.test_prompt_interpreter_reliability" name="test_prompt_interpreter_reliability_contract[Find coins up 6% today.-False]" time="0.333" /><testcase classname="tests.interpreter.test_prompt_interpreter_reliability" name="test_prompt_interpreter_reliability_contract[Find coins up 7% today.-False]" time="0.356" /><testcase classname="tests.interpreter.test_prompt_interpreter_reliability" name="test_prompt_interpreter_reliability_contract[Find coins up 8% today.-False]" time="0.333" /><testcase classname="tests.interpreter.test_prompt_interpreter_reliability" name="test_prompt_interpreter_reliability_contract[Find coins up 9% today.-False]" time="0.291" /><testcase classname="tests.interpreter.test_prompt_interpreter_reliability" name="test_prompt_interpreter_reliability_contract[Find coins up 10% today.-False]" time="0.269" /><testcase classname="tests.interpreter.test_prompt_interpreter_reliability" name="test_prompt_interpreter_reliability_contract[Find coins up 11% today.-False]" time="0.274" /><testcase classname="tests.interpreter.test_prompt_interpreter_reliability" name="test_prompt_interpreter_reliability_contract[Find coins up 12% today.-False]" time="0.299" /><testcase classname="tests.interpreter.test_prompt_interpreter_reliability" name="test_prompt_interpreter_reliability_contract[Find coins up 13% today.-False]" time="0.358" /><testcase classname="tests.interpreter.test_prompt_interpreter_reliability" name="test_prompt_interpreter_reliability_contract[Find coins up 14% today.-False]" time="0.319" /><testcase classname="tests.interpreter.test_prompt_interpreter_reliability" name="test_prompt_interpreter_reliability_contract[Find coins up 15% today.-False]" time="0.315" /><testcase classname="tests.interpreter.test_prompt_interpreter_reliability" name="test_prompt_interpreter_reliability_contract[Find coins up 16% today.-False]" time="0.299" /><testcase classname="tests.interpreter.test_prompt_interpreter_reliability" name="test_prompt_interpreter_reliability_contract[Find coins up 17% today.-False]" time="0.425" /><testcase classname="tests.interpreter.test_prompt_interpreter_reliability" name="test_prompt_interpreter_reliability_contract[Find coins up 18% today.-False]" time="0.277" /><testcase classname="tests.interpreter.test_prompt_interpreter_reliability" name="test_prompt_interpreter_reliability_contract[Find coins up 19% today.-False]" time="0.286" /><testcase classname="tests.interpreter.test_prompt_interpreter_reliability" name="test_prompt_interpreter_reliability_contract[Find coins up 20% today.-False]" time="0.282" /><testcase classname="tests.interpreter.test_prompt_interpreter_reliability" name="test_prompt_interpreter_reliability_contract[Show USDT spot pairs that dropped 1% in the last 24h.-False]" time="0.508" /><testcase classname="tests.interpreter.test_prompt_interpreter_reliability" name="test_prompt_interpreter_reliability_contract[Show USDT spot pairs that dropped 2% in the last 24h.-False]" time="0.345" /><testcase classname="tests.interpreter.test_prompt_interpreter_reliability" name="test_prompt_interpreter_reliability_contract[Show USDT spot pairs that dropped 3% in the last 24h.-False]" time="0.384" /><testcase classname="tests.interpreter.test_prompt_interpreter_reliability" name="test_prompt_interpreter_reliability_contract[Show USDT spot pairs that dropped 4% in the last 24h.-False]" time="0.324" /><testcase classname="tests.interpreter.test_prompt_interpreter_reliability" name="test_prompt_interpreter_reliability_contract[Show USDT spot pairs that dropped 5% in the last 24h.-False]" time="0.344" /><testcase classname="tests.interpreter.test_prompt_interpreter_reliability" name="test_prompt_interpreter_reliability_contract[Show USDT spot pairs that dropped 6% in the last 24h.-False]" time="0.342" /><testcase classname="tests.interpreter.test_prompt_interpreter_reliability" name="test_prompt_interpreter_reliability_contract[Show USDT spot pairs that dropped 7% in the last 24h.-False]" time="0.395" /><testcase classname="tests.interpreter.test_prompt_interpreter_reliability" name="test_prompt_interpreter_reliability_contract[Show USDT spot pairs that dropped 8% in the last 24h.-False]" time="0.373" /><testcase classname="tests.interpreter.test_prompt_interpreter_reliability" name="test_prompt_interpreter_reliability_contract[Show USDT spot pairs that dropped 9% in the last 24h.-False]" time="0.368" /><testcase classname="tests.interpreter.test_prompt_interpreter_reliability" name="test_prompt_interpreter_reliability_contract[Show USDT spot pairs that dropped 10% in the last 24h.-False]" time="0.323" /><testcase classname="tests.interpreter.test_prompt_interpreter_reliability" name="test_prompt_interpreter_reliability_contract[Show USDT spot pairs that dropped 11% in the last 24h.-False]" time="0.353" /><testcase classname="tests.interpreter.test_prompt_interpreter_reliability" name="test_prompt_interpreter_reliability_contract[Show USDT spot pairs that dropped 12% in the last 24h.-False]" time="0.299" /><testcase classname="tests.interpreter.test_prompt_interpreter_reliability" name="test_prompt_interpreter_reliability_contract[Show USDT spot pairs that dropped 13% in the last 24h.-False]" time="0.355" /><testcase classname="tests.interpreter.test_prompt_interpreter_reliability" name="test_prompt_interpreter_reliability_contract[Show USDT spot pairs that dropped 14% in the last 24h.-False]" time="0.344" /><testcase classname="tests.interpreter.test_prompt_interpreter_reliability" name="test_prompt_interpreter_reliability_contract[Show USDT spot pairs that dropped 15% in the last 24h.-False]" time="0.361" /><testcase classname="tests.interpreter.test_prompt_interpreter_reliability" name="test_prompt_interpreter_reliability_contract[Show USDT spot pairs that dropped 16% in the last 24h.-False]" time="0.564" /><testcase classname="tests.interpreter.test_prompt_interpreter_reliability" name="test_prompt_interpreter_reliability_contract[Show USDT spot pairs that dropped 17% in the last 24h.-False]" time="0.319" /><testcase classname="tests.interpreter.test_prompt_interpreter_reliability" name="test_prompt_interpreter_reliability_contract[Show USDT spot pairs that dropped 18% in the last 24h.-False]" time="0.341" /><testcase classname="tests.interpreter.test_prompt_interpreter_reliability" name="test_prompt_interpreter_reliability_contract[Show USDT spot pairs that dropped 19% in the last 24h.-False]" time="0.311" /><testcase classname="tests.interpreter.test_prompt_interpreter_reliability" name="test_prompt_interpreter_reliability_contract[Show USDT spot pairs that dropped 20% in the last 24h.-False]" time="0.414" /><testcase classname="tests.interpreter.test_prompt_interpreter_reliability" name="test_prompt_interpreter_reliability_contract[RSI below 20 on 15m.-False]" time="0.295" /><testcase classname="tests.interpreter.test_prompt_interpreter_reliability" name="test_prompt_interpreter_reliability_contract[RSI below 21 on 15m.-False]" time="0.297" /><testcase classname="tests.interpreter.test_prompt_interpreter_reliability" name="test_prompt_interpreter_reliability_contract[RSI below 22 on 15m.-False]" time="0.280" /><testcase classname="tests.interpreter.test_prompt_interpreter_reliability" name="test_prompt_interpreter_reliability_contract[RSI below 23 on 15m.-False]" time="0.338" /><testcase classname="tests.interpreter.test_prompt_interpreter_reliability" name="test_prompt_interpreter_reliability_contract[RSI below 24 on 15m.-False]" time="0.308" /><testcase classname="tests.interpreter.test_prompt_interpreter_reliability" name="test_prompt_interpreter_reliability_contract[RSI below 25 on 15m.-False]" time="0.293" /><testcase classname="tests.interpreter.test_prompt_interpreter_reliability" name="test_prompt_interpreter_reliability_contract[RSI below 26 on 15m.-False]" time="0.336" /><testcase classname="tests.interpreter.test_prompt_interpreter_reliability" name="test_prompt_interpreter_reliability_contract[RSI below 27 on 15m.-False]" time="0.311" /><testcase classname="tests.interpreter.test_prompt_interpreter_reliability" name="test_prompt_interpreter_reliability_contract[RSI below 28 on 15m.-False]" time="0.312" /><testcase classname="tests.interpreter.test_prompt_interpreter_reliability" name="test_prompt_interpreter_reliability_contract[RSI below 29 on 15m.-False]" time="0.308" /><testcase classname="tests.interpreter.test_prompt_interpreter_reliability" name="test_prompt_interpreter_reliability_contract[RSI below 30 on 15m.-False]" time="0.279" /><testcase classname="tests.interpreter.test_prompt_interpreter_reliability" name="test_prompt_interpreter_reliability_contract[RSI below 31 on 15m.-False]" time="0.342" /><testcase classname="tests.interpreter.test_prompt_interpreter_reliability" name="test_prompt_interpreter_reliability_contract[RSI below 32 on 15m.-False]" time="0.404" /><testcase classname="tests.interpreter.test_prompt_interpreter_reliability" name="test_prompt_interpreter_reliability_contract[RSI below 33 on 15m.-False]" time="0.281" /><testcase classname="tests.interpreter.test_prompt_interpreter_reliability" name="test_prompt_interpreter_reliability_contract[RSI below 34 on 15m.-False]" time="0.299" /><testcase classname="tests.interpreter.test_prompt_interpreter_reliability" name="test_prompt_interpreter_reliability_contract[RSI below 35 on 15m.-False]" time="0.383" /><testcase classname="tests.interpreter.test_prompt_interpreter_reliability" name="test_prompt_interpreter_reliability_contract[RSI below 36 on 15m.-False]" time="0.312" /><testcase classname="tests.interpreter.test_prompt_interpreter_reliability" name="test_prompt_interpreter_reliability_contract[RSI below 37 on 15m.-False]" time="0.291" /><testcase classname="tests.interpreter.test_prompt_interpreter_reliability" name="test_prompt_interpreter_reliability_contract[RSI below 38 on 15m.-False]" time="0.336" /><testcase classname="tests.interpreter.test_prompt_interpreter_reliability" name="test_prompt_interpreter_reliability_contract[RSI below 39 on 15m.-False]" time="0.311" /><testcase classname="tests.interpreter.test_prompt_interpreter_reliability" name="test_prompt_interpreter_reliability_contract[RSI above 50 on 1h.-False]" time="0.307" /><testcase classname="tests.interpreter.test_prompt_interpreter_reliability" name="test_prompt_interpreter_reliability_contract[RSI above 51 on 1h.-False]" time="0.312" /><testcase classname="tests.interpreter.test_prompt_interpreter_reliability" name="test_prompt_interpreter_reliability_contract[RSI above 52 on 1h.-False]" time="0.327" /><testcase classname="tests.interpreter.test_prompt_interpreter_reliability" name="test_prompt_interpreter_reliability_contract[RSI above 53 on 1h.-False]" time="0.360" /><testcase classname="tests.interpreter.test_prompt_interpreter_reliability" name="test_prompt_interpreter_reliability_contract[RSI above 54 on 1h.-False]" time="0.349" /><testcase classname="tests.interpreter.test_prompt_interpreter_reliability" name="test_prompt_interpreter_reliability_contract[RSI above 55 on 1h.-False]" time="0.298" /><testcase classname="tests.interpreter.test_prompt_interpreter_reliability" name="test_prompt_interpreter_reliability_contract[RSI above 56 on 1h.-False]" time="0.341" /><testcase classname="tests.interpreter.test_prompt_interpreter_reliability" name="test_prompt_interpreter_reliability_contract[RSI above 57 on 1h.-False]" time="0.290" /><testcase classname="tests.interpreter.test_prompt_interpreter_reliability" name="test_prompt_interpreter_reliability_contract[RSI above 58 on 1h.-False]" time="0.300" /><testcase classname="tests.interpreter.test_prompt_interpreter_reliability" name="test_prompt_interpreter_reliability_contract[RSI above 59 on 1h.-False]" time="0.493" /><testcase classname="tests.interpreter.test_prompt_interpreter_reliability" name="test_prompt_interpreter_reliability_contract[RSI above 60 on 1h.-False]" time="0.391" /><testcase classname="tests.interpreter.test_prompt_interpreter_reliability" name="test_prompt_interpreter_reliability_contract[RSI above 61 on 1h.-False]" time="0.344" /><testcase classname="tests.interpreter.test_prompt_interpreter_reliability" name="test_prompt_interpreter_reliability_contract[RSI above 62 on 1h.-False]" time="0.273" /><testcase classname="tests.interpreter.test_prompt_interpreter_reliability" name="test_prompt_interpreter_reliability_contract[RSI above 63 on 1h.-False]" time="0.310" /><testcase classname="tests.interpreter.test_prompt_interpreter_reliability" name="test_prompt_interpreter_reliability_contract[RSI above 64 on 1h.-False]" time="0.323" /><testcase classname="tests.interpreter.test_prompt_interpreter_reliability" name="test_prompt_interpreter_reliability_contract[RSI above 65 on 1h.-False]" time="0.294" /><testcase classname="tests.interpreter.test_prompt_interpreter_reliability" name="test_prompt_interpreter_reliability_contract[RSI above 66 on 1h.-False]" time="0.335" /><testcase classname="tests.interpreter.test_prompt_interpreter_reliability" name="test_prompt_interpreter_reliability_contract[RSI above 67 on 1h.-False]" time="0.298" /><testcase classname="tests.interpreter.test_prompt_interpreter_reliability" name="test_prompt_interpreter_reliability_contract[RSI above 68 on 1h.-False]" time="0.296" /><testcase classname="tests.interpreter.test_prompt_interpreter_reliability" name="test_prompt_interpreter_reliability_contract[RSI above 69 on 1h.-False]" time="0.321" /><testcase classname="tests.interpreter.test_prompt_interpreter_reliability" name="test_prompt_interpreter_reliability_contract[Price above 4h EMA 20.-False]" time="0.328" /><testcase classname="tests.interpreter.test_prompt_interpreter_reliability" name="test_prompt_interpreter_reliability_contract[Price above 4h EMA 40.-False]" time="0.343" /><testcase classname="tests.interpreter.test_prompt_interpreter_reliability" name="test_prompt_interpreter_reliability_contract[Price above 4h EMA 60.-False]" time="0.303" /><testcase classname="tests.interpreter.test_prompt_interpreter_reliability" name="test_prompt_interpreter_reliability_contract[Price above 4h EMA 80.-False]" time="0.296" /><testcase classname="tests.interpreter.test_prompt_interpreter_reliability" name="test_prompt_interpreter_reliability_contract[Price above 4h EMA 100.-False]" time="0.342" /><testcase classname="tests.interpreter.test_prompt_interpreter_reliability" name="test_prompt_interpreter_reliability_contract[Price above 4h EMA 120.-False]" time="0.321" /><testcase classname="tests.interpreter.test_prompt_interpreter_reliability" name="test_prompt_interpreter_reliability_contract[Price above 4h EMA 140.-False]" time="0.314" /><testcase classname="tests.interpreter.test_prompt_interpreter_reliability" name="test_prompt_interpreter_reliability_contract[Price above 4h EMA 160.-False]" time="0.417" /><testcase classname="tests.interpreter.test_prompt_interpreter_reliability" name="test_prompt_interpreter_reliability_contract[Price above 4h EMA 180.-False]" time="0.337" /><testcase classname="tests.interpreter.test_prompt_interpreter_reliability" name="test_prompt_interpreter_reliability_contract[Price above 4h EMA 200.-False]" time="0.290" /><testcase classname="tests.interpreter.test_prompt_interpreter_reliability" name="test_prompt_interpreter_reliability_contract[Price below 1h SMA 20.-False]" time="0.304" /><testcase classname="tests.interpreter.test_prompt_interpreter_reliability" name="test_prompt_interpreter_reliability_contract[Price below 1h SMA 40.-False]" time="0.306" /><testcase classname="tests.interpreter.test_prompt_interpreter_reliability" name="test_prompt_interpreter_reliability_contract[Price below 1h SMA 60.-False]" time="0.300" /><testcase classname="tests.interpreter.test_prompt_interpreter_reliability" name="test_prompt_interpreter_reliability_contract[Price below 1h SMA 80.-False]" time="0.365" /><testcase classname="tests.interpreter.test_prompt_interpreter_reliability" name="test_prompt_interpreter_reliability_contract[Price below 1h SMA 100.-False]" time="0.314" /><testcase classname="tests.interpreter.test_prompt_interpreter_reliability" name="test_prompt_interpreter_reliability_contract[Price below 1h SMA 120.-False]" time="0.321" /><testcase classname="tests.interpreter.test_prompt_interpreter_reliability" name="test_prompt_interpreter_reliability_contract[Price below 1h SMA 140.-False]" time="0.364" /><testcase classname="tests.interpreter.test_prompt_interpreter_reliability" name="test_prompt_interpreter_reliability_contract[Price below 1h SMA 160.-False]" time="0.299" /><testcase classname="tests.interpreter.test_prompt_interpreter_reliability" name="test_prompt_interpreter_reliability_contract[Price below 1h SMA 180.-False]" time="0.434" /><testcase classname="tests.interpreter.test_prompt_interpreter_reliability" name="test_prompt_interpreter_reliability_contract[Price below 1h SMA 200.-False]" time="0.308" /><testcase classname="tests.interpreter.test_prompt_interpreter_reliability" name="test_prompt_interpreter_reliability_contract[Find strong coins.-True]" time="0.300" /><testcase classname="tests.interpreter.test_prompt_interpreter_reliability" name="test_prompt_interpreter_reliability_contract[Find coins ready to pump.-True]" time="0.319" /><testcase classname="tests.interpreter.test_prompt_interpreter_reliability" name="test_prompt_interpreter_reliability_contract[Good setups near support.-True]" time="0.363" /><testcase classname="tests.interpreter.test_prompt_interpreter_reliability" name="test_prompt_interpreter_reliability_contract[High probability trades.-True]" time="0.332" /><testcase classname="tests.interpreter.test_prompt_interpreter_reliability" name="test_prompt_interpreter_reliability_contract[Only if BTC is above EMA 200 on 1h.-True]" time="0.538" /><testcase classname="tests.interpreter.test_prompt_interpreter_reliability" name="test_prompt_interpreter_reliability_contract[Find alts outperforming BTC.-True]" time="0.291" /><testcase classname="tests.interpreter.test_prompt_interpreter_reliability" name="test_prompt_interpreter_reliability_contract[ETH/BTC trending up.-True]" time="0.330" /><testcase classname="tests.interpreter.test_prompt_interpreter_reliability" name="test_prompt_interpreter_reliability_contract[Max stop 2%, minimum 2R.-True]" time="0.314" /><testcase classname="tests.interpreter.test_prompt_interpreter_reliability" name="test_optional_vs_required_scope_is_preserved" time="0.371" /><testcase classname="tests.interpreter.test_prompt_interpreter_reliability" name="test_cross_symbol_context_blocks_until_provider_context_exists" time="0.371" /><testcase classname="tests.interpreter.test_prompt_semantics_vocabulary" name="test_semantic_vocabulary_maps_candle_direction_words_safely" time="2.346" /><testcase classname="tests.interpreter.test_prompt_semantics_vocabulary" name="test_semantic_vocabulary_maps_percent_moves_without_entry_or_rr" time="1.282" /><testcase classname="tests.interpreter.test_prompt_semantics_vocabulary" name="test_semantic_vocabulary_handles_volume_negation_and_requiredness" time="1.552" /><testcase classname="tests.interpreter.test_prompt_semantics_vocabulary" name="test_semantic_vocabulary_blocks_false_positive_contexts" time="1.501" /><testcase classname="tests.interpreter.test_prompt_semantics_vocabulary" name="test_existing_candle_patterns_still_map" time="0.584" /><testcase classname="tests.interpreter.test_prompt_semantics_vocabulary" name="test_semantic_module_exposes_data_driven_matches" time="0.010" /><testcase classname="tests.interpreter.test_prompt_semantics_vocabulary" name="test_ai_semantic_fallback_validates_registry_and_caches_results" time="0.194" /><testcase classname="tests.interpreter.test_prompt_semantics_vocabulary" name="test_ai_semantic_fallback_rejects_unsafe_and_provider_candidates" time="0.271" /><testcase classname="tests.interpreter.test_prompt_semantics_vocabulary" name="test_ai_semantic_strategy_interpreter_uses_deterministic_parser_first" time="0.383" /><testcase classname="tests.interpreter.test_prompt_understanding_corpus" name="test_prompt_understanding_corpus_has_required_size_and_families" time="0.013" /><testcase classname="tests.interpreter.test_prompt_understanding_corpus" name="test_prompt_understanding_corpus_interprets_generated_cases[find coins with green candle on 1m]" time="0.532" /><testcase classname="tests.interpreter.test_prompt_understanding_corpus" name="test_prompt_understanding_corpus_interprets_generated_cases[previous green candle on 1m]" time="0.298" /><testcase classname="tests.interpreter.test_prompt_understanding_corpus" name="test_prompt_understanding_corpus_interprets_generated_cases[find coins with green candle on 5m]" time="0.415" /><testcase classname="tests.interpreter.test_prompt_understanding_corpus" name="test_prompt_understanding_corpus_interprets_generated_cases[previous green candle on 5m]" time="0.289" /><testcase classname="tests.interpreter.test_prompt_understanding_corpus" name="test_prompt_understanding_corpus_interprets_generated_cases[find coins with green candle on 15m]" time="0.448" /><testcase classname="tests.interpreter.test_prompt_understanding_corpus" name="test_prompt_understanding_corpus_interprets_generated_cases[previous green candle on 15m]" time="0.330" /><testcase classname="tests.interpreter.test_prompt_understanding_corpus" name="test_prompt_understanding_corpus_interprets_generated_cases[find coins with green candle on 1h]" time="0.434" /><testcase classname="tests.interpreter.test_prompt_understanding_corpus" name="test_prompt_understanding_corpus_interprets_generated_cases[previous green candle on 1h]" time="0.323" /><testcase classname="tests.interpreter.test_prompt_understanding_corpus" name="test_prompt_understanding_corpus_interprets_generated_cases[find coins with green candle on 4h]" time="0.468" /><testcase classname="tests.interpreter.test_prompt_understanding_corpus" name="test_prompt_understanding_corpus_interprets_generated_cases[previous green candle on 4h]" time="0.348" /><testcase classname="tests.interpreter.test_prompt_understanding_corpus" name="test_prompt_understanding_corpus_interprets_generated_cases[find coins with green candle on 1d]" time="0.459" /><testcase classname="tests.interpreter.test_prompt_understanding_corpus" name="test_prompt_understanding_corpus_interprets_generated_cases[previous green candle on 1d]" time="0.300" /><testcase classname="tests.interpreter.test_prompt_understanding_corpus" name="test_prompt_understanding_corpus_interprets_generated_cases[find coins with bullish candle on 1m]" time="0.418" /><testcase classname="tests.interpreter.test_prompt_understanding_corpus" name="test_prompt_understanding_corpus_interprets_generated_cases[previous bullish candle on 1m]" time="0.318" /><testcase classname="tests.interpreter.test_prompt_understanding_corpus" name="test_prompt_understanding_corpus_interprets_generated_cases[find coins with bullish candle on 5m]" time="0.549" /><testcase classname="tests.interpreter.test_prompt_understanding_corpus" name="test_prompt_understanding_corpus_interprets_generated_cases[previous bullish candle on 5m]" time="0.485" /><testcase classname="tests.interpreter.test_prompt_understanding_corpus" name="test_prompt_understanding_corpus_interprets_generated_cases[find coins with bullish candle on 15m]" time="0.415" /><testcase classname="tests.interpreter.test_prompt_understanding_corpus" name="test_prompt_understanding_corpus_interprets_generated_cases[previous bullish candle on 15m]" time="0.444" /><testcase classname="tests.interpreter.test_prompt_understanding_corpus" name="test_prompt_understanding_corpus_interprets_generated_cases[find coins with bullish candle on 1h]" time="0.523" /><testcase classname="tests.interpreter.test_prompt_understanding_corpus" name="test_prompt_understanding_corpus_interprets_generated_cases[previous bullish candle on 1h]" time="0.338" /><testcase classname="tests.interpreter.test_prompt_understanding_corpus" name="test_prompt_understanding_corpus_interprets_generated_cases[find coins with bullish candle on 4h]" time="0.443" /><testcase classname="tests.interpreter.test_prompt_understanding_corpus" name="test_prompt_understanding_corpus_interprets_generated_cases[previous bullish candle on 4h]" time="0.327" /><testcase classname="tests.interpreter.test_prompt_understanding_corpus" name="test_prompt_understanding_corpus_interprets_generated_cases[find coins with bullish candle on 1d]" time="0.432" /><testcase classname="tests.interpreter.test_prompt_understanding_corpus" name="test_prompt_understanding_corpus_interprets_generated_cases[previous bullish candle on 1d]" time="0.316" /><testcase classname="tests.interpreter.test_prompt_understanding_corpus" name="test_prompt_understanding_corpus_interprets_generated_cases[find coins with positive candle on 1m]" time="0.462" /><testcase classname="tests.interpreter.test_prompt_understanding_corpus" name="test_prompt_understanding_corpus_interprets_generated_cases[previous positive candle on 1m]" time="0.372" /><testcase classname="tests.interpreter.test_prompt_understanding_corpus" name="test_prompt_understanding_corpus_interprets_generated_cases[find coins with positive candle on 5m]" time="0.456" /><testcase classname="tests.interpreter.test_prompt_understanding_corpus" name="test_prompt_understanding_corpus_interprets_generated_cases[previous positive candle on 5m]" time="0.315" /><testcase classname="tests.interpreter.test_prompt_understanding_corpus" name="test_prompt_understanding_corpus_interprets_generated_cases[find coins with positive candle on 15m]" time="0.468" /><testcase classname="tests.interpreter.test_prompt_understanding_corpus" name="test_prompt_understanding_corpus_interprets_generated_cases[previous positive candle on 15m]" time="0.504" /><testcase classname="tests.interpreter.test_prompt_understanding_corpus" name="test_prompt_understanding_corpus_interprets_generated_cases[find coins with positive candle on 1h]" time="0.453" /><testcase classname="tests.interpreter.test_prompt_understanding_corpus" name="test_prompt_understanding_corpus_interprets_generated_cases[previous positive candle on 1h]" time="0.330" /><testcase classname="tests.interpreter.test_prompt_understanding_corpus" name="test_prompt_understanding_corpus_interprets_generated_cases[find coins with positive candle on 4h]" time="0.444" /><testcase classname="tests.interpreter.test_prompt_understanding_corpus" name="test_prompt_understanding_corpus_interprets_generated_cases[previous positive candle on 4h]" time="0.330" /><testcase classname="tests.interpreter.test_prompt_understanding_corpus" name="test_prompt_understanding_corpus_interprets_generated_cases[find coins with positive candle on 1d]" time="0.446" /><testcase classname="tests.interpreter.test_prompt_understanding_corpus" name="test_prompt_understanding_corpus_interprets_generated_cases[previous positive candle on 1d]" time="0.318" /><testcase classname="tests.interpreter.test_prompt_understanding_corpus" name="test_prompt_understanding_corpus_interprets_generated_cases[find coins with up candle on 1m]" time="0.461" /><testcase classname="tests.interpreter.test_prompt_understanding_corpus" name="test_prompt_understanding_corpus_interprets_generated_cases[previous up candle on 1m]" time="0.359" /><testcase classname="tests.interpreter.test_prompt_understanding_corpus" name="test_prompt_understanding_corpus_interprets_generated_cases[find coins with up candle on 5m]" time="0.471" /><testcase classname="tests.interpreter.test_prompt_understanding_corpus" name="test_prompt_understanding_corpus_interprets_generated_cases[previous up candle on 5m]" time="0.324" /><testcase classname="tests.interpreter.test_prompt_understanding_corpus" name="test_prompt_understanding_corpus_interprets_generated_cases[find coins with up candle on 15m]" time="0.454" /><testcase classname="tests.interpreter.test_prompt_understanding_corpus" name="test_prompt_understanding_corpus_interprets_generated_cases[previous up candle on 15m]" time="0.425" /><testcase classname="tests.interpreter.test_prompt_understanding_corpus" name="test_prompt_understanding_corpus_interprets_generated_cases[find coins with up candle on 1h]" time="0.645" /><testcase classname="tests.interpreter.test_prompt_understanding_corpus" name="test_prompt_understanding_corpus_interprets_generated_cases[previous up candle on 1h]" time="0.334" /><testcase classname="tests.interpreter.test_prompt_understanding_corpus" name="test_prompt_understanding_corpus_interprets_generated_cases[find coins with up candle on 4h]" time="0.462" /><testcase classname="tests.interpreter.test_prompt_understanding_corpus" name="test_prompt_understanding_corpus_interprets_generated_cases[previous up candle on 4h]" time="0.307" /><testcase classname="tests.interpreter.test_prompt_understanding_corpus" name="test_prompt_understanding_corpus_interprets_generated_cases[find coins with up candle on 1d]" time="0.426" /><testcase classname="tests.interpreter.test_prompt_understanding_corpus" name="test_prompt_understanding_corpus_interprets_generated_cases[previous up candle on 1d]" time="0.305" /><testcase classname="tests.interpreter.test_prompt_understanding_corpus" name="test_prompt_understanding_corpus_interprets_generated_cases[find coins with candle closed up on 1m]" time="0.465" /><testcase classname="tests.interpreter.test_prompt_understanding_corpus" name="test_prompt_understanding_corpus_interprets_generated_cases[previous candle closed up on 1m]" time="0.309" /><testcase classname="tests.interpreter.test_prompt_understanding_corpus" name="test_prompt_understanding_corpus_interprets_generated_cases[find coins with candle closed up on 5m]" time="0.475" /><testcase classname="tests.interpreter.test_prompt_understanding_corpus" name="test_prompt_understanding_corpus_interprets_generated_cases[previous candle closed up on 5m]" time="0.324" /><testcase classname="tests.interpreter.test_prompt_understanding_corpus" name="test_prompt_understanding_corpus_interprets_generated_cases[find coins with candle closed up on 15m]" time="0.457" /><testcase classname="tests.interpreter.test_prompt_understanding_corpus" name="test_prompt_understanding_corpus_interprets_generated_cases[previous candle closed up on 15m]" time="0.397" /><testcase classname="tests.interpreter.test_prompt_understanding_corpus" name="test_prompt_understanding_corpus_interprets_generated_cases[find coins with candle closed up on 1h]" time="0.439" /><testcase classname="tests.interpreter.test_prompt_understanding_corpus" name="test_prompt_understanding_corpus_interprets_generated_cases[previous candle closed up on 1h]" time="0.315" /><testcase classname="tests.interpreter.test_prompt_understanding_corpus" name="test_prompt_understanding_corpus_interprets_generated_cases[find coins with candle closed up on 4h]" time="0.518" /><testcase classname="tests.interpreter.test_prompt_understanding_corpus" name="test_prompt_understanding_corpus_interprets_generated_cases[previous candle closed up on 4h]" time="0.448" /><testcase classname="tests.interpreter.test_prompt_understanding_corpus" name="test_prompt_understanding_corpus_interprets_generated_cases[find coins with candle closed up on 1d]" time="0.459" /><testcase classname="tests.interpreter.test_prompt_understanding_corpus" name="test_prompt_understanding_corpus_interprets_generated_cases[previous candle closed up on 1d]" time="0.312" /><testcase classname="tests.interpreter.test_prompt_understanding_corpus" name="test_prompt_understanding_corpus_interprets_generated_cases[find coins with candle closed higher on 1m]" time="0.533" /><testcase classname="tests.interpreter.test_prompt_understanding_corpus" name="test_prompt_understanding_corpus_interprets_generated_cases[previous candle closed higher on 1m]" time="0.304" /><testcase classname="tests.interpreter.test_prompt_understanding_corpus" name="test_prompt_understanding_corpus_interprets_generated_cases[find coins with candle closed higher on 5m]" time="0.449" /><testcase classname="tests.interpreter.test_prompt_understanding_corpus" name="test_prompt_understanding_corpus_interprets_generated_cases[previous candle closed higher on 5m]" time="0.335" /><testcase classname="tests.interpreter.test_prompt_understanding_corpus" name="test_prompt_understanding_corpus_interprets_generated_cases[find coins with candle closed higher on 15m]" time="0.510" /><testcase classname="tests.interpreter.test_prompt_understanding_corpus" name="test_prompt_understanding_corpus_interprets_generated_cases[previous candle closed higher on 15m]" time="0.398" /><testcase classname="tests.interpreter.test_prompt_understanding_corpus" name="test_prompt_understanding_corpus_interprets_generated_cases[find coins with candle closed higher on 1h]" time="0.486" /><testcase classname="tests.interpreter.test_prompt_understanding_corpus" name="test_prompt_understanding_corpus_interprets_generated_cases[previous candle closed higher on 1h]" time="0.321" /><testcase classname="tests.interpreter.test_prompt_understanding_corpus" name="test_prompt_understanding_corpus_interprets_generated_cases[find coins with candle closed higher on 4h]" time="0.512" /><testcase classname="tests.interpreter.test_prompt_understanding_corpus" name="test_prompt_understanding_corpus_interprets_generated_cases[previous candle closed higher on 4h]" time="0.324" /><testcase classname="tests.interpreter.test_prompt_understanding_corpus" name="test_prompt_understanding_corpus_interprets_generated_cases[find coins with candle closed higher on 1d]" time="0.594" /><testcase classname="tests.interpreter.test_prompt_understanding_corpus" name="test_prompt_understanding_corpus_interprets_generated_cases[previous candle closed higher on 1d]" time="0.330" /><testcase classname="tests.interpreter.test_prompt_understanding_corpus" name="test_prompt_understanding_corpus_interprets_generated_cases[find coins with candle finished green on 1m]" time="0.454" /><testcase classname="tests.interpreter.test_prompt_understanding_corpus" name="test_prompt_understanding_corpus_interprets_generated_cases[previous candle finished green on 1m]" time="0.306" /><testcase classname="tests.interpreter.test_prompt_understanding_corpus" name="test_prompt_understanding_corpus_interprets_generated_cases[find coins with candle finished green on 5m]" time="0.432" /><testcase classname="tests.interpreter.test_prompt_understanding_corpus" name="test_prompt_understanding_corpus_interprets_generated_cases[previous candle finished green on 5m]" time="0.316" /><testcase classname="tests.interpreter.test_prompt_understanding_corpus" name="test_prompt_understanding_corpus_interprets_generated_cases[find coins with candle finished green on 15m]" time="0.444" /><testcase classname="tests.interpreter.test_prompt_understanding_corpus" name="test_prompt_understanding_corpus_interprets_generated_cases[previous candle finished green on 15m]" time="0.401" /><testcase classname="tests.interpreter.test_prompt_understanding_corpus" name="test_prompt_understanding_corpus_interprets_generated_cases[find coins with candle finished green on 1h]" time="0.452" /><testcase classname="tests.interpreter.test_prompt_understanding_corpus" name="test_prompt_understanding_corpus_interprets_generated_cases[previous candle finished green on 1h]" time="0.339" /><testcase classname="tests.interpreter.test_prompt_understanding_corpus" name="test_prompt_understanding_corpus_interprets_generated_cases[find coins with candle finished green on 4h]" time="0.485" /><testcase classname="tests.interpreter.test_prompt_understanding_corpus" name="test_prompt_understanding_corpus_interprets_generated_cases[previous candle finished green on 4h]" time="0.329" /><testcase classname="tests.interpreter.test_prompt_understanding_corpus" name="test_prompt_understanding_corpus_interprets_generated_cases[find coins with candle finished green on 1d]" time="0.459" /><testcase classname="tests.interpreter.test_prompt_understanding_corpus" name="test_prompt_understanding_corpus_interprets_generated_cases[previous candle finished green on 1d]" time="0.321" /><testcase classname="tests.interpreter.test_prompt_understanding_corpus" name="test_prompt_understanding_corpus_interprets_generated_cases[find coins with candle ended green on 1m]" time="0.500" /><testcase classname="tests.interpreter.test_prompt_understanding_corpus" name="test_prompt_understanding_corpus_interprets_generated_cases[previous candle ended green on 1m]" time="0.478" /><testcase classname="tests.interpreter.test_prompt_understanding_corpus" name="test_prompt_understanding_corpus_interprets_generated_cases[find coins with candle ended green on 5m]" time="0.488" /><testcase classname="tests.interpreter.test_prompt_understanding_corpus" name="test_prompt_understanding_corpus_interprets_generated_cases[previous candle ended green on 5m]" time="0.334" /><testcase classname="tests.interpreter.test_prompt_understanding_corpus" name="test_prompt_understanding_corpus_interprets_generated_cases[find coins with candle ended green on 15m]" time="0.598" /><testcase classname="tests.interpreter.test_prompt_understanding_corpus" name="test_prompt_understanding_corpus_interprets_generated_cases[previous candle ended green on 15m]" time="0.330" /><testcase classname="tests.interpreter.test_prompt_understanding_corpus" name="test_prompt_understanding_corpus_interprets_generated_cases[find coins with candle ended green on 1h]" time="0.458" /><testcase classname="tests.interpreter.test_prompt_understanding_corpus" name="test_prompt_understanding_corpus_interprets_generated_cases[previous candle ended green on 1h]" time="0.357" /><testcase classname="tests.interpreter.test_prompt_understanding_corpus" name="test_prompt_understanding_corpus_interprets_generated_cases[find coins with candle ended green on 4h]" time="0.442" /><testcase classname="tests.interpreter.test_prompt_understanding_corpus" name="test_prompt_understanding_corpus_interprets_generated_cases[previous candle ended green on 4h]" time="0.297" /><testcase classname="tests.interpreter.test_prompt_understanding_corpus" name="test_prompt_understanding_corpus_interprets_generated_cases[find coins with candle ended green on 1d]" time="0.447" /><testcase classname="tests.interpreter.test_prompt_understanding_corpus" name="test_prompt_understanding_corpus_interprets_generated_cases[previous candle ended green on 1d]" time="0.315" /><testcase classname="tests.interpreter.test_prompt_understanding_corpus" name="test_prompt_understanding_corpus_interprets_generated_cases[find coins with candle body positive on 1m]" time="0.451" /><testcase classname="tests.interpreter.test_prompt_understanding_corpus" name="test_prompt_understanding_corpus_interprets_generated_cases[previous candle body positive on 1m]" time="0.323" /><testcase classname="tests.interpreter.test_prompt_understanding_corpus" name="test_prompt_understanding_corpus_interprets_generated_cases[find coins with candle body positive on 5m]" time="0.562" /><testcase classname="tests.interpreter.test_prompt_understanding_corpus" name="test_prompt_understanding_corpus_interprets_generated_cases[previous candle body positive on 5m]" time="0.303" /><testcase classname="tests.interpreter.test_prompt_understanding_corpus" name="test_prompt_understanding_corpus_interprets_generated_cases[find coins with candle body positive on 15m]" time="0.522" /><testcase classname="tests.interpreter.test_prompt_understanding_corpus" name="test_prompt_understanding_corpus_interprets_generated_cases[previous candle body positive on 15m]" time="0.373" /><testcase classname="tests.interpreter.test_prompt_understanding_corpus" name="test_prompt_understanding_corpus_interprets_generated_cases[find coins with candle body positive on 1h]" time="0.437" /><testcase classname="tests.interpreter.test_prompt_understanding_corpus" name="test_prompt_understanding_corpus_interprets_generated_cases[previous candle body positive on 1h]" time="0.333" /><testcase classname="tests.interpreter.test_prompt_understanding_corpus" name="test_prompt_understanding_corpus_interprets_generated_cases[find coins with candle body positive on 4h]" time="0.473" /><testcase classname="tests.interpreter.test_prompt_understanding_corpus" name="test_prompt_understanding_corpus_interprets_generated_cases[previous candle body positive on 4h]" time="0.324" /><testcase classname="tests.interpreter.test_prompt_understanding_corpus" name="test_prompt_understanding_corpus_interprets_generated_cases[find coins with candle body positive on 1d]" time="0.497" /><testcase classname="tests.interpreter.test_prompt_understanding_corpus" name="test_prompt_understanding_corpus_interprets_generated_cases[previous candle body positive on 1d]" time="0.387" /><testcase classname="tests.interpreter.test_prompt_understanding_corpus" name="test_prompt_understanding_corpus_interprets_generated_cases[find coins with close above open on 1m]" time="0.430" /><testcase classname="tests.interpreter.test_prompt_understanding_corpus" name="test_prompt_understanding_corpus_interprets_generated_cases[previous close above open on 1m]" time="0.314" /><testcase classname="tests.interpreter.test_prompt_understanding_corpus" name="test_prompt_understanding_corpus_interprets_generated_cases[find coins with close above open on 5m]" time="0.454" /><testcase classname="tests.interpreter.test_prompt_understanding_corpus" name="test_prompt_understanding_corpus_interprets_generated_cases[previous close above open on 5m]" time="0.569" /><testcase classname="tests.interpreter.test_prompt_understanding_corpus" name="test_prompt_understanding_corpus_interprets_generated_cases[find coins with close above open on 15m]" time="0.451" /><testcase classname="tests.interpreter.test_prompt_understanding_corpus" name="test_prompt_understanding_corpus_interprets_generated_cases[previous close above open on 15m]" time="0.308" /><testcase classname="tests.interpreter.test_prompt_understanding_corpus" name="test_prompt_understanding_corpus_interprets_generated_cases[find coins with close above open on 1h]" time="0.492" /><testcase classname="tests.interpreter.test_prompt_understanding_corpus" name="test_prompt_understanding_corpus_interprets_generated_cases[previous close above open on 1h]" time="0.339" /><testcase classname="tests.interpreter.test_prompt_understanding_corpus" name="test_prompt_understanding_corpus_interprets_generated_cases[find coins with close above open on 4h]" time="0.454" /><testcase classname="tests.interpreter.test_prompt_understanding_corpus" name="test_prompt_understanding_corpus_interprets_generated_cases[previous close above open on 4h]" time="0.341" /><testcase classname="tests.interpreter.test_prompt_understanding_corpus" name="test_prompt_understanding_corpus_interprets_generated_cases[find coins with close above open on 1d]" time="0.467" /><testcase classname="tests.interpreter.test_prompt_understanding_corpus" name="test_prompt_understanding_corpus_interprets_generated_cases[previous close above open on 1d]" time="0.310" /><testcase classname="tests.interpreter.test_prompt_understanding_corpus" name="test_prompt_understanding_corpus_interprets_generated_cases[find coins with price closed above open on 1m]" time="0.453" /><testcase classname="tests.interpreter.test_prompt_understanding_corpus" name="test_prompt_understanding_corpus_interprets_generated_cases[previous price closed above open on 1m]" time="0.309" /><testcase classname="tests.interpreter.test_prompt_understanding_corpus" name="test_prompt_understanding_corpus_interprets_generated_cases[find coins with price closed above open on 5m]" time="0.450" /><testcase classname="tests.interpreter.test_prompt_understanding_corpus" name="test_prompt_understanding_corpus_interprets_generated_cases[previous price closed above open on 5m]" time="0.352" /><testcase classname="tests.interpreter.test_prompt_understanding_corpus" name="test_prompt_understanding_corpus_interprets_generated_cases[find coins with price closed above open on 15m]" time="0.696" /><testcase classname="tests.interpreter.test_prompt_understanding_corpus" name="test_prompt_understanding_corpus_interprets_generated_cases[previous price closed above open on 15m]" time="0.363" /><testcase classname="tests.interpreter.test_prompt_understanding_corpus" name="test_prompt_understanding_corpus_interprets_generated_cases[find coins with price closed above open on 1h]" time="0.522" /><testcase classname="tests.interpreter.test_prompt_understanding_corpus" name="test_prompt_understanding_corpus_interprets_generated_cases[previous price closed above open on 1h]" time="0.298" /><testcase classname="tests.interpreter.test_prompt_understanding_corpus" name="test_prompt_understanding_corpus_interprets_generated_cases[find coins with price closed above open on 4h]" time="0.480" /><testcase classname="tests.interpreter.test_prompt_understanding_corpus" name="test_prompt_understanding_corpus_interprets_generated_cases[previous price closed above open on 4h]" time="0.313" /><testcase classname="tests.interpreter.test_prompt_understanding_corpus" name="test_prompt_understanding_corpus_interprets_generated_cases[find coins with price closed above open on 1d]" time="0.472" /><testcase classname="tests.interpreter.test_prompt_understanding_corpus" name="test_prompt_understanding_corpus_interprets_generated_cases[previous price closed above open on 1d]" time="0.317" /><testcase classname="tests.interpreter.test_prompt_understanding_corpus" name="test_prompt_understanding_corpus_interprets_generated_cases[find coins with candle close above open on 1m]" time="0.459" /><testcase classname="tests.interpreter.test_prompt_understanding_corpus" name="test_prompt_understanding_corpus_interprets_generated_cases[previous candle close above open on 1m]" time="0.315" /><testcase classname="tests.interpreter.test_prompt_understanding_corpus" name="test_prompt_understanding_corpus_interprets_generated_cases[find coins with candle close above open on 5m]" time="0.470" /><testcase classname="tests.interpreter.test_prompt_understanding_corpus" name="test_prompt_understanding_corpus_interprets_generated_cases[previous candle close above open on 5m]" time="0.436" /><testcase classname="tests.interpreter.test_prompt_understanding_corpus" name="test_prompt_understanding_corpus_interprets_generated_cases[find coins with candle close above open on 15m]" time="0.485" /><testcase classname="tests.interpreter.test_prompt_understanding_corpus" name="test_prompt_understanding_corpus_interprets_generated_cases[previous candle close above open on 15m]" time="0.334" /><testcase classname="tests.interpreter.test_prompt_understanding_corpus" name="test_prompt_understanding_corpus_interprets_generated_cases[find coins with candle close above open on 1h]" time="0.669" /><testcase classname="tests.interpreter.test_prompt_understanding_corpus" name="test_prompt_understanding_corpus_interprets_generated_cases[previous candle close above open on 1h]" time="0.329" /><testcase classname="tests.interpreter.test_prompt_understanding_corpus" name="test_prompt_understanding_corpus_interprets_generated_cases[find coins with candle close above open on 4h]" time="0.418" /><testcase classname="tests.interpreter.test_prompt_understanding_corpus" name="test_prompt_understanding_corpus_interprets_generated_cases[previous candle close above open on 4h]" time="0.315" /><testcase classname="tests.interpreter.test_prompt_understanding_corpus" name="test_prompt_understanding_corpus_interprets_generated_cases[find coins with candle close above open on 1d]" time="0.447" /><testcase classname="tests.interpreter.test_prompt_understanding_corpus" name="test_prompt_understanding_corpus_interprets_generated_cases[previous candle close above open on 1d]" time="0.291" /><testcase classname="tests.interpreter.test_prompt_understanding_corpus" name="test_prompt_understanding_corpus_interprets_generated_cases[find coins with candle closes green on 1m]" time="0.453" /><testcase classname="tests.interpreter.test_prompt_understanding_corpus" name="test_prompt_understanding_corpus_interprets_generated_cases[previous candle closes green on 1m]" time="0.316" /><testcase classname="tests.interpreter.test_prompt_understanding_corpus" name="test_prompt_understanding_corpus_interprets_generated_cases[find coins with candle closes green on 5m]" time="0.420" /><testcase classname="tests.interpreter.test_prompt_understanding_corpus" name="test_prompt_understanding_corpus_interprets_generated_cases[previous candle closes green on 5m]" time="0.353" /><testcase classname="tests.interpreter.test_prompt_understanding_corpus" name="test_prompt_understanding_corpus_interprets_generated_cases[find coins with candle closes green on 15m]" time="0.484" /><testcase classname="tests.interpreter.test_prompt_understanding_corpus" name="test_prompt_understanding_corpus_interprets_generated_cases[previous candle closes green on 15m]" time="0.355" /><testcase classname="tests.interpreter.test_prompt_understanding_corpus" name="test_prompt_understanding_corpus_interprets_generated_cases[find coins with candle closes green on 1h]" time="0.430" /><testcase classname="tests.interpreter.test_prompt_understanding_corpus" name="test_prompt_understanding_corpus_interprets_generated_cases[previous candle closes green on 1h]" time="0.437" /><testcase classname="tests.interpreter.test_prompt_understanding_corpus" name="test_prompt_understanding_corpus_interprets_generated_cases[find coins with candle closes green on 4h]" time="0.455" /><testcase classname="tests.interpreter.test_prompt_understanding_corpus" name="test_prompt_understanding_corpus_interprets_generated_cases[previous candle closes green on 4h]" time="0.311" /><testcase classname="tests.interpreter.test_prompt_understanding_corpus" name="test_prompt_understanding_corpus_interprets_generated_cases[find coins with candle closes green on 1d]" time="0.498" /><testcase classname="tests.interpreter.test_prompt_understanding_corpus" name="test_prompt_understanding_corpus_interprets_generated_cases[previous candle closes green on 1d]" time="0.307" /><testcase classname="tests.interpreter.test_prompt_understanding_corpus" name="test_prompt_understanding_corpus_interprets_generated_cases[find coins with closed green on 1m]" time="0.442" /><testcase classname="tests.interpreter.test_prompt_understanding_corpus" name="test_prompt_understanding_corpus_interprets_generated_cases[previous closed green on 1m]" time="0.299" /><testcase classname="tests.interpreter.test_prompt_understanding_corpus" name="test_prompt_understanding_corpus_interprets_generated_cases[find coins with closed green on 5m]" time="0.726" /><testcase classname="tests.interpreter.test_prompt_understanding_corpus" name="test_prompt_understanding_corpus_interprets_generated_cases[previous closed green on 5m]" time="0.326" /><testcase classname="tests.interpreter.test_prompt_understanding_corpus" name="test_prompt_understanding_corpus_interprets_generated_cases[find coins that coin up 0.01% today]" time="0.322" /><testcase classname="tests.interpreter.test_prompt_understanding_corpus" name="test_prompt_understanding_corpus_interprets_generated_cases[find coins that coin up 0.01% in the last 24h]" time="0.365" /><testcase classname="tests.interpreter.test_prompt_understanding_corpus" name="test_prompt_understanding_corpus_interprets_generated_cases[find coins that coin up 0.01% this week]" time="0.322" /><testcase classname="tests.interpreter.test_prompt_understanding_corpus" name="test_prompt_understanding_corpus_interprets_generated_cases[find coins that coin up 0.01% over the past week]" time="0.356" /><testcase classname="tests.interpreter.test_prompt_understanding_corpus" name="test_prompt_understanding_corpus_interprets_generated_cases[find coins that coin up 0.01% in the last 30 days]" time="0.319" /><testcase classname="tests.interpreter.test_prompt_understanding_corpus" name="test_prompt_understanding_corpus_interprets_generated_cases[find coins that coin up 0.1% today]" time="0.283" /><testcase classname="tests.interpreter.test_prompt_understanding_corpus" name="test_prompt_understanding_corpus_interprets_generated_cases[find coins that coin up 0.1% in the last 24h]" time="0.448" /><testcase classname="tests.interpreter.test_prompt_understanding_corpus" name="test_prompt_understanding_corpus_interprets_generated_cases[find coins that coin up 0.1% this week]" time="0.303" /><testcase classname="tests.interpreter.test_prompt_understanding_corpus" name="test_prompt_understanding_corpus_interprets_generated_cases[find coins that coin up 0.1% over the past week]" time="0.330" /><testcase classname="tests.interpreter.test_prompt_understanding_corpus" name="test_prompt_understanding_corpus_interprets_generated_cases[find coins that coin up 0.1% in the last 30 days]" time="0.324" /><testcase classname="tests.interpreter.test_prompt_understanding_corpus" name="test_prompt_understanding_corpus_interprets_generated_cases[find coins that coin up 1% today]" time="0.315" /><testcase classname="tests.interpreter.test_prompt_understanding_corpus" name="test_prompt_understanding_corpus_interprets_generated_cases[find coins that coin up 1% in the last 24h]" time="0.309" /><testcase classname="tests.interpreter.test_prompt_understanding_corpus" name="test_prompt_understanding_corpus_interprets_generated_cases[find coins that coin up 1% this week]" time="0.322" /><testcase classname="tests.interpreter.test_prompt_understanding_corpus" name="test_prompt_understanding_corpus_interprets_generated_cases[find coins that coin up 1% over the past week]" time="0.331" /><testcase classname="tests.interpreter.test_prompt_understanding_corpus" name="test_prompt_understanding_corpus_interprets_generated_cases[find coins that coin up 1% in the last 30 days]" time="0.356" /><testcase classname="tests.interpreter.test_prompt_understanding_corpus" name="test_prompt_understanding_corpus_interprets_generated_cases[find coins that coin up 2.5% today]" time="0.274" /><testcase classname="tests.interpreter.test_prompt_understanding_corpus" name="test_prompt_understanding_corpus_interprets_generated_cases[find coins that coin up 2.5% in the last 24h]" time="0.369" /><testcase classname="tests.interpreter.test_prompt_understanding_corpus" name="test_prompt_understanding_corpus_interprets_generated_cases[find coins that coin up 2.5% this week]" time="0.313" /><testcase classname="tests.interpreter.test_prompt_understanding_corpus" name="test_prompt_understanding_corpus_interprets_generated_cases[find coins that coin up 2.5% over the past week]" time="0.335" /><testcase classname="tests.interpreter.test_prompt_understanding_corpus" name="test_prompt_understanding_corpus_interprets_generated_cases[find coins that coin up 2.5% in the last 30 days]" time="0.336" /><testcase classname="tests.interpreter.test_prompt_understanding_corpus" name="test_prompt_understanding_corpus_interprets_generated_cases[find coins that coin up 5% today]" time="0.341" /><testcase classname="tests.interpreter.test_prompt_understanding_corpus" name="test_prompt_understanding_corpus_interprets_generated_cases[find coins that coin up 5% in the last 24h]" time="0.330" /><testcase classname="tests.interpreter.test_prompt_understanding_corpus" name="test_prompt_understanding_corpus_interprets_generated_cases[find coins that coin up 5% this week]" time="0.441" /><testcase classname="tests.interpreter.test_prompt_understanding_corpus" name="test_prompt_understanding_corpus_interprets_generated_cases[find coins that coin up 5% over the past week]" time="0.311" /><testcase classname="tests.interpreter.test_prompt_understanding_corpus" name="test_prompt_understanding_corpus_interprets_generated_cases[find coins that coin up 5% in the last 30 days]" time="0.346" /><testcase classname="tests.interpreter.test_prompt_understanding_corpus" name="test_prompt_understanding_corpus_interprets_generated_cases[find coins that coin up 7.5% today]" time="0.278" /><testcase classname="tests.interpreter.test_prompt_understanding_corpus" name="test_prompt_understanding_corpus_interprets_generated_cases[find coins that coin up 7.5% in the last 24h]" time="0.367" /><testcase classname="tests.interpreter.test_prompt_understanding_corpus" name="test_prompt_understanding_corpus_interprets_generated_cases[find coins that coin up 7.5% this week]" time="0.382" /><testcase classname="tests.interpreter.test_prompt_understanding_corpus" name="test_prompt_understanding_corpus_interprets_generated_cases[find coins that coin up 7.5% over the past week]" time="0.367" /><testcase classname="tests.interpreter.test_prompt_understanding_corpus" name="test_prompt_understanding_corpus_interprets_generated_cases[find coins that coin up 7.5% in the last 30 days]" time="0.289" /><testcase classname="tests.interpreter.test_prompt_understanding_corpus" name="test_prompt_understanding_corpus_interprets_generated_cases[find coins that coin up 10% today]" time="0.342" /><testcase classname="tests.interpreter.test_prompt_understanding_corpus" name="test_prompt_understanding_corpus_interprets_generated_cases[find coins that coin up 10% in the last 24h]" time="0.335" /><testcase classname="tests.interpreter.test_prompt_understanding_corpus" name="test_prompt_understanding_corpus_interprets_generated_cases[find coins that coin up 10% this week]" time="0.296" /><testcase classname="tests.interpreter.test_prompt_understanding_corpus" name="test_prompt_understanding_corpus_interprets_generated_cases[find coins that coin up 10% over the past week]" time="0.328" /><testcase classname="tests.interpreter.test_prompt_understanding_corpus" name="test_prompt_understanding_corpus_interprets_generated_cases[find coins that coin up 10% in the last 30 days]" time="0.336" /><testcase classname="tests.interpreter.test_prompt_understanding_corpus" name="test_prompt_understanding_corpus_interprets_generated_cases[find coins that price up 0.01% today]" time="0.301" /><testcase classname="tests.interpreter.test_prompt_understanding_corpus" name="test_prompt_understanding_corpus_interprets_generated_cases[find coins that price up 0.01% in the last 24h]" time="0.364" /><testcase classname="tests.interpreter.test_prompt_understanding_corpus" name="test_prompt_understanding_corpus_interprets_generated_cases[find coins that price up 0.01% this week]" time="0.324" /><testcase classname="tests.interpreter.test_prompt_understanding_corpus" name="test_prompt_understanding_corpus_interprets_generated_cases[find coins that price up 0.01% over the past week]" time="0.397" /><testcase classname="tests.interpreter.test_prompt_understanding_corpus" name="test_prompt_understanding_corpus_interprets_generated_cases[find coins that price up 0.01% in the last 30 days]" time="0.314" /><testcase classname="tests.interpreter.test_prompt_understanding_corpus" name="test_prompt_understanding_corpus_interprets_generated_cases[find coins that price up 0.1% today]" time="0.333" /><testcase classname="tests.interpreter.test_prompt_understanding_corpus" name="test_prompt_understanding_corpus_interprets_generated_cases[fi
[...]
<testcase classname="tests.unit.test_email_delivery" name="test_disabled_email_adapter_reports_actionable_code" time="0.038" /><testcase classname="tests.unit.test_finder_conditions" name="test_previous_green_daily_candle_is_a_deterministic_trigger" time="0.489" /><testcase classname="tests.unit.test_finder_conditions" name="test_historical_candle_move_searches_the_window_not_only_latest_candle" time="0.364" /><testcase classname="tests.unit.test_finder_conditions" name="test_not_doji_prompt_uses_is_false_candle_pattern" time="0.382" /><testcase classname="tests.unit.test_finder_conditions" name="test_previous_daily_doji_is_executable" time="0.447" /><testcase classname="tests.unit.test_finder_conditions" name="test_consecutive_red_daily_candles_are_executable" time="0.504" /><testcase classname="tests.unit.test_finder_conditions" name="test_absence_of_hammer_in_last_sixty_one_minute_candles_is_executable" time="0.377" /><testcase classname="tests.unit.test_finder_conditions" name="test_time_window_market_metric_from_builder_is_executable" time="0.004" /><testcase classname="tests.unit.test_fixture_market_data" name="test_fixture_provider_returns_deterministic_ohlcv_and_metadata" time="0.012" /><testcase classname="tests.unit.test_fixture_market_data" name="test_fixture_provider_range_fetch_filters_by_time_window" time="0.055" /><testcase classname="tests.unit.test_hilal_consent" name="test_consent_mode_denied_defaults_precede_optional_analytics_loader" time="0.008" /><testcase classname="tests.unit.test_hilal_consent" name="test_consent_choice_is_versioned_persistent_and_withdrawable" time="0.003" /><testcase classname="tests.unit.test_hilal_consent" name="test_first_visit_banner_has_equal_explicit_choices_and_preference_center" time="0.003" /><testcase classname="tests.unit.test_hilal_consent" name="test_optional_analytics_code_contains_no_prohibited_product_properties" time="0.002" /><testcase classname="tests.unit.test_hybrid_capability_resolution" name="test_ai_reranks_only_registry_candidates_and_builds_valid_binding" time="0.532" /><testcase classname="tests.unit.test_hybrid_capability_resolution" name="test_ai_invented_capability_key_is_never_accepted" time="0.257" /><testcase classname="tests.unit.test_hybrid_capability_resolution" name="test_candidate_retrieval_uses_current_fragment_without_old_chat_text" time="0.335" /><testcase classname="tests.unit.test_hybrid_capability_resolution" name="test_verified_binding_compiles_unknown_wording_without_raw_ai_execution" time="0.287" /><testcase classname="tests.unit.test_identity" name="test_duplicate_provider_identity_reuses_user" time="0.984" /><testcase classname="tests.unit.test_identity" name="test_verified_discord_email_links_existing_email_user" time="0.927" /><testcase classname="tests.unit.test_indicators" name="test_canonical_indicator_registry_supports_required_indicators" time="0.003" /><testcase classname="tests.unit.test_indicators" name="test_indicator_warmup_fails_explicitly" time="0.002" /><testcase classname="tests.unit.test_indicators" name="test_extended_indicator_registry_calculates_every_new_family" time="0.022" /><testcase classname="tests.unit.test_interpreter" name="test_interpreter_builds_multi_timeframe_rules_without_inventing_values" time="0.570" /><testcase classname="tests.unit.test_interpreter" name="test_unknown_language_is_explicitly_unsupported" time="0.337" /><testcase classname="tests.unit.test_interpreter" name="test_interpreter_supports_six_month_high_breakout_language" time="0.349" /><testcase classname="tests.unit.test_interpreter" name="test_interpreter_supports_pdl_sweep_shorthand_and_common_sweep_spelling" time="0.289" /><testcase classname="tests.unit.test_interpreter" name="test_interpreter_treats_plain_price_threshold_as_quick_scan_condition" time="0.593" /><testcase classname="tests.unit.test_interpreter" name="test_interpreter_treats_growth_percent_as_percent_change_not_price" time="0.323" /><testcase classname="tests.unit.test_interpreter" name="test_interpreter_uses_exact_month_lookback_for_breakout" time="0.339" /><testcase classname="tests.unit.test_interpreter" name="test_interpreter_supports_previous_candle_state_and_historical_event_window" time="1.612" /><testcase classname="tests.unit.test_interpreter" name="test_interpreter_supports_complex_candle_status_filters" time="1.264" /><testcase classname="tests.unit.test_interpreter" name="test_interpreter_reports_mandatory_fragments_it_cannot_convert" time="0.418" /><testcase classname="tests.unit.test_interpreter" name="test_strategy_rejects_duplicate_condition_keys" time="0.358" /><testcase classname="tests.unit.test_interpreter_part2_expansion" name="test_interpreter_recognizes_expanded_prompt_mechanics[RSI crosses back above 30 while price is above 4h EMA 200 and volume is at least 1.5x average-expected_names0]" time="0.513" /><testcase classname="tests.unit.test_interpreter_part2_expansion" name="test_interpreter_recognizes_expanded_prompt_mechanics[MACD histogram turns positive with range breakout and close near high-expected_names1]" time="0.563" /><testcase classname="tests.unit.test_interpreter_part2_expansion" name="test_interpreter_recognizes_expanded_prompt_mechanics[VWAP reclaim after pullback and volume spike-expected_names2]" time="0.391" /><testcase classname="tests.unit.test_interpreter_part2_expansion" name="test_interpreter_recognizes_expanded_prompt_mechanics[Bollinger squeeze breakout above resistance-expected_names3]" time="0.316" /><testcase classname="tests.unit.test_interpreter_part2_expansion" name="test_interpreter_recognizes_expanded_prompt_mechanics[EMA 20 crosses above EMA 50 with EMA slope rising-expected_names4]" time="0.640" /><testcase classname="tests.unit.test_interpreter_part2_expansion" name="test_interpreter_recognizes_expanded_prompt_mechanics[price breaks above the previous 20 day high with volume spike-expected_names5]" time="0.537" /><testcase classname="tests.unit.test_interpreter_part2_expansion" name="test_interpreter_recognizes_expanded_prompt_mechanics[coins decreasing by 3% near midnight-expected_names6]" time="0.322" /><testcase classname="tests.unit.test_interpreter_part2_expansion" name="test_interpreter_recognizes_expanded_prompt_mechanics[short resistance rejection with RSI overbought above 70-expected_names7]" time="0.568" /><testcase classname="tests.unit.test_interpreter_part2_expansion" name="test_interpreter_recognizes_expanded_prompt_mechanics[low volume pullback to EMA retest-expected_names8]" time="0.315" /><testcase classname="tests.unit.test_interpreter_part2_expansion" name="test_interpreter_recognizes_expanded_prompt_mechanics[stochastic crosses above 20 after support bounce-expected_names9]" time="0.328" /><testcase classname="tests.unit.test_interpreter_part2_expansion" name="test_interpreter_recognizes_expanded_prompt_mechanics[change of character and break of structure-expected_names10]" time="0.352" /><testcase classname="tests.unit.test_interpreter_part2_expansion" name="test_interpreter_recognizes_expanded_prompt_mechanics[equal highs liquidity pool then sweep highs-expected_names11]" time="0.408" /><testcase classname="tests.unit.test_interpreter_part2_expansion" name="test_interpreter_keeps_primary_timeframe_and_adds_higher_timeframe_condition" time="0.362" /><testcase classname="tests.unit.test_interpreter_part2_expansion" name="test_interpreter_recognizes_optional_provider_condition_without_blocking" time="0.373" /><testcase classname="tests.unit.test_interpreter_part2_expansion" name="test_interpreter_builds_mandatory_market_cap_provider_condition" time="0.397" /><testcase classname="tests.unit.test_interpreter_part2_expansion" name="test_interpreter_builds_cross_market_filter_without_guessing_values" time="0.650" /><testcase classname="tests.unit.test_interpreter_prompt_mechanics" name="test_interpreter_understands_percent_moves_and_sessions" time="0.330" /><testcase classname="tests.unit.test_interpreter_prompt_mechanics" name="test_interpreter_understands_crossing_all_time_high" time="0.331" /><testcase classname="tests.unit.test_lifecycle" name="test_lifecycle_transition_creates_persistent_event" time="0.002" /><testcase classname="tests.unit.test_lifecycle" name="test_terminal_lifecycle_state_cannot_reopen" time="0.001" /><testcase classname="tests.unit.test_lifecycle" name="test_partial_targets_remain_open_until_final_target" time="0.001" /><testcase classname="tests.unit.test_lifecycle" name="test_confirmed_setup_can_record_suppression_then_alert_delivery" time="0.001" /><testcase classname="tests.unit.test_lifecycle" name="test_default_lifecycle_stages_are_research_monitoring_first" time="0.001" /><testcase classname="tests.unit.test_logic_operators" name="test_within_last_and_persisted_for_use_closed_candle_history" time="0.008" /><testcase classname="tests.unit.test_logic_operators" name="test_sequence_count_and_conditional_branch_are_deterministic" time="0.006" /><testcase classname="tests.unit.test_logic_operators" name="test_first_true_confirmed_cross_and_cooldown_context" time="0.010" /><testcase classname="tests.unit.test_logic_operators" name="test_logic_operator_shape_validation_rejects_impossible_groups" time="0.002" /><testcase classname="tests.unit.test_market_preview" name="test_market_preview_uses_live_rule_engine_proof_shape" time="0.037" /><testcase classname="tests.unit.test_market_preview" name="test_market_regime_analyzer_scores_long_monitor_against_benchmarks" time="0.007" /><testcase classname="tests.unit.test_mt5_po3_imported_features" name="test_mt5_po3_sweep_displacement_structure_is_deterministic" time="0.002" /><testcase classname="tests.unit.test_mt5_po3_imported_features" name="test_mt5_fvg_state_tracks_open_touched_and_filled_states" time="0.001" /><testcase classname="tests.unit.test_mt5_po3_imported_features" name="test_mt5_indicator_adapters_are_registered_and_deterministic" time="0.002" /><testcase classname="tests.unit.test_mt5_po3_imported_features" name="test_prompt_vocabulary_discovers_imported_mt5_features" time="0.630" /><testcase classname="tests.unit.test_on_demand_scans" name="test_on_demand_scan_returns_proof_without_live_alert_persistence" time="0.955" /><testcase classname="tests.unit.test_on_demand_scans" name="test_on_demand_scan_api_enforces_user_and_quota" time="1.391" /><testcase classname="tests.unit.test_on_demand_scans" name="test_light_scan_succeeds_without_saved_strategy_or_approval" time="3.422" /><testcase classname="tests.unit.test_on_demand_scans" name="test_light_scan_requires_notification_channel" time="1.249" /><testcase classname="tests.unit.test_on_demand_scans" name="test_light_scan_blank_symbols_returns_broad_universe_matches_by_default" time="3.284" /><testcase classname="tests.unit.test_on_demand_scans" name="test_light_scan_accepts_broad_universe_and_fast_timeframes" time="7.321" /><testcase classname="tests.unit.test_on_demand_scans" name="test_optional_failed_or_unavailable_conditions_do_not_block_confirmation" time="0.936" /><testcase classname="tests.unit.test_on_demand_scans" name="test_mandatory_unavailable_condition_is_not_returned_as_finder_match" time="0.931" /><testcase classname="tests.unit.test_onboarding_security" name="test_production_rejects_unsigned_provider_identity" time="0.873" /><testcase classname="tests.unit.test_onboarding_security" name="test_production_accepts_matching_short_lived_assertion" time="0.984" /><testcase classname="tests.unit.test_openai_interpreter" name="test_openai_interpreter_validates_ai_draft_into_strategy_schema" time="0.167" /><testcase classname="tests.unit.test_openai_interpreter" name="test_openai_percent_guard_preserves_percent_change_prompts" time="0.406" /><testcase classname="tests.unit.test_openai_interpreter" name="test_openai_fallback_does_not_expose_internal_provider_message" time="0.620" /><testcase classname="tests.unit.test_openai_interpreter" name="test_openai_response_parser_accepts_top_level_output_text_and_json_fence" time="0.001" /><testcase classname="tests.unit.test_openai_interpreter" name="test_openai_suggestion_narrator_only_returns_bounded_wording" time="0.033" /><testcase classname="tests.unit.test_quality_scores" name="test_alert_trust_score_is_deterministic_and_explainable" time="0.002" /><testcase classname="tests.unit.test_quality_scores" name="test_market_coverage_score_zero_when_nothing_scanned" time="0.001" /><testcase classname="tests.unit.test_quality_scores" name="test_market_coverage_score_penalizes_stale_scan" time="0.001" /><testcase classname="tests.unit.test_quality_scores" name="test_conflict_detector_finds_duplicates_and_impossible_thresholds" time="0.003" /><testcase classname="tests.unit.test_quality_scores" name="test_frequency_forecast_is_deterministic_and_cautious" time="0.002" /><testcase classname="tests.unit.test_quality_scores" name="test_safe_suggestion_produces_schema_valid_reviewable_diff" time="0.005" /><testcase classname="tests.unit.test_quality_scores" name="test_explain_bottleneck_does_not_mutate_schema" time="0.004" /><testcase classname="tests.unit.test_quality_scores" name="test_compact_alert_actions_include_feedback_replay_and_improvement" time="0.002" /><testcase classname="tests.unit.test_quality_scores" name="test_research_only_alert_copy_does_not_show_entry_or_rr_context" time="0.001" /><testcase classname="tests.unit.test_quality_scores" name="test_strategy_decay_detector_flags_spike_and_universe_shrinkage" time="0.001" /><testcase classname="tests.unit.test_reliability_security" name="test_market_data_health_blocks_stale_or_incomplete_confirmations" time="0.897" /><testcase classname="tests.unit.test_reliability_security" name="test_incident_lifecycle_delivery_failure_and_status_summary" time="1.579" /><testcase classname="tests.unit.test_reliability_security" name="test_security_review_blocks_ssrf_unsafe_uploads_and_code_execution" time="0.354" /><testcase classname="tests.unit.test_reliability_security" name="test_production_runtime_rejects_defaults_and_mock_providers" time="0.032" /><testcase classname="tests.unit.test_reliability_security" name="test_production_runtime_accepts_disabled_integrations_with_safe_core_config" time="0.031" /><testcase classname="tests.unit.test_reliability_security" name="test_deployed_runtime_rejects_fixture_market_data_and_unwired_provider_flags" time="0.032" /><testcase classname="tests.unit.test_reliability_security" name="test_enabled_production_integrations_require_real_adapters_and_secrets" time="0.029" /><testcase classname="tests.unit.test_reliability_security" name="test_production_runtime_rejects_placeholder_credentials" time="0.031" /><testcase classname="tests.unit.test_setup_observability" name="test_radar_is_tenant_isolated_and_filterable" time="0.932" /><testcase classname="tests.unit.test_setup_observability" name="test_no_alert_investigation_uses_stored_condition_and_delivery_evidence" time="0.925" /><testcase classname="tests.unit.test_setup_observability" name="test_no_alert_investigation_separates_provider_and_suppression_causes" time="0.955" /><testcase classname="tests.unit.test_setup_observability" name="test_bottleneck_aggregation_marks_low_sample_and_counterfactual_boundaries" time="0.962" /><testcase classname="tests.unit.test_setup_observability" name="test_ai_explanation_fallback_repeats_only_grounded_reason" time="0.877" /><testcase classname="tests.unit.test_strategy_defaults" name="test_near_miss_policy_defaults_to_enabled" time="0.001" /><testcase classname="tests.unit.test_strategy_defaults" name="test_external_strategy_shape_enables_near_miss_by_default" time="0.002" /><testcase classname="tests.unit.test_strategy_defaults" name="test_condition_timeframes_are_auto_declared_for_validation" time="0.002" /><testcase classname="tests.unit.test_strategy_defaults" name="test_internal_research_monitor_defaults_entry_risk_and_targets_to_neutral" time="0.001" /><testcase classname="tests.unit.test_strategy_engine" name="test_identical_market_data_produces_identical_proofs" time="0.008" /><testcase classname="tests.unit.test_strategy_engine" name="test_confirmed_setup_generates_complete_proof_and_risk" time="0.005" /><testcase classname="tests.unit.test_strategy_engine" name="test_candle_close_mode_does_not_look_ahead_into_active_candle" time="0.004" /><testcase classname="tests.unit.test_strategy_engine" name="test_missing_history_and_unsupported_condition_fail_safely" time="0.010" /><testcase classname="tests.unit.test_strategy_engine" name="test_risk_calculator_position_size_uses_explicit_balance_only" time="0.004" /><testcase classname="tests.unit.test_strategy_engine" name="test_nested_or_requires_one_complete_branch" time="0.008" /><testcase classname="tests.unit.test_strategy_engine" name="test_visual_builder_not_and_sequence_groups_are_deterministic" time="0.011" /><testcase classname="tests.unit.test_strategy_engine" name="test_crosses_above_requires_previous_value_on_other_side" time="0.006" /><testcase classname="tests.unit.test_strategy_engine" name="test_short_risk_geometry_places_stop_above_and_targets_below" time="0.003" /><testcase classname="tests.unit.test_strategy_engine" name="test_both_direction_strategy_can_be_evaluated_for_each_explicit_side" time="0.007" /><testcase classname="tests.unit.test_strategy_engine" name="test_risk_failure_is_preserved_in_proof_and_blocks_confirmation" time="0.007" /><testcase classname="tests.unit.test_strategy_engine" name="test_strategy_hash_is_stable_across_mapping_order" time="0.010" /><testcase classname="tests.unit.test_strategy_engine" name="test_forensic_investigation_explains_cooldown_without_guessing" time="0.004" /><testcase classname="tests.unit.test_strategy_engine" name="test_forward_testing_records_hypothetical_not_executed_trade" time="0.005" /><testcase classname="tests.unit.test_strategy_engine" name="test_alert_fatigue_guard_suppresses_duplicate_event_hash" time="0.867" /><testcase classname="tests.unit.test_strategy_engine" name="test_alert_fatigue_guard_cools_down_same_symbol_only" time="0.923" /><testcase classname="tests.unit.test_strategy_hashes" name="test_approved_schema_hash_repairs_legacy_normalization_drift" time="0.004" /><testcase classname="tests.unit.test_strategy_hashes" name="test_approved_schema_hash_rejects_mutated_payload" time="0.003" /><testcase classname="tests.unit.test_support_escalation" name="test_support_escalation_attaches_diagnostic_context" time="0.936" /><testcase classname="tests.unit.test_system_brain" name="test_system_brain_password_otp_session_and_logout" time="1.596" /><testcase classname="tests.unit.test_system_brain" name="test_system_brain_rejects_wrong_password_and_wrong_otp" time="1.803" /><testcase classname="tests.unit.test_system_brain" name="test_capability_telemetry_records_false_ranking_alias_and_cost" time="1.139" /><testcase classname="tests.unit.test_system_brain" name="test_system_brain_session_is_database_backed" time="1.616" /><testcase classname="tests.unit.test_system_brain" name="test_system_brain_reports_bounded_agent_safety_metrics" time="0.920" /><testcase classname="tests.unit.test_technical_patterns" name="test_head_and_shoulders_structure_and_neckline_break_are_separate_states" time="0.002" /><testcase classname="tests.unit.test_technical_patterns" name="test_double_bottom_requires_structure_and_close_above_neckline" time="0.001" /><testcase classname="tests.unit.test_technical_patterns" name="test_head_and_shoulders_ignores_adjacent_plateau_pivots" time="0.001" /><testcase classname="tests.unit.test_technical_patterns" name="test_technical_pattern_catalog_is_executable_and_versioned" time="0.001" /><testcase classname="tests.unit.test_telegram_imports" name="test_notification_service_import_does_not_load_full_telegram_service" time="0.001" /><testcase classname="tests.unit.test_verified_strategy" name="test_semantic_diff_keeps_repeated_capability_instances_separate" time="0.005" /></testsuite></testsuites>