<?xml version="1.0" encoding="utf-8"?><testsuites name="pytest tests"><testsuite name="pytest" errors="0" failures="0" skipped="0" tests="283" time="332.220" timestamp="2026-09-13T02:32:55.832199+03:00" hostname="WIN-FOVCL5KBJ2M"><testcase classname="tests.integration.test_paid_plan_replacement" name="test_confirmed_move_leaves_one_charge_and_one_money_record[trader-pro-card-monthly]" time="1.634" /><testcase classname="tests.integration.test_paid_plan_replacement" name="test_confirmed_move_leaves_one_charge_and_one_money_record[trader-pro-card-annual]" time="1.011" /><testcase classname="tests.integration.test_paid_plan_replacement" name="test_confirmed_move_leaves_one_charge_and_one_money_record[trader-pro-crypto-one-time]" time="1.347" /><testcase classname="tests.integration.test_paid_plan_replacement" name="test_confirmed_move_leaves_one_charge_and_one_money_record[pro-trader-card-monthly]" time="1.232" /><testcase classname="tests.integration.test_paid_plan_replacement" name="test_confirmed_move_leaves_one_charge_and_one_money_record[pro-trader-card-annual]" time="1.562" /><testcase classname="tests.integration.test_paid_plan_replacement" name="test_confirmed_move_leaves_one_charge_and_one_money_record[pro-trader-crypto-one-time]" time="1.426" /><testcase classname="tests.integration.test_paid_plan_replacement" name="test_renewing_the_new_plan_never_ends_or_repays_the_old_one_again[trader-pro]" time="1.346" /><testcase classname="tests.integration.test_paid_plan_replacement" name="test_renewing_the_new_plan_never_ends_or_repays_the_old_one_again[pro-trader]" time="1.139" /><testcase classname="tests.integration.test_paid_plan_replacement" name="test_two_payment_pages_paid_for_one_move_leave_one_live_plan[trader-pro]" time="1.011" /><testcase classname="tests.integration.test_paid_plan_replacement" name="test_two_payment_pages_paid_for_one_move_leave_one_live_plan[pro-trader]" time="1.400" /><testcase classname="tests.integration.test_paid_plan_replacement" name="test_a_move_that_cannot_be_finished_safely_changes_nothing_and_alerts[multiple_paid_plans_need_help]" time="1.014" /><testcase classname="tests.integration.test_paid_plan_replacement" name="test_a_move_that_cannot_be_finished_safely_changes_nothing_and_alerts[paid_amount_missing]" time="1.184" /><testcase classname="tests.integration.test_paid_plan_replacement" name="test_abandoned_checkout_leaves_the_old_plan_untouched[trader-pro-card-monthly]" time="1.045" /><testcase classname="tests.integration.test_paid_plan_replacement" name="test_abandoned_checkout_leaves_the_old_plan_untouched[trader-pro-card-annual]" time="0.958" /><testcase classname="tests.integration.test_paid_plan_replacement" name="test_abandoned_checkout_leaves_the_old_plan_untouched[trader-pro-crypto-one-time]" time="1.002" /><testcase classname="tests.integration.test_paid_plan_replacement" name="test_abandoned_checkout_leaves_the_old_plan_untouched[pro-trader-card-monthly]" time="1.432" /><testcase classname="tests.integration.test_paid_plan_replacement" name="test_abandoned_checkout_leaves_the_old_plan_untouched[pro-trader-card-annual]" time="1.060" /><testcase classname="tests.integration.test_paid_plan_replacement" name="test_abandoned_checkout_leaves_the_old_plan_untouched[pro-trader-crypto-one-time]" time="1.036" /><testcase classname="tests.integration.test_paid_plan_replacement" name="test_failed_card_cancellation_is_visible_and_reprocessed" time="1.174" /><testcase classname="tests.integration.test_paid_plan_replacement" name="test_failed_payment_leaves_the_old_plan_untouched[trader-pro-card-monthly]" time="1.045" /><testcase classname="tests.integration.test_paid_plan_replacement" name="test_failed_payment_leaves_the_old_plan_untouched[trader-pro-card-annual]" time="1.131" /><testcase classname="tests.integration.test_paid_plan_replacement" name="test_failed_payment_leaves_the_old_plan_untouched[trader-pro-crypto-one-time]" time="1.531" /><testcase classname="tests.integration.test_paid_plan_replacement" name="test_failed_payment_leaves_the_old_plan_untouched[pro-trader-card-monthly]" time="1.095" /><testcase classname="tests.integration.test_paid_plan_replacement" name="test_failed_payment_leaves_the_old_plan_untouched[pro-trader-card-annual]" time="0.970" /><testcase classname="tests.integration.test_paid_plan_replacement" name="test_failed_payment_leaves_the_old_plan_untouched[pro-trader-crypto-one-time]" time="0.992" /><testcase classname="tests.integration.test_paid_plan_replacement" name="test_canceled_event_does_not_downgrade_completed_attempt" time="0.961" /><testcase classname="tests.integration.test_paid_plan_replacement" name="test_paid_event_for_replaced_subscription_is_refused_and_alerted" time="1.027" /><testcase classname="tests.integration.test_paid_plan_replacement" name="test_a_late_event_of_any_type_cannot_resurrect_an_ended_subscription[subscription.paid-active]" time="1.092" /><testcase classname="tests.integration.test_paid_plan_replacement" name="test_a_late_event_of_any_type_cannot_resurrect_an_ended_subscription[subscription.updated-active]" time="1.638" /><testcase classname="tests.integration.test_paid_plan_replacement" name="test_a_late_event_of_any_type_cannot_resurrect_an_ended_subscription[subscription.update-active]" time="1.609" /><testcase classname="tests.integration.test_paid_plan_replacement" name="test_a_late_event_of_any_type_cannot_resurrect_an_ended_subscription[customer.subscription.updated-active]" time="1.487" /><testcase classname="tests.integration.test_paid_plan_replacement" name="test_a_late_event_of_any_type_cannot_resurrect_an_ended_subscription[subscription.scheduled_cancel-scheduled_cancel]" time="1.183" /><testcase classname="tests.integration.test_paid_plan_replacement" name="test_a_late_event_of_any_type_cannot_resurrect_an_ended_subscription[subscription.trialing-trialing]" time="1.216" /><testcase classname="tests.integration.test_paid_plan_replacement" name="test_a_mixed_case_event_id_failed_move_still_leaves_alert_and_failed_event" time="1.854" /><testcase classname="tests.integration.test_paid_plan_replacement" name="test_lapsed_recurring_card_plan_is_frozen_and_cancelled_on_move" time="1.315" /><testcase classname="tests.integration.test_paid_plan_replacement" name="test_crypto_paid_move_with_failed_cancel_leaves_alert_and_failed_event" time="1.103" /><testcase classname="tests.unit.test_invariant_plan_replacement_money" name="test_money_owed_uses_paid_amount_and_stays_inside_it[30.00-0-30.00]" time="0.002" /><testcase classname="tests.unit.test_invariant_plan_replacement_money" name="test_money_owed_uses_paid_amount_and_stays_inside_it[30.00-15-15.00]" time="0.002" /><testcase classname="tests.unit.test_invariant_plan_replacement_money" name="test_money_owed_uses_paid_amount_and_stays_inside_it[10.00-29-0.33]" time="0.001" /><testcase classname="tests.unit.test_invariant_plan_replacement_money" name="test_money_owed_uses_paid_amount_and_stays_inside_it[7.00-15-3.50]" time="0.001" /><testcase classname="tests.unit.test_invariant_plan_replacement_money" name="test_money_owed_uses_paid_amount_and_stays_inside_it[0.00-15-0.00]" time="0.002" /><testcase classname="tests.unit.test_invariant_plan_replacement_money" name="test_money_owed_uses_paid_amount_and_stays_inside_it[-1.00-15-0.00]" time="0.002" /><testcase classname="tests.unit.test_invariant_plan_replacement_money" name="test_money_owed_uses_paid_amount_and_stays_inside_it[30.00-31-0.00]" time="0.002" /><testcase classname="tests.unit.test_invariant_plan_replacement_money" name="test_money_rounds_half_up_to_two_decimals" time="0.002" /><testcase classname="tests.unit.test_invariant_plan_replacement_money" name="test_the_customer_sentence_reads_the_one_time_constant" time="0.002" /><testcase classname="tests.integration.test_plan_change_journey" name="test_every_paid_plan_move_is_a_payment_and_the_switch_route_takes_nothing[trader-pro-monthly-immediate]" time="1.311" /><testcase classname="tests.integration.test_plan_change_journey" name="test_every_paid_plan_move_is_a_payment_and_the_switch_route_takes_nothing[trader-pro-monthly-period_end]" time="1.378" /><testcase classname="tests.integration.test_plan_change_journey" name="test_every_paid_plan_move_is_a_payment_and_the_switch_route_takes_nothing[trader-pro-annual-immediate]" time="1.095" /><testcase classname="tests.integration.test_plan_change_journey" name="test_every_paid_plan_move_is_a_payment_and_the_switch_route_takes_nothing[trader-pro-annual-period_end]" time="1.450" /><testcase classname="tests.integration.test_plan_change_journey" name="test_every_paid_plan_move_is_a_payment_and_the_switch_route_takes_nothing[pro-trader-monthly-immediate]" time="1.079" /><testcase classname="tests.integration.test_plan_change_journey" name="test_every_paid_plan_move_is_a_payment_and_the_switch_route_takes_nothing[pro-trader-monthly-period_end]" time="1.069" /><testcase classname="tests.integration.test_plan_change_journey" name="test_every_paid_plan_move_is_a_payment_and_the_switch_route_takes_nothing[pro-trader-annual-immediate]" time="1.086" /><testcase classname="tests.integration.test_plan_change_journey" name="test_every_paid_plan_move_is_a_payment_and_the_switch_route_takes_nothing[pro-trader-annual-period_end]" time="1.059" /><testcase classname="tests.integration.test_plan_change_journey" name="test_a_change_booked_before_the_rule_still_applies_at_period_end" time="1.037" /><testcase classname="tests.integration.test_plan_change_journey" name="test_downgrade_immediate_is_refused" time="1.064" /><testcase classname="tests.integration.test_plan_change_journey" name="test_every_plan_card_button_matches_the_server[trader]" time="1.497" /><testcase classname="tests.integration.test_plan_change_journey" name="test_every_plan_card_button_matches_the_server[pro]" time="1.824" /><testcase classname="tests.integration.test_plan_change_journey" name="test_a_lapsed_recurring_card_plan_is_held_by_every_page_exactly_like_the_route[trader]" time="1.557" /><testcase classname="tests.integration.test_plan_change_journey" name="test_a_lapsed_recurring_card_plan_is_held_by_every_page_exactly_like_the_route[pro]" time="1.188" /><testcase classname="tests.integration.test_plan_change_journey" name="test_a_lapsed_plan_with_no_payment_record_refuses_replacement_on_every_surface[trader]" time="1.082" /><testcase classname="tests.integration.test_plan_change_journey" name="test_a_lapsed_plan_with_no_payment_record_refuses_replacement_on_every_surface[pro]" time="1.107" /><testcase classname="tests.integration.test_plan_change_journey" name="test_timeout_on_immediate_upgrade_never_invites_a_retry" time="1.515" /><testcase classname="tests.integration.test_plan_change_journey" name="test_crypto_paid_account_is_told_to_buy_not_switch" time="1.098" /><testcase classname="tests.integration.test_plan_change_journey" name="test_switch_to_free_plan_is_not_offered_and_is_refused" time="1.020" /><testcase classname="tests.integration.test_plan_change_journey" name="test_invalid_or_denied_switches_are_refused[trader-plan_change_not_needed]" time="1.042" /><testcase classname="tests.integration.test_plan_change_journey" name="test_invalid_or_denied_switches_are_refused[creator-plan_not_available]" time="0.964" /><testcase classname="tests.integration.test_plan_change_journey" name="test_invalid_or_denied_switches_are_refused[lifetime-plan_not_available]" time="0.969" /><testcase classname="tests.integration.test_plan_change_journey" name="test_switch_with_already_pending_change_is_refused" time="1.838" /><testcase classname="tests.integration.test_plan_change_journey" name="test_switch_without_paid_plan_is_refused" time="1.384" /><testcase classname="tests.integration.test_plan_change_journey" name="test_upgrade_without_consent_is_refused" time="1.023" /><testcase classname="tests.integration.test_plan_change_journey" name="test_every_checkout_tick_box_says_what_happens_to_the_plan_held[trader-pro]" time="1.142" /><testcase classname="tests.integration.test_plan_change_journey" name="test_every_checkout_tick_box_says_what_happens_to_the_plan_held[pro-trader]" time="1.119" /><testcase classname="tests.integration.test_plan_change_journey" name="test_nobody_without_a_paid_plan_is_promised_money_back[none]" time="1.066" /><testcase classname="tests.integration.test_plan_change_journey" name="test_nobody_without_a_paid_plan_is_promised_money_back[admin]" time="1.242" /><testcase classname="tests.integration.test_plan_change_journey" name="test_nobody_without_a_paid_plan_is_promised_money_back[trial]" time="1.534" /><testcase classname="tests.integration.test_plan_change_journey" name="test_a_paid_plan_with_no_payment_record_is_refused_alike_on_every_page[trader-pro]" time="1.112" /><testcase classname="tests.integration.test_plan_change_journey" name="test_a_paid_plan_with_no_payment_record_is_refused_alike_on_every_page[pro-trader]" time="1.227" /><testcase classname="tests.integration.test_dashboard_test_subscription" name="test_the_page_renders" time="0.939" /><testcase classname="tests.integration.test_dashboard_test_subscription" name="test_the_subscription_page_has_no_jump_bar" time="1.003" /><testcase classname="tests.integration.test_dashboard_test_subscription" name="test_the_first_thing_is_what_you_have_not_what_you_could_buy" time="1.040" /><testcase classname="tests.integration.test_dashboard_test_subscription" name="test_the_page_says_what_your_plan_lets_you_do" time="1.070" /><testcase classname="tests.integration.test_dashboard_test_subscription" name="test_an_allowance_of_none_is_never_drawn_as_a_zero" time="1.016" /><testcase classname="tests.integration.test_dashboard_test_subscription" name="test_only_the_message_cap_that_really_bites_is_shown" time="1.446" /><testcase classname="tests.integration.test_dashboard_test_subscription" name="test_how_the_plan_ends_is_one_sentence_not_three_tiles" time="0.954" /><testcase classname="tests.integration.test_dashboard_test_subscription" name="test_every_visible_plan_has_a_card[demo]" time="1.013" /><testcase classname="tests.integration.test_dashboard_test_subscription" name="test_every_visible_plan_has_a_card[trader]" time="1.210" /><testcase classname="tests.integration.test_dashboard_test_subscription" name="test_every_visible_plan_has_a_card[pro]" time="1.001" /><testcase classname="tests.integration.test_dashboard_test_subscription" name="test_card_feature_lists_use_the_shared_comparison_copy[demo]" time="1.614" /><testcase classname="tests.integration.test_dashboard_test_subscription" name="test_card_feature_lists_use_the_shared_comparison_copy[trader]" time="1.258" /><testcase classname="tests.integration.test_dashboard_test_subscription" name="test_card_feature_lists_use_the_shared_comparison_copy[pro]" time="1.011" /><testcase classname="tests.integration.test_dashboard_test_subscription" name="test_a_plan_nobody_can_buy_shows_no_price[trader]" time="1.589" /><testcase classname="tests.integration.test_dashboard_test_subscription" name="test_a_plan_nobody_can_buy_shows_no_price[pro]" time="1.004" /><testcase classname="tests.integration.test_dashboard_test_subscription" name="test_a_plan_that_cannot_be_chosen_says_why" time="0.902" /><testcase classname="tests.integration.test_dashboard_test_subscription" name="test_the_free_plan_is_never_described_as_switched_off" time="0.960" /><testcase classname="tests.integration.test_dashboard_test_subscription" name="test_the_checkout_shows_the_exact_charge_before_the_button_that_leaves" time="1.026" /><testcase classname="tests.integration.test_dashboard_test_subscription" name="test_the_checkout_says_who_takes_the_card_details" time="1.020" /><testcase classname="tests.integration.test_dashboard_test_subscription" name="test_the_checkout_popup_is_a_real_dialog" time="1.081" /><testcase classname="tests.integration.test_dashboard_test_subscription" name="test_payment_history_says_what_happened_in_words" time="1.463" /><testcase classname="tests.integration.test_dashboard_test_subscription" name="test_no_word_from_inside_the_machine_reaches_the_page[Access source]" time="1.104" /><testcase classname="tests.integration.test_dashboard_test_subscription" name="test_no_word_from_inside_the_machine_reaches_the_page[Billing interval]" time="0.916" /><testcase classname="tests.integration.test_dashboard_test_subscription" name="test_no_word_from_inside_the_machine_reaches_the_page[billing cycle]" time="0.969" /><testcase classname="tests.integration.test_dashboard_test_subscription" name="test_no_word_from_inside_the_machine_reaches_the_page[Provider Unavailable]" time="0.999" /><testcase classname="tests.integration.test_dashboard_test_subscription" name="test_no_word_from_inside_the_machine_reaches_the_page[entitlement]" time="0.922" /><testcase classname="tests.integration.test_dashboard_test_subscription" name="test_no_word_from_inside_the_machine_reaches_the_page[Secure checkout]" time="0.968" /><testcase classname="tests.integration.test_dashboard_test_subscription" name="test_no_word_from_inside_the_machine_reaches_the_page[Complete your billing details]" time="0.930" /><testcase classname="tests.integration.test_dashboard_test_subscription" name="test_no_forbidden_claim_reaches_the_page[100% halal]" time="1.429" /><testcase classname="tests.integration.test_dashboard_test_subscription" name="test_no_forbidden_claim_reaches_the_page[guaranteed]" time="0.926" /><testcase classname="tests.integration.test_dashboard_test_subscription" name="test_no_forbidden_claim_reaches_the_page[risk-free]" time="0.913" /><testcase classname="tests.integration.test_dashboard_test_subscription" name="test_no_forbidden_claim_reaches_the_page[buy now]" time="0.966" /><testcase classname="tests.integration.test_dashboard_test_subscription" name="test_no_forbidden_claim_reaches_the_page[AI trades for you]" time="0.946" /><testcase classname="tests.integration.test_dashboard_test_subscription" name="test_nothing_on_the_page_implies_a_plan_buys_a_trading_outcome" time="0.955" /><testcase classname="tests.integration.test_dashboard_test_subscription" name="test_the_checkout_never_opens_over_a_plan_that_has_no_button" time="0.924" /><testcase classname="tests.integration.test_dashboard_test_subscription" name="test_a_plan_nobody_named_never_opens_the_checkout[nonsense]" time="0.915" /><testcase classname="tests.integration.test_dashboard_test_subscription" name="test_a_plan_nobody_named_never_opens_the_checkout[demo]" time="1.457" /><testcase classname="tests.integration.test_dashboard_test_subscription" name="test_a_plan_nobody_named_never_opens_the_checkout[]" time="0.912" /><testcase classname="tests.integration.test_dashboard_test_subscription" name="test_no_passport_popup_is_on_a_page_with_no_coin_on_it" time="0.902" /><testcase classname="tests.integration.test_dashboard_test_subscription" name="test_the_live_page_still_works" time="0.997" /><testcase classname="tests.integration.test_dashboard_test_subscription" name="test_a_way_of_paying_that_is_switched_off_is_drawn_switched_off" time="0.922" /><testcase classname="tests.integration.test_dashboard_test_subscription" name="test_each_plan_carries_the_ways_of_paying_that_really_work_for_it" time="1.005" /><testcase classname="tests.integration.test_dashboard_test_subscription" name="test_choosing_a_switched_off_way_of_paying_says_what_to_use_instead" time="0.919" /><testcase classname="tests.integration.test_dashboard_test_subscription" name="test_the_way_of_paying_that_is_open_can_still_be_chosen" time="0.938" /><testcase classname="tests.integration.test_dashboard_test_subscription" name="test_each_way_of_paying_names_the_company_that_will_take_the_money" time="1.419" /><testcase classname="tests.integration.test_dashboard_test_subscription" name="test_a_switched_off_way_of_paying_names_no_company" time="0.904" /><testcase classname="tests.integration.test_checkout_and_payment_email" name="test_a_selected_paid_plan_opens_its_checkout_dialog[trader]" time="0.937" /><testcase classname="tests.integration.test_checkout_and_payment_email" name="test_a_selected_paid_plan_opens_its_checkout_dialog[pro]" time="0.911" /><testcase classname="tests.integration.test_checkout_and_payment_email" name="test_every_reported_payment_choice_opens_a_provider_page[trader-card]" time="0.957" /><testcase classname="tests.integration.test_checkout_and_payment_email" name="test_every_reported_payment_choice_opens_a_provider_page[trader-crypto]" time="1.143" /><testcase classname="tests.integration.test_checkout_and_payment_email" name="test_every_reported_payment_choice_opens_a_provider_page[pro-card]" time="1.193" /><testcase classname="tests.integration.test_checkout_and_payment_email" name="test_every_reported_payment_choice_opens_a_provider_page[pro-crypto]" time="1.016" /><testcase classname="tests.integration.test_checkout_and_payment_email" name="test_review_page_shows_terms_for_each_available_payment_method" time="0.861" /><testcase classname="tests.integration.test_checkout_and_payment_email" name="test_checkout_uses_server_price_and_deduplicates_attempt" time="1.505" /><testcase classname="tests.integration.test_checkout_and_payment_email" name="test_the_review_page_quotes_the_price_it_will_charge[trader]" time="0.919" /><testcase classname="tests.integration.test_checkout_and_payment_email" name="test_the_review_page_quotes_the_price_it_will_charge[pro]" time="0.930" /><testcase classname="tests.integration.test_checkout_and_payment_email" name="test_a_discount_code_changes_the_amount_the_payment_is_created_for" time="0.947" /><testcase classname="tests.integration.test_checkout_and_payment_email" name="test_a_code_is_refused_on_the_card_route_rather_than_quietly_dropped" time="0.872" /><testcase classname="tests.integration.test_checkout_and_payment_email" name="test_a_wrong_code_is_refused_and_charges_nothing" time="0.897" /><testcase classname="tests.integration.test_checkout_and_payment_email" name="test_a_full_price_renewal_after_a_discounted_first_period_lands" time="0.916" /><testcase classname="tests.integration.test_checkout_and_payment_email" name="test_verified_static_payment_activates_once_and_emails_once" time="1.045" /><testcase classname="tests.integration.test_checkout_and_payment_email" name="test_creem_checkout_route_waits_for_signed_payment_before_activation" time="1.961" /><testcase classname="tests.integration.test_checkout_and_payment_email" name="test_checkout_json_error_stays_in_the_billing_dialog" time="0.891" /><testcase classname="tests.integration.test_checkout_and_payment_email" name="test_checkout_requires_terms_and_valid_csrf" time="0.933" /><testcase classname="tests.integration.test_checkout_and_payment_email" name="test_monitor_monthly_selection_skips_an_unconfigured_trial" time="0.824" /><testcase classname="tests.integration.test_checkout_and_payment_email" name="test_only_matching_paid_plan_blocks_checkout_and_admin_access_does_not" time="0.952" /><testcase classname="tests.integration.test_checkout_and_payment_email" name="test_the_review_page_allows_full_price_for_every_different_paid_plan[trader-pro]" time="0.928" /><testcase classname="tests.integration.test_checkout_and_payment_email" name="test_the_review_page_allows_full_price_for_every_different_paid_plan[pro-trader]" time="0.933" /><testcase classname="tests.integration.test_checkout_and_payment_email" name="test_the_review_page_shows_already_subscribed_for_the_held_plan[trader]" time="0.926" /><testcase classname="tests.integration.test_checkout_and_payment_email" name="test_the_review_page_shows_already_subscribed_for_the_held_plan[pro]" time="1.700" /><testcase classname="tests.integration.test_checkout_and_payment_email" name="test_crypto_access_can_be_replaced_by_buying_another_plan[trader-pro]" time="0.980" /><testcase classname="tests.integration.test_checkout_and_payment_email" name="test_crypto_access_can_be_replaced_by_buying_another_plan[pro-trader]" time="1.045" /><testcase classname="tests.integration.test_checkout_and_payment_email" name="test_a_card_subscription_buys_the_different_plan_at_full_price[trader-pro]" time="0.937" /><testcase classname="tests.integration.test_checkout_and_payment_email" name="test_a_card_subscription_buys_the_different_plan_at_full_price[pro-trader]" time="0.928" /><testcase classname="tests.integration.test_checkout_and_payment_email" name="test_an_old_payment_link_attaches_the_newly_held_plan_without_ending_it" time="1.032" /><testcase classname="tests.integration.test_checkout_and_payment_email" name="test_the_plan_somebody_has_is_the_best_one_they_paid_for" time="0.899" /><testcase classname="tests.integration.test_checkout_and_payment_email" name="test_payment_email_preview_is_rendered_in_development" time="0.920" /><testcase classname="tests.integration.test_checkout_and_payment_email" name="test_payment_email_preview_is_not_exposed_in_production" time="0.937" /><testcase classname="tests.integration.test_checkout_and_payment_email" name="test_no_machine_word_reaches_the_checkout_page[duplicate-provider]" time="1.466" /><testcase classname="tests.integration.test_checkout_and_payment_email" name="test_no_machine_word_reaches_the_checkout_page[duplicate-entitlement]" time="0.906" /><testcase classname="tests.integration.test_checkout_and_payment_email" name="test_no_machine_word_reaches_the_checkout_page[duplicate-duplicate payment]" time="0.964" /><testcase classname="tests.integration.test_checkout_and_payment_email" name="test_no_machine_word_reaches_the_checkout_page[billing_terms_required-provider]" time="1.161" /><testcase classname="tests.integration.test_checkout_and_payment_email" name="test_no_machine_word_reaches_the_checkout_page[billing_terms_required-entitlement]" time="1.041" /><testcase classname="tests.integration.test_checkout_and_payment_email" name="test_no_machine_word_reaches_the_checkout_page[billing_terms_required-duplicate payment]" time="0.931" /><testcase classname="tests.integration.test_checkout_and_payment_email" name="test_no_machine_word_reaches_the_checkout_page[provider_unavailable-provider]" time="0.974" /><testcase classname="tests.integration.test_checkout_and_payment_email" name="test_no_machine_word_reaches_the_checkout_page[provider_unavailable-entitlement]" time="1.018" /><testcase classname="tests.integration.test_checkout_and_payment_email" name="test_no_machine_word_reaches_the_checkout_page[provider_unavailable-duplicate payment]" time="1.119" /><testcase classname="tests.integration.test_checkout_and_payment_email" name="test_no_machine_word_reaches_the_checkout_page[already_subscribed-provider]" time="1.123" /><testcase classname="tests.integration.test_checkout_and_payment_email" name="test_no_machine_word_reaches_the_checkout_page[already_subscribed-entitlement]" time="1.509" /><testcase classname="tests.integration.test_checkout_and_payment_email" name="test_no_machine_word_reaches_the_checkout_page[already_subscribed-duplicate payment]" time="0.945" /><testcase classname="tests.integration.test_checkout_and_payment_email" name="test_no_machine_word_reaches_the_checkout_page[checkout_expired-provider]" time="0.881" /><testcase classname="tests.integration.test_checkout_and_payment_email" name="test_no_machine_word_reaches_the_checkout_page[checkout_expired-entitlement]" time="1.003" /><testcase classname="tests.integration.test_checkout_and_payment_email" name="test_no_machine_word_reaches_the_checkout_page[checkout_expired-duplicate payment]" time="0.932" /><testcase classname="tests.integration.test_checkout_and_payment_email" name="test_no_machine_word_reaches_the_checkout_page[plan_not_available-provider]" time="0.956" /><testcase classname="tests.integration.test_checkout_and_payment_email" name="test_no_machine_word_reaches_the_checkout_page[plan_not_available-entitlement]" time="0.953" /><testcase classname="tests.integration.test_checkout_and_payment_email" name="test_no_machine_word_reaches_the_checkout_page[plan_not_available-duplicate payment]" time="0.974" /><testcase classname="tests.integration.test_checkout_and_payment_email" name="test_the_checkout_notice_says_what_happened_and_what_to_do[duplicate-says-pay-twice]" time="1.604" /><testcase classname="tests.integration.test_checkout_and_payment_email" name="test_the_checkout_notice_says_what_happened_and_what_to_do[provider-unavailable-says-retry]" time="0.986" /><testcase classname="tests.integration.test_checkout_and_payment_email" name="test_the_checkout_notice_says_what_happened_and_what_to_do[expired-says-start-again]" time="1.026" /><testcase classname="tests.integration.test_checkout_and_payment_email" name="test_the_checkout_notice_says_what_happened_and_what_to_do[plan-not-available-says-start-again]" time="1.333" /><testcase classname="tests.integration.test_checkout_and_payment_email" name="test_customer_billing_surfaces_carry_no_engineer_speak[checkout.html]" time="0.003" /><testcase classname="tests.integration.test_checkout_and_payment_email" name="test_customer_billing_surfaces_carry_no_engineer_speak[billing_portal.html]" time="0.003" /><testcase classname="tests.integration.test_checkout_and_payment_email" name="test_customer_billing_surfaces_carry_no_engineer_speak[billing.html]" time="0.003" /><testcase classname="tests.integration.test_checkout_and_payment_email" name="test_customer_billing_surfaces_carry_no_engineer_speak[dashboard.py]" time="0.008" /><testcase classname="tests.integration.test_checkout_and_payment_email" name="test_customer_billing_surfaces_carry_no_engineer_speak[billing_result.html]" time="0.003" /><testcase classname="tests.integration.test_checkout_and_payment_email" name="test_customer_billing_surfaces_carry_no_engineer_speak[hilalmarkets-billing.js]" time="0.004" /><testcase classname="tests.integration.test_checkout_and_payment_email" name="test_the_checkout_names_each_limit_as_every_other_page_does[trader]" time="1.229" /><testcase classname="tests.integration.test_checkout_and_payment_email" name="test_the_checkout_names_each_limit_as_every_other_page_does[pro]" time="1.033" /><testcase classname="tests.integration.test_checkout_and_payment_email" name="test_the_receipt_names_each_limit_as_every_other_page_does[trader]" time="1.115" /><testcase classname="tests.integration.test_checkout_and_payment_email" name="test_the_receipt_names_each_limit_as_every_other_page_does[pro]" time="1.822" /><testcase classname="tests.integration.test_held_plan_renewal_words" name="test_a_paid_plan_promises_renewal_only_when_it_really_renews[running-creem-monthly_auto_renewal-trader-sells_by_card]" time="1.325" /><testcase classname="tests.integration.test_held_plan_renewal_words" name="test_a_paid_plan_promises_renewal_only_when_it_really_renews[running-creem-monthly_auto_renewal-trader-sells_by_crypto_only]" time="1.979" /><testcase classname="tests.integration.test_held_plan_renewal_words" name="test_a_paid_plan_promises_renewal_only_when_it_really_renews[running-creem-monthly_auto_renewal-trader-sells_nothing]" time="1.351" /><testcase classname="tests.integration.test_held_plan_renewal_words" name="test_a_paid_plan_promises_renewal_only_when_it_really_renews[running-creem-monthly_auto_renewal-pro-sells_by_card]" time="1.652" /><testcase classname="tests.integration.test_held_plan_renewal_words" name="test_a_paid_plan_promises_renewal_only_when_it_really_renews[running-creem-monthly_auto_renewal-pro-sells_by_crypto_only]" time="1.687" /><testcase classname="tests.integration.test_held_plan_renewal_words" name="test_a_paid_plan_promises_renewal_only_when_it_really_renews[running-creem-monthly_auto_renewal-pro-sells_nothing]" time="1.664" /><testcase classname="tests.integration.test_held_plan_renewal_words" name="test_a_paid_plan_promises_renewal_only_when_it_really_renews[running-creem-annual_auto_renewal-trader-sells_by_card]" time="1.415" /><testcase classname="tests.integration.test_held_plan_renewal_words" name="test_a_paid_plan_promises_renewal_only_when_it_really_renews[running-creem-annual_auto_renewal-trader-sells_by_crypto_only]" time="1.653" /><testcase classname="tests.integration.test_held_plan_renewal_words" name="test_a_paid_plan_promises_renewal_only_when_it_really_renews[running-creem-annual_auto_renewal-trader-sells_nothing]" time="1.317" /><testcase classname="tests.integration.test_held_plan_renewal_words" name="test_a_paid_plan_promises_renewal_only_when_it_really_renews[running-creem-annual_auto_renewal-pro-sells_by_card]" time="2.108" /><testcase classname="tests.integration.test_held_plan_renewal_words" name="test_a_paid_plan_promises_renewal_only_when_it_really_renews[running-creem-annual_auto_renewal-pro-sells_by_crypto_only]" time="1.659" /><testcase classname="tests.integration.test_held_plan_renewal_words" name="test_a_paid_plan_promises_renewal_only_when_it_really_renews[running-creem-annual_auto_renewal-pro-sells_nothing]" time="1.518" /><testcase classname="tests.integration.test_held_plan_renewal_words" name="test_a_paid_plan_promises_renewal_only_when_it_really_renews[running-stripe-monthly_auto_renewal-trader-sells_by_card]" time="2.193" /><testcase classname="tests.integration.test_held_plan_renewal_words" name="test_a_paid_plan_promises_renewal_only_when_it_really_renews[running-stripe-monthly_auto_renewal-trader-sells_by_crypto_only]" time="1.775" /><testcase classname="tests.integration.test_held_plan_renewal_words" name="test_a_paid_plan_promises_renewal_only_when_it_really_renews[running-stripe-monthly_auto_renewal-trader-sells_nothing]" time="1.294" /><testcase classname="tests.integration.test_held_plan_renewal_words" name="test_a_paid_plan_promises_renewal_only_when_it_really_renews[running-stripe-monthly_auto_renewal-pro-sells_by_card]" time="1.343" /><testcase classname="tests.integration.test_held_plan_renewal_words" name="test_a_paid_plan_promises_renewal_only_when_it_really_renews[running-stripe-monthly_auto_renewal-pro-sells_by_crypto_only]" time="0.992" /><testcase classname="tests.integration.test_held_plan_renewal_words" name="test_a_paid_plan_promises_renewal_only_when_it_really_renews[running-stripe-monthly_auto_renewal-pro-sells_nothing]" time="0.972" /><testcase classname="tests.integration.test_held_plan_renewal_words" name="test_a_paid_plan_promises_renewal_only_when_it_really_renews[running-stripe-annual_auto_renewal-trader-sells_by_card]" time="1.819" /><testcase classname="tests.integration.test_held_plan_renewal_words" name="test_a_paid_plan_promises_renewal_only_when_it_really_renews[running-stripe-annual_auto_renewal-trader-sells_by_crypto_only]" time="1.158" /><testcase classname="tests.integration.test_held_plan_renewal_words" name="test_a_paid_plan_promises_renewal_only_when_it_really_renews[running-stripe-annual_auto_renewal-trader-sells_nothing]" time="1.354" /><testcase classname="tests.integration.test_held_plan_renewal_words" name="test_a_paid_plan_promises_renewal_only_when_it_really_renews[running-stripe-annual_auto_renewal-pro-sells_by_card]" time="1.399" /><testcase classname="tests.integration.test_held_plan_renewal_words" name="test_a_paid_plan_promises_renewal_only_when_it_really_renews[running-stripe-annual_auto_renewal-pro-sells_by_crypto_only]" time="1.222" /><testcase classname="tests.integration.test_held_plan_renewal_words" name="test_a_paid_plan_promises_renewal_only_when_it_really_renews[running-stripe-annual_auto_renewal-pro-sells_nothing]" time="1.166" /><testcase classname="tests.integration.test_held_plan_renewal_words" name="test_a_paid_plan_promises_renewal_only_when_it_really_renews[running-nowpayments-one_time_30_day-trader-sells_by_card]" time="1.156" /><testcase classname="tests.integration.test_held_plan_renewal_words" name="test_a_paid_plan_promises_renewal_only_when_it_really_renews[running-nowpayments-one_time_30_day-trader-sells_by_crypto_only]" time="1.282" /><testcase classname="tests.integration.test_held_plan_renewal_words" name="test_a_paid_plan_promises_renewal_only_when_it_really_renews[running-nowpayments-one_time_30_day-trader-sells_nothing]" time="1.285" /><testcase classname="tests.integration.test_held_plan_renewal_words" name="test_a_paid_plan_promises_renewal_only_when_it_really_renews[running-nowpayments-one_time_30_day-pro-sells_by_card]" time="1.892" /><testcase classname="tests.integration.test_held_plan_renewal_words" name="test_a_paid_plan_promises_renewal_only_when_it_really_renews[running-nowpayments-one_time_30_day-pro-sells_by_crypto_only]" time="1.107" /><testcase classname="tests.integration.test_held_plan_renewal_words" name="test_a_paid_plan_promises_renewal_only_when_it_really_renews[running-nowpayments-one_time_30_day-pro-sells_nothing]" time="1.597" /><testcase classname="tests.integration.test_held_plan_renewal_words" name="test_a_paid_plan_promises_renewal_only_when_it_really_renews[running-static-one_time_30_day-trader-sells_by_card]" time="2.097" /><testcase classname="tests.integration.test_held_plan_renewal_words" name="test_a_paid_plan_promises_renewal_only_when_it_really_renews[running-static-one_time_30_day-trader-sells_by_crypto_only]" time="1.030" /><testcase classname="tests.integration.test_held_plan_renewal_words" name="test_a_paid_plan_promises_renewal_only_when_it_really_renews[running-static-one_time_30_day-trader-sells_nothing]" time="1.057" /><testcase classname="tests.integration.test_held_plan_renewal_words" name="test_a_paid_plan_promises_renewal_only_when_it_really_renews[running-static-one_time_30_day-pro-sells_by_card]" time="1.042" /><testcase classname="tests.integration.test_held_plan_renewal_words" name="test_a_paid_plan_promises_renewal_only_when_it_really_renews[running-static-one_time_30_day-pro-sells_by_crypto_only]" time="1.150" /><testcase classname="tests.integration.test_held_plan_renewal_words" name="test_a_paid_plan_promises_renewal_only_when_it_really_renews[running-static-one_time_30_day-pro-sells_nothing]" time="1.352" /><testcase classname="tests.integration.test_held_plan_renewal_words" name="test_a_paid_plan_promises_renewal_only_when_it_really_renews[stopped-creem-monthly_auto_renewal-trader-sells_by_card]" time="1.092" /><testcase classname="tests.integration.test_held_plan_renewal_words" name="test_a_paid_plan_promises_renewal_only_when_it_really_renews[stopped-creem-monthly_auto_renewal-trader-sells_by_crypto_only]" time="1.754" /><testcase classname="tests.integration.test_held_plan_renewal_words" name="test_a_paid_plan_promises_renewal_only_when_it_really_renews[stopped-creem-monthly_auto_renewal-trader-sells_nothing]" time="0.999" /><testcase classname="tests.integration.test_held_plan_renewal_words" name="test_a_paid_plan_promises_renewal_only_when_it_really_renews[stopped-creem-monthly_auto_renewal-pro-sells_by_card]" time="1.089" /><testcase classname="tests.integration.test_held_plan_renewal_words" name="test_a_paid_plan_promises_renewal_only_when_it_really_renews[stopped-creem-monthly_auto_renewal-pro-sells_by_crypto_only]" time="1.223" /><testcase classname="tests.integration.test_held_plan_renewal_words" name="test_a_paid_plan_promises_renewal_only_when_it_really_renews[stopped-creem-monthly_auto_renewal-pro-sells_nothing]" time="1.402" /><testcase classname="tests.integration.test_held_plan_renewal_words" name="test_a_paid_plan_promises_renewal_only_when_it_really_renews[stopped-creem-annual_auto_renewal-trader-sells_by_card]" time="1.199" /><testcase classname="tests.integration.test_held_plan_renewal_words" name="test_a_paid_plan_promises_renewal_only_when_it_really_renews[stopped-creem-annual_auto_renewal-trader-sells_by_crypto_only]" time="1.031" /><testcase classname="tests.integration.test_held_plan_renewal_words" name="test_a_paid_plan_promises_renewal_only_when_it_really_renews[stopped-creem-annual_auto_renewal-trader-sells_nothing]" time="1.222" /><testcase classname="tests.integration.test_held_plan_renewal_words" name="test_a_paid_plan_promises_renewal_only_when_it_really_renews[stopped-creem-annual_auto_renewal-pro-sells_by_card]" time="1.651" /><testcase classname="tests.integration.test_held_plan_renewal_words" name="test_a_paid_plan_promises_renewal_only_when_it_really_renews[stopped-creem-annual_auto_renewal-pro-sells_by_crypto_only]" time="1.040" /><testcase classname="tests.integration.test_held_plan_renewal_words" name="test_a_paid_plan_promises_renewal_only_when_it_really_renews[stopped-creem-annual_auto_renewal-pro-sells_nothing]" time="1.349" /><testcase classname="tests.integration.test_held_plan_renewal_words" name="test_a_paid_plan_promises_renewal_only_when_it_really_renews[stopped-stripe-monthly_auto_renewal-trader-sells_by_card]" time="1.429" /><testcase classname="tests.integration.test_held_plan_renewal_words" name="test_a_paid_plan_promises_renewal_only_when_it_really_renews[stopped-stripe-monthly_auto_renewal-trader-sells_by_crypto_only]" time="1.342" /><testcase classname="tests.integration.test_held_plan_renewal_words" name="test_a_paid_plan_promises_renewal_only_when_it_really_renews[stopped-stripe-monthly_auto_renewal-trader-sells_nothing]" time="0.990" /><testcase classname="tests.integration.test_held_plan_renewal_words" name="test_a_paid_plan_promises_renewal_only_when_it_really_renews[stopped-stripe-monthly_auto_renewal-pro-sells_by_card]" time="1.185" /><testcase classname="tests.integration.test_held_plan_renewal_words" name="test_a_paid_plan_promises_renewal_only_when_it_really_renews[stopped-stripe-monthly_auto_renewal-pro-sells_by_crypto_only]" time="1.324" /><testcase classname="tests.integration.test_held_plan_renewal_words" name="test_a_paid_plan_promises_renewal_only_when_it_really_renews[stopped-stripe-monthly_auto_renewal-pro-sells_nothing]" time="1.302" /><testcase classname="tests.integration.test_held_plan_renewal_words" name="test_a_paid_plan_promises_renewal_only_when_it_really_renews[stopped-stripe-annual_auto_renewal-trader-sells_by_card]" time="2.233" /><testcase classname="tests.integration.test_held_plan_renewal_words" name="test_a_paid_plan_promises_renewal_only_when_it_really_renews[stopped-stripe-annual_auto_renewal-trader-sells_by_crypto_only]" time="1.687" /><testcase classname="tests.integration.test_held_plan_renewal_words" name="test_a_paid_plan_promises_renewal_only_when_it_really_renews[stopped-stripe-annual_auto_renewal-trader-sells_nothing]" time="1.448" /><testcase classname="tests.integration.test_held_plan_renewal_words" name="test_a_paid_plan_promises_renewal_only_when_it_really_renews[stopped-stripe-annual_auto_renewal-pro-sells_by_card]" time="1.342" /><testcase classname="tests.integration.test_held_plan_renewal_words" name="test_a_paid_plan_promises_renewal_only_when_it_really_renews[stopped-stripe-annual_auto_renewal-pro-sells_by_crypto_only]" time="1.340" /><testcase classname="tests.integration.test_held_plan_renewal_words" name="test_a_paid_plan_promises_renewal_only_when_it_really_renews[stopped-stripe-annual_auto_renewal-pro-sells_nothing]" time="1.533" /><testcase classname="tests.integration.test_held_plan_renewal_words" name="test_a_paid_plan_promises_renewal_only_when_it_really_renews[stopped-nowpayments-one_time_30_day-trader-sells_by_card]" time="1.807" /><testcase classname="tests.integration.test_held_plan_renewal_words" name="test_a_paid_plan_promises_renewal_only_when_it_really_renews[stopped-nowpayments-one_time_30_day-trader-sells_by_crypto_only]" time="1.535" /><testcase classname="tests.integration.test_held_plan_renewal_words" name="test_a_paid_plan_promises_renewal_only_when_it_really_renews[stopped-nowpayments-one_time_30_day-trader-sells_nothing]" time="1.308" /><testcase classname="tests.integration.test_held_plan_renewal_words" name="test_a_paid_plan_promises_renewal_only_when_it_really_renews[stopped-nowpayments-one_time_30_day-pro-sells_by_card]" time="2.004" /><testcase classname="tests.integration.test_held_plan_renewal_words" name="test_a_paid_plan_promises_renewal_only_when_it_really_renews[stopped-nowpayments-one_time_30_day-pro-sells_by_crypto_only]" time="1.148" /><testcase classname="tests.integration.test_held_plan_renewal_words" name="test_a_paid_plan_promises_renewal_only_when_it_really_renews[stopped-nowpayments-one_time_30_day-pro-sells_nothing]" time="1.070" /><testcase classname="tests.integration.test_held_plan_renewal_words" name="test_a_paid_plan_promises_renewal_only_when_it_really_renews[stopped-static-one_time_30_day-trader-sells_by_card]" time="1.383" /><testcase classname="tests.integration.test_held_plan_renewal_words" name="test_a_paid_plan_promises_renewal_only_when_it_really_renews[stopped-static-one_time_30_day-trader-sells_by_crypto_only]" time="1.399" /><testcase classname="tests.integration.test_held_plan_renewal_words" name="test_a_paid_plan_promises_renewal_only_when_it_really_renews[stopped-static-one_time_30_day-trader-sells_nothing]" time="1.096" /><testcase classname="tests.integration.test_held_plan_renewal_words" name="test_a_paid_plan_promises_renewal_only_when_it_really_renews[stopped-static-one_time_30_day-pro-sells_by_card]" time="1.082" /><testcase classname="tests.integration.test_held_plan_renewal_words" name="test_a_paid_plan_promises_renewal_only_when_it_really_renews[stopped-static-one_time_30_day-pro-sells_by_crypto_only]" time="1.288" /><testcase classname="tests.integration.test_held_plan_renewal_words" name="test_a_paid_plan_promises_renewal_only_when_it_really_renews[stopped-static-one_time_30_day-pro-sells_nothing]" time="1.468" /><testcase classname="tests.integration.test_held_plan_renewal_words" name="test_access_nobody_pays_for_never_promises_a_renewal[free-sells_by_card]" time="2.179" /><testcase classname="tests.integration.test_held_plan_renewal_words" name="test_access_nobody_pays_for_never_promises_a_renewal[free-sells_by_crypto_only]" time="1.239" /><testcase classname="tests.integration.test_held_plan_renewal_words" name="test_access_nobody_pays_for_never_promises_a_renewal[free-sells_nothing]" time="1.146" /><testcase classname="tests.integration.test_held_plan_renewal_words" name="test_access_nobody_pays_for_never_promises_a_renewal[trial-sells_by_card]" time="1.033" /><testcase classname="tests.integration.test_held_plan_renewal_words" name="test_access_nobody_pays_for_never_promises_a_renewal[trial-sells_by_crypto_only]" time="1.106" /><testcase classname="tests.integration.test_held_plan_renewal_words" name="test_access_nobody_pays_for_never_promises_a_renewal[trial-sells_nothing]" time="1.376" /><testcase classname="tests.integration.test_held_plan_renewal_words" name="test_access_nobody_pays_for_never_promises_a_renewal[given_until-trader-sells_by_card]" time="1.242" /><testcase classname="tests.integration.test_held_plan_renewal_words" name="test_access_nobody_pays_for_never_promises_a_renewal[given_until-trader-sells_by_crypto_only]" time="1.024" /><testcase classname="tests.integration.test_held_plan_renewal_words" name="test_access_nobody_pays_for_never_promises_a_renewal[given_until-trader-sells_nothing]" time="1.119" /><testcase classname="tests.integration.test_held_plan_renewal_words" name="test_access_nobody_pays_for_never_promises_a_renewal[given_until-pro-sells_by_card]" time="1.548" /><testcase classname="tests.integration.test_held_plan_renewal_words" name="test_access_nobody_pays_for_never_promises_a_renewal[given_until-pro-sells_by_crypto_only]" time="2.116" /><testcase classname="tests.integration.test_held_plan_renewal_words" name="test_access_nobody_pays_for_never_promises_a_renewal[given_until-pro-sells_nothing]" time="1.178" /><testcase classname="tests.integration.test_held_plan_renewal_words" name="test_access_nobody_pays_for_never_promises_a_renewal[given_until_with_stop_flag-trader-sells_by_card]" time="1.208" /><testcase classname="tests.integration.test_held_plan_renewal_words" name="test_access_nobody_pays_for_never_promises_a_renewal[given_until_with_stop_flag-trader-sells_by_crypto_only]" time="1.086" /><testcase classname="tests.integration.test_held_plan_renewal_words" name="test_access_nobody_pays_for_never_promises_a_renewal[given_until_with_stop_flag-trader-sells_nothing]" time="1.374" /><testcase classname="tests.integration.test_held_plan_renewal_words" name="test_access_nobody_pays_for_never_promises_a_renewal[given_until_with_stop_flag-pro-sells_by_card]" time="1.503" /><testcase classname="tests.integration.test_held_plan_renewal_words" name="test_access_nobody_pays_for_never_promises_a_renewal[given_until_with_stop_flag-pro-sells_by_crypto_only]" time="1.319" /><testcase classname="tests.integration.test_held_plan_renewal_words" name="test_access_nobody_pays_for_never_promises_a_renewal[given_until_with_stop_flag-pro-sells_nothing]" time="1.159" /><testcase classname="tests.integration.test_held_plan_renewal_words" name="test_access_nobody_pays_for_never_promises_a_renewal[given_forever-trader-sells_by_card]" time="1.167" /><testcase classname="tests.integration.test_held_plan_renewal_words" name="test_access_nobody_pays_for_never_promises_a_renewal[given_forever-trader-sells_by_crypto_only]" time="1.911" /><testcase classname="tests.integration.test_held_plan_renewal_words" name="test_access_nobody_pays_for_never_promises_a_renewal[given_forever-trader-sells_nothing]" time="1.422" /><testcase classname="tests.integration.test_held_plan_renewal_words" name="test_access_nobody_pays_for_never_promises_a_renewal[given_forever-pro-sells_by_card]" time="3.821" /><testcase classname="tests.integration.test_held_plan_renewal_words" name="test_access_nobody_pays_for_never_promises_a_renewal[given_forever-pro-sells_by_crypto_only]" time="2.756" /><testcase classname="tests.integration.test_held_plan_renewal_words" name="test_access_nobody_pays_for_never_promises_a_renewal[given_forever-pro-sells_nothing]" time="1.624" /></testsuite></testsuites>