<?xml version="1.0" encoding="utf-8"?><testsuites name="pytest tests"><testsuite name="pytest" errors="0" failures="0" skipped="0" tests="22" time="231.801" timestamp="2026-09-13T02:40:04.471698+03:00" hostname="WIN-FOVCL5KBJ2M"><testcase classname="tests.browser.test_checkout_pay_button_e2e" name="test_pay_button_starts_disabled_and_the_card_choice_brings_it_back" time="49.909" /><testcase classname="tests.browser.test_checkout_pay_button_e2e" name="test_pay_button_starts_disabled_and_the_crypto_choice_brings_it_back" time="7.737" /><testcase classname="tests.browser.test_checkout_pay_button_e2e" name="test_pressing_pay_starts_the_handoff_card" time="8.281" /><testcase classname="tests.browser.test_checkout_pay_button_e2e" name="test_pressing_pay_starts_the_handoff_crypto" time="7.962" /><testcase classname="tests.browser.test_checkout_pay_button_e2e" name="test_the_billing_page_pay_button_opens_the_popup_for_every_plan[pro]" time="25.322" /><testcase classname="tests.browser.test_checkout_pay_button_e2e" name="test_the_billing_page_pay_button_opens_the_popup_for_every_plan[trader]" time="6.693" /><testcase classname="tests.browser.test_checkout_pay_button_e2e" name="test_a_crypto_holder_can_really_press_pay_for_the_other_plan" time="7.242" /><testcase classname="tests.browser.test_checkout_pay_button_e2e" name="test_a_crypto_holder_reaches_the_payment_form_on_the_review_page" time="7.937" /><testcase classname="tests.browser.test_checkout_pay_button_e2e" name="test_a_card_holder_is_offered_the_payment_popup_not_a_switch_form" time="6.775" /><testcase classname="tests.browser.test_checkout_pay_button_e2e" name="test_the_checkout_page_offers_no_disabled_path_to_a_card_holder" time="5.777" /><testcase classname="tests.browser.test_checkout_pay_button_e2e" name="test_upgrading_trader_to_pro_says_what_the_payment_does_before_it_is_taken" time="6.782" /><testcase classname="tests.browser.test_checkout_pay_button_e2e" name="test_downgrading_pro_to_trader_names_the_time_it_happens" time="6.488" /><testcase classname="tests.browser.test_checkout_pay_button_e2e" name="test_screenshot_s1_pro_none" time="10.383" /><testcase classname="tests.browser.test_checkout_pay_button_e2e" name="test_screenshot_s2_pro_card" time="10.547" /><testcase classname="tests.browser.test_checkout_pay_button_e2e" name="test_screenshot_s3_pro_crypto" time="10.361" /><testcase classname="tests.browser.test_checkout_pay_button_e2e" name="test_screenshot_s4_billing_pro_card_for_a_crypto_holder" time="8.697" /><testcase classname="tests.browser.test_checkout_pay_button_e2e" name="test_screenshot_s7_pro_review_page_for_a_card_holder" time="7.435" /><testcase classname="tests.browser.test_checkout_pay_button_e2e" name="test_screenshot_s5_billing_pay_buttons_for_a_card_holder" time="8.558" /><testcase classname="tests.browser.test_checkout_pay_button_e2e" name="test_screenshot_s6_downgrade_pay_note" time="8.133" /><testcase classname="tests.browser.test_checkout_pay_button_e2e" name="test_review_page_method_notes_wrap_at_word_boundaries[card-Handled by a test payment page.]" time="6.540" /><testcase classname="tests.browser.test_checkout_pay_button_e2e" name="test_review_page_method_notes_wrap_at_word_boundaries[crypto-Paying by crypto is switched off just now.]" time="6.849" /><testcase classname="tests.browser.test_checkout_pay_button_e2e" name="test_review_page_launch_price_does_not_overlap_countdown" time="7.171" /></testsuite></testsuites>