<?xml version="1.0" encoding="utf-8"?><testsuites name="pytest tests"><testsuite name="pytest" errors="0" failures="0" skipped="0" tests="5" time="14.517" timestamp="2026-09-10T03:49:03.286651+03:00" hostname="WIN-FOVCL5KBJ2M"><testcase classname="tests.integration.test_system_brain_payments" name="test_the_payments_page_lists_who_paid_and_how_much" time="3.454" /><testcase classname="tests.integration.test_system_brain_payments" name="test_one_customer_shows_payments_forms_and_a_timelog" time="2.988" /><testcase classname="tests.integration.test_system_brain_payments" name="test_a_customer_who_is_not_an_admin_cannot_open_the_payments_page" time="1.946" /><testcase classname="tests.integration.test_system_brain_payments" name="test_searching_finds_a_customer_by_email" time="3.563" /><testcase classname="tests.integration.test_system_brain_payments" name="test_the_page_never_recalculates_a_price_from_todays_plan_table" time="2.412" /></testsuite></testsuites>