<?xml version="1.0" encoding="utf-8"?><testsuites name="pytest tests"><testsuite name="pytest" errors="0" failures="0" skipped="0" tests="13" time="24.036" timestamp="2026-09-10T03:25:47.320991+03:00" hostname="WIN-FOVCL5KBJ2M"><testcase classname="tests.unit.test_invariant_billing_offers" name="test_page_offer_matches_server_acceptance[trader-card-monthly-held-same]" time="2.662" /><testcase classname="tests.unit.test_invariant_billing_offers" name="test_page_offer_matches_server_acceptance[trader-card-monthly-held-different]" time="1.705" /><testcase classname="tests.unit.test_invariant_billing_offers" name="test_page_offer_matches_server_acceptance[trader-crypto-monthly-held-same]" time="1.622" /><testcase classname="tests.unit.test_invariant_billing_offers" name="test_page_offer_matches_server_acceptance[trader-crypto-monthly-held-different]" time="1.601" /><testcase classname="tests.unit.test_invariant_billing_offers" name="test_page_offer_matches_server_acceptance[pro-card-monthly-held-same]" time="1.564" /><testcase classname="tests.unit.test_invariant_billing_offers" name="test_page_offer_matches_server_acceptance[pro-card-monthly-held-different]" time="2.753" /><testcase classname="tests.unit.test_invariant_billing_offers" name="test_page_offer_matches_server_acceptance[pro-crypto-monthly-held-same]" time="1.822" /><testcase classname="tests.unit.test_invariant_billing_offers" name="test_page_offer_matches_server_acceptance[pro-crypto-monthly-held-different]" time="2.094" /><testcase classname="tests.unit.test_invariant_billing_offers" name="test_dialog_explains_when_no_method_works[trader]" time="1.868" /><testcase classname="tests.unit.test_invariant_billing_offers" name="test_dialog_explains_when_no_method_works[pro]" time="1.832" /><testcase classname="tests.unit.test_invariant_billing_offers" name="test_open_plan_held_by_account_tells_user[trader]" time="2.652" /><testcase classname="tests.unit.test_invariant_billing_offers" name="test_open_plan_held_by_account_tells_user[pro]" time="1.587" /><testcase classname="tests.unit.test_invariant_billing_offers" name="test_no_hidden_required_control_owns_submission" time="0.006" /></testsuite></testsuites>