<?xml version="1.0" encoding="utf-8"?><testsuites name="pytest tests"><testsuite name="pytest" errors="0" failures="0" skipped="0" tests="21" time="35.368" timestamp="2026-09-10T03:27:17.830196+03:00" hostname="WIN-FOVCL5KBJ2M"><testcase classname="tests.integration.test_checkout_and_payment_email" name="test_a_selected_paid_plan_opens_its_checkout_dialog[trader]" time="2.660" /><testcase classname="tests.integration.test_checkout_and_payment_email" name="test_a_selected_paid_plan_opens_its_checkout_dialog[pro]" time="1.514" /><testcase classname="tests.integration.test_checkout_and_payment_email" name="test_every_reported_payment_choice_opens_a_provider_page[trader-card]" time="1.651" /><testcase classname="tests.integration.test_checkout_and_payment_email" name="test_every_reported_payment_choice_opens_a_provider_page[trader-crypto]" time="1.598" /><testcase classname="tests.integration.test_checkout_and_payment_email" name="test_every_reported_payment_choice_opens_a_provider_page[pro-card]" time="1.509" /><testcase classname="tests.integration.test_checkout_and_payment_email" name="test_every_reported_payment_choice_opens_a_provider_page[pro-crypto]" time="2.287" /><testcase classname="tests.integration.test_checkout_and_payment_email" name="test_review_page_shows_terms_for_each_available_payment_method" time="1.500" /><testcase classname="tests.integration.test_checkout_and_payment_email" name="test_checkout_uses_server_price_and_deduplicates_attempt" time="1.546" /><testcase classname="tests.integration.test_checkout_and_payment_email" name="test_the_review_page_quotes_the_price_it_will_charge[trader]" time="1.338" /><testcase classname="tests.integration.test_checkout_and_payment_email" name="test_the_review_page_quotes_the_price_it_will_charge[pro]" time="1.418" /><testcase classname="tests.integration.test_checkout_and_payment_email" name="test_a_discount_code_changes_the_amount_the_payment_is_created_for" time="1.616" /><testcase classname="tests.integration.test_checkout_and_payment_email" name="test_a_code_is_refused_on_the_card_route_rather_than_quietly_dropped" time="2.169" /><testcase classname="tests.integration.test_checkout_and_payment_email" name="test_a_wrong_code_is_refused_and_charges_nothing" time="1.424" /><testcase classname="tests.integration.test_checkout_and_payment_email" name="test_verified_static_payment_activates_once_and_emails_once" time="1.623" /><testcase classname="tests.integration.test_checkout_and_payment_email" name="test_creem_checkout_route_waits_for_signed_payment_before_activation" time="2.156" /><testcase classname="tests.integration.test_checkout_and_payment_email" name="test_checkout_json_error_stays_in_the_billing_dialog" time="2.288" /><testcase classname="tests.integration.test_checkout_and_payment_email" name="test_checkout_requires_terms_and_valid_csrf" time="1.561" /><testcase classname="tests.integration.test_checkout_and_payment_email" name="test_monitor_monthly_selection_skips_an_unconfigured_trial" time="1.298" /><testcase classname="tests.integration.test_checkout_and_payment_email" name="test_only_matching_paid_plan_blocks_checkout_and_admin_access_does_not" time="1.427" /><testcase classname="tests.integration.test_checkout_and_payment_email" name="test_payment_email_preview_is_rendered_in_development" time="1.337" /><testcase classname="tests.integration.test_checkout_and_payment_email" name="test_payment_email_preview_is_not_exposed_in_production" time="1.239" /></testsuite></testsuites>