<?xml version="1.0" encoding="utf-8"?><testsuites name="pytest tests"><testsuite name="pytest" errors="0" failures="0" skipped="0" tests="16" time="28.680" timestamp="2026-09-10T03:48:09.028163+03:00" hostname="WIN-FOVCL5KBJ2M"><testcase classname="tests.integration.test_plan_change_journey" name="test_upgrade_trader_to_pro_records_intent_and_moves_access[monthly-immediate]" time="2.880" /><testcase classname="tests.integration.test_plan_change_journey" name="test_upgrade_trader_to_pro_records_intent_and_moves_access[monthly-period_end]" time="1.784" /><testcase classname="tests.integration.test_plan_change_journey" name="test_upgrade_trader_to_pro_records_intent_and_moves_access[annual-immediate]" time="1.824" /><testcase classname="tests.integration.test_plan_change_journey" name="test_upgrade_trader_to_pro_records_intent_and_moves_access[annual-period_end]" time="1.862" /><testcase classname="tests.integration.test_plan_change_journey" name="test_downgrade_pro_to_trader_is_scheduled_and_applies_at_period_end" time="1.867" /><testcase classname="tests.integration.test_plan_change_journey" name="test_downgrade_immediate_is_refused" time="2.334" /><testcase classname="tests.integration.test_plan_change_journey" name="test_every_plan_card_button_matches_the_server" time="1.737" /><testcase classname="tests.integration.test_plan_change_journey" name="test_timeout_on_immediate_upgrade_never_invites_a_retry" time="1.599" /><testcase classname="tests.integration.test_plan_change_journey" name="test_crypto_paid_account_is_told_to_buy_not_switch" time="1.549" /><testcase classname="tests.integration.test_plan_change_journey" name="test_switch_to_free_plan_is_not_offered_and_is_refused" time="1.385" /><testcase classname="tests.integration.test_plan_change_journey" name="test_invalid_or_denied_switches_are_refused[trader-plan_change_not_needed]" time="2.291" /><testcase classname="tests.integration.test_plan_change_journey" name="test_invalid_or_denied_switches_are_refused[creator-plan_not_available]" time="1.464" /><testcase classname="tests.integration.test_plan_change_journey" name="test_invalid_or_denied_switches_are_refused[lifetime-plan_not_available]" time="1.502" /><testcase classname="tests.integration.test_plan_change_journey" name="test_switch_with_already_pending_change_is_refused" time="1.510" /><testcase classname="tests.integration.test_plan_change_journey" name="test_switch_without_paid_plan_is_refused" time="1.467" /><testcase classname="tests.integration.test_plan_change_journey" name="test_upgrade_without_consent_is_refused" time="1.423" /></testsuite></testsuites>