<?xml version="1.0" encoding="utf-8"?><testsuites name="pytest tests"><testsuite name="pytest" errors="0" failures="0" skipped="1" tests="44" time="84.491" timestamp="2026-09-10T03:42:32.258924+03:00" hostname="WIN-FOVCL5KBJ2M"><testcase classname="tests.integration.test_dashboard_test_subscription" name="test_the_page_renders" time="3.700" /><testcase classname="tests.integration.test_dashboard_test_subscription" name="test_the_first_thing_is_what_you_have_not_what_you_could_buy" time="2.147" /><testcase classname="tests.integration.test_dashboard_test_subscription" name="test_the_page_says_what_your_plan_lets_you_do" time="1.706" /><testcase classname="tests.integration.test_dashboard_test_subscription" name="test_an_allowance_of_none_is_never_drawn_as_a_zero" time="1.725" /><testcase classname="tests.integration.test_dashboard_test_subscription" name="test_only_the_message_cap_that_really_bites_is_shown" time="1.695" /><testcase classname="tests.integration.test_dashboard_test_subscription" name="test_how_the_plan_ends_is_one_sentence_not_three_tiles" time="2.336" /><testcase classname="tests.integration.test_dashboard_test_subscription" name="test_every_visible_plan_has_a_card[demo]" time="1.744" /><testcase classname="tests.integration.test_dashboard_test_subscription" name="test_every_visible_plan_has_a_card[trader]" time="1.802" /><testcase classname="tests.integration.test_dashboard_test_subscription" name="test_every_visible_plan_has_a_card[pro]" time="1.707" /><testcase classname="tests.integration.test_dashboard_test_subscription" name="test_card_feature_lists_use_the_shared_comparison_copy[demo]" time="1.612" /><testcase classname="tests.integration.test_dashboard_test_subscription" name="test_card_feature_lists_use_the_shared_comparison_copy[trader]" time="1.741" /><testcase classname="tests.integration.test_dashboard_test_subscription" name="test_card_feature_lists_use_the_shared_comparison_copy[pro]" time="2.590" /><testcase classname="tests.integration.test_dashboard_test_subscription" name="test_a_plan_nobody_can_buy_shows_no_price[NOTSET]" time="0.001"><skipped type="pytest.skip" message="got empty parameter set for (code)">C:\Users\amroe\Downloads\NovaAIS_Systems\Trading\Trading_assistant\tests\integration\test_dashboard_test_subscription.py:166: got empty parameter set for (code)</skipped></testcase><testcase classname="tests.integration.test_dashboard_test_subscription" name="test_a_plan_that_cannot_be_chosen_says_why" time="1.970" /><testcase classname="tests.integration.test_dashboard_test_subscription" name="test_the_free_plan_is_never_described_as_switched_off" time="1.826" /><testcase classname="tests.integration.test_dashboard_test_subscription" name="test_the_checkout_shows_the_exact_charge_before_the_button_that_leaves" time="2.239" /><testcase classname="tests.integration.test_dashboard_test_subscription" name="test_the_checkout_says_who_takes_the_card_details" time="2.048" /><testcase classname="tests.integration.test_dashboard_test_subscription" name="test_the_checkout_popup_is_a_real_dialog" time="2.460" /><testcase classname="tests.integration.test_dashboard_test_subscription" name="test_payment_history_says_what_happened_in_words" time="2.732" /><testcase classname="tests.integration.test_dashboard_test_subscription" name="test_no_word_from_inside_the_machine_reaches_the_page[Access source]" time="1.743" /><testcase classname="tests.integration.test_dashboard_test_subscription" name="test_no_word_from_inside_the_machine_reaches_the_page[Billing interval]" time="1.848" /><testcase classname="tests.integration.test_dashboard_test_subscription" name="test_no_word_from_inside_the_machine_reaches_the_page[billing cycle]" time="1.841" /><testcase classname="tests.integration.test_dashboard_test_subscription" name="test_no_word_from_inside_the_machine_reaches_the_page[Provider Unavailable]" time="1.676" /><testcase classname="tests.integration.test_dashboard_test_subscription" name="test_no_word_from_inside_the_machine_reaches_the_page[entitlement]" time="1.537" /><testcase classname="tests.integration.test_dashboard_test_subscription" name="test_no_word_from_inside_the_machine_reaches_the_page[Secure checkout]" time="2.040" /><testcase classname="tests.integration.test_dashboard_test_subscription" name="test_no_word_from_inside_the_machine_reaches_the_page[Complete your billing details]" time="1.406" /><testcase classname="tests.integration.test_dashboard_test_subscription" name="test_no_forbidden_claim_reaches_the_page[100% halal]" time="1.414" /><testcase classname="tests.integration.test_dashboard_test_subscription" name="test_no_forbidden_claim_reaches_the_page[guaranteed]" time="1.534" /><testcase classname="tests.integration.test_dashboard_test_subscription" name="test_no_forbidden_claim_reaches_the_page[risk-free]" time="1.652" /><testcase classname="tests.integration.test_dashboard_test_subscription" name="test_no_forbidden_claim_reaches_the_page[buy now]" time="1.513" /><testcase classname="tests.integration.test_dashboard_test_subscription" name="test_no_forbidden_claim_reaches_the_page[AI trades for you]" time="1.742" /><testcase classname="tests.integration.test_dashboard_test_subscription" name="test_nothing_on_the_page_implies_a_plan_buys_a_trading_outcome" time="2.817" /><testcase classname="tests.integration.test_dashboard_test_subscription" name="test_the_checkout_never_opens_over_a_plan_that_has_no_button" time="1.552" /><testcase classname="tests.integration.test_dashboard_test_subscription" name="test_a_plan_nobody_named_never_opens_the_checkout[nonsense]" time="1.993" /><testcase classname="tests.integration.test_dashboard_test_subscription" name="test_a_plan_nobody_named_never_opens_the_checkout[demo]" time="1.724" /><testcase classname="tests.integration.test_dashboard_test_subscription" name="test_a_plan_nobody_named_never_opens_the_checkout[]" time="1.354" /><testcase classname="tests.integration.test_dashboard_test_subscription" name="test_no_passport_popup_is_on_a_page_with_no_coin_on_it" time="1.515" /><testcase classname="tests.integration.test_dashboard_test_subscription" name="test_the_live_page_still_works" time="2.706" /><testcase classname="tests.integration.test_dashboard_test_subscription" name="test_a_way_of_paying_that_is_switched_off_is_drawn_switched_off" time="1.838" /><testcase classname="tests.integration.test_dashboard_test_subscription" name="test_each_plan_carries_the_ways_of_paying_that_really_work_for_it" time="1.748" /><testcase classname="tests.integration.test_dashboard_test_subscription" name="test_choosing_a_switched_off_way_of_paying_says_what_to_use_instead" time="1.747" /><testcase classname="tests.integration.test_dashboard_test_subscription" name="test_the_way_of_paying_that_is_open_can_still_be_chosen" time="3.055" /><testcase classname="tests.integration.test_dashboard_test_subscription" name="test_each_way_of_paying_names_the_company_that_will_take_the_money" time="1.644" /><testcase classname="tests.integration.test_dashboard_test_subscription" name="test_a_switched_off_way_of_paying_names_no_company" time="2.816" /></testsuite></testsuites>