<?xml version="1.0" encoding="utf-8"?><testsuites name="pytest tests"><testsuite name="pytest" errors="0" failures="0" skipped="0" tests="3" time="30.968" timestamp="2026-07-12T02:04:20.745509+03:00" hostname="WIN-FOVCL5KBJ2M"><testcase classname="tests.browser.test_dashboard_e2e" name="test_ai_setup_chat_mobile_layout" time="17.543" /><testcase classname="tests.browser.test_dashboard_e2e" name="test_ai_setup_chat_optimistic_retry_and_option_selection" time="5.561" /><testcase classname="tests.browser.test_dashboard_e2e" name="test_ai_setup_chat_visual_qa_states" time="7.736" /></testsuite></testsuites>