<?xml version="1.0" encoding="utf-8"?><testsuites name="pytest tests"><testsuite name="pytest" errors="0" failures="1" skipped="0" tests="3" time="52.320" timestamp="2026-07-16T22:42:20.667042+03:00" hostname="WIN-FOVCL5KBJ2M"><testcase classname="tests.browser.test_dashboard_e2e" name="test_screened_market_passport_and_mobile_visual_qa" time="32.693"><failure message="AssertionError: Locator expected to be visible&#10;Actual value: - complementary:&#10;  - link &quot;HilalMarkets home&quot;:&#10;    - /url: http://127.0.0.1:49724/dashboard&#10;    - text: HilalMarkets Screened market intelligence&#10;  - navigation &quot;Dashboard navigation&quot;:&#10;    - text: Discover&#10;    - link &quot;Home&quot;:&#10;      - /url: http://127.0.0.1:49724/dashboard&#10;    - link &quot;Sharia-Screened Market&quot;:&#10;      - /url: http://127.0.0.1:49724/dashboard/market&#10;    - link &quot;Saved Assets&quot;:&#10;      - /url: http://127.0.0.1:49724/dashboard/saved-assets&#10;    - text: Watch&#10;    - link &quot;Watchlists&quot;:&#10;      - /url: http://127.0.0.1:49724/dashboard/watchlists&#10;    - link &quot;Check the Market Now&quot;:&#10;      - /url: http://127.0.0.1:49724/dashboard/check-market&#10;    - text: Review&#10;    - link &quot;Opportunities &amp; Evidence&quot;:&#10;      - /url: http://127.0.0.1:49724/dashboard/lifecycles&#10;    - link &quot;Compliance Changes&quot;:&#10;      - /url: http://127.0.0.1:49724/dashboard/compliance&#10;    - text: Trust&#10;    - link &quot;How We Screen&quot;:&#10;      - /url: http://127.0.0.1:49724/dashboard/methodology&#10;    - text: Account&#10;    - link &quot;Integrations&quot;:&#10;      - /url: http://127.0.0.1:49724/dashboard/connections&#10;    - link &quot;Plan &amp; Billing&quot;:&#10;      - /url: http://127.0.0.1:49724/dashboard/subscription&#10;    - link &quot;Settings&quot;:&#10;      - /url: http://127.0.0.1:49724/dashboard/settings&#10;    - link &quot;Support&quot;:&#10;      - /url: http://127.0.0.1:49724/dashboard/support&#10;  - text: SC&#10;  - strong: screened-market+fd8709f7fb&#10;  - text: Member | UTC&#10;  - button &quot;Sign out&quot;&#10;- main:&#10;  - search:&#10;    - textbox &quot;Search screened assets&quot;:&#10;      - /placeholder: Search screened assets...&#10;  - link &quot;Open recent activity&quot;:&#10;    - /url: http://127.0.0.1:49724/dashboard/lifecycles&#10;  - link &quot;New Watchlist&quot;:&#10;    - /url: http://127.0.0.1:49724/dashboard/strategies/new&#10;  - text: Sharia Evidence Passport&#10;  - heading &quot;Evidence before the label.&quot; [level=1]&#10;  - paragraph: A dated, methodology-specific record. It does not approve every use of an asset.&#10;  - link &quot;Back to market&quot;:&#10;    - /url: /dashboard/market&#10;  - text: SOL Current published record&#10;  - heading &quot;Solana&quot; [level=2]&#10;  - paragraph: SOL | Asset type not recorded&#10;  - text: &quot;Eligible Evidence: Current Methodology&quot;&#10;  - strong: Browser QA approved methodology v1.0-test&#10;  - text: Review authority&#10;  - strong: Qualified browser-test reviewer&#10;  - text: Decision&#10;  - strong: 2026-07-15 19:42:42 UTC&#10;  - text: Published&#10;  - strong: Not recorded&#10;  - text: Last verified&#10;  - strong: 2026-07-15 19:42:42 UTC&#10;  - text: Next review&#10;  - strong: Not scheduled&#10;  - link &quot;Create Watch Plan&quot;:&#10;    - /url: /dashboard/strategies/new?asset=SOL&#10;  - navigation &quot;Passport sections&quot;:&#10;    - link &quot;Overview&quot;:&#10;      - /url: &quot;#overview&quot;&#10;    - link &quot;Use Cases&quot;:&#10;      - /url: &quot;#use-cases&quot;&#10;    - link &quot;Criteria &amp; Evidence&quot;:&#10;      - /url: &quot;#criteria-evidence&quot;&#10;    - link &quot;Decision History&quot;:&#10;      - /url: &quot;#decision-history&quot;&#10;    - link &quot;Methodologies&quot;:&#10;      - /url: &quot;#methodologies&quot;&#10;  - paragraph: This status applies under the stated methodology and evidence date. It is not a universal religious ruling or approval of every use of the asset.&#10;  - text: Overview&#10;  - heading &quot;What this decision means&quot; [level=2]&#10;  - article:&#10;    - heading &quot;Decision summary&quot; [level=3]&#10;    - paragraph: A qualified browser-test reviewer recorded this test conclusion from the retained evidence source.&#10;    - list:&#10;      - listitem: A qualified browser-test reviewer recorded this test conclusion from the retained evidence source.&#10;  - article:&#10;    - heading &quot;Boundaries&quot; [level=3]&#10;    - paragraph: This is an asset-level screening record under one disclosed methodology. Lending, leverage, derivatives, third-party yield, and wrapped forms need their own coverage result.&#10;  - text: Use-case coverage&#10;  - heading &quot;What this review covers&quot; [level=2]&#10;  - paragraph: Coverage is shown separately so an asset status is not mistaken for approval of every product or activity.&#10;  - table:&#10;    - rowgroup:&#10;      - row &quot;Use Coverage Reason Verified&quot;:&#10;        - columnheader &quot;Use&quot;&#10;        - columnheader &quot;Coverage&quot;&#10;        - columnheader &quot;Reason&quot;&#10;        - columnheader &quot;Verified&quot;&#10;    - rowgroup:&#10;      - row &quot;Spot holding Not Covered The asset-level decision does not approve this separate use. 2026-07-15 19:42:42 UTC&quot;:&#10;        - cell &quot;Spot holding&quot;:&#10;          - strong: Spot holding&#10;        - cell &quot;Not Covered&quot;&#10;        - cell &quot;The asset-level decision does not approve this separate use.&quot;&#10;        - cell &quot;2026-07-15 19:42:42 UTC&quot;&#10;      - row &quot;Spot trading Not Covered The asset-level decision does not approve this separate use. 2026-07-15 19:42:42 UTC&quot;:&#10;        - cell &quot;Spot trading&quot;:&#10;          - strong: Spot trading&#10;        - cell &quot;Not Covered&quot;&#10;        - cell &quot;The asset-level decision does not approve this separate use.&quot;&#10;        - cell &quot;2026-07-15 19:42:42 UTC&quot;&#10;      - row &quot;Native staking Not Covered The asset-level decision does not approve this separate use. 2026-07-15 19:42:42 UTC&quot;:&#10;        - cell &quot;Native staking&quot;:&#10;          - strong: Native staking&#10;        - cell &quot;Not Covered&quot;&#10;        - cell &quot;The asset-level decision does not approve this separate use.&quot;&#10;        - cell &quot;2026-07-15 19:42:42 UTC&quot;&#10;      - row &quot;Delegated staking Not Covered The asset-level decision does not approve this separate use. 2026-07-15 19:42:42 UTC&quot;:&#10;        - cell &quot;Delegated staking&quot;:&#10;          - strong: Delegated staking&#10;        - cell &quot;Not Covered&quot;&#10;        - cell &quot;The asset-level decision does not approve this separate use.&quot;&#10;        - cell &quot;2026-07-15 19:42:42 UTC&quot;&#10;      - row &quot;Third-party yield Not Covered The asset-level decision does not approve this separate use. 2026-07-15 19:42:42 UTC&quot;:&#10;        - cell &quot;Third-party yield&quot;:&#10;          - strong: Third-party yield&#10;        - cell &quot;Not Covered&quot;&#10;        - cell &quot;The asset-level decision does not approve this separate use.&quot;&#10;        - cell &quot;2026-07-15 19:42:42 UTC&quot;&#10;      - row &quot;Lending or borrowing Not Covered The asset-level decision does not approve this separate use. 2026-07-15 19:42:42 UTC&quot;:&#10;        - cell &quot;Lending or borrowing&quot;:&#10;          - strong: Lending or borrowing&#10;        - cell &quot;Not Covered&quot;&#10;        - cell &quot;The asset-level decision does not approve this separate use.&quot;&#10;        - cell &quot;2026-07-15 19:42:42 UTC&quot;&#10;      - row &quot;Margin Not Covered The asset-level decision does not approve this separate use. 2026-07-15 19:42:42 UTC&quot;:&#10;        - cell &quot;Margin&quot;:&#10;          - strong: Margin&#10;        - cell &quot;Not Covered&quot;&#10;        - cell &quot;The asset-level decision does not approve this separate use.&quot;&#10;        - cell &quot;2026-07-15 19:42:42 UTC&quot;&#10;      - row &quot;Futures and derivatives Not Covered The asset-level decision does not approve this separate use. 2026-07-15 19:42:42 UTC&quot;:&#10;        - cell &quot;Futures and derivatives&quot;:&#10;          - strong: Futures and derivatives&#10;        - cell &quot;Not Covered&quot;&#10;        - cell &quot;The asset-level decision does not approve this separate use.&quot;&#10;        - cell &quot;2026-07-15 19:42:42 UTC&quot;&#10;      - row &quot;Wrapped or bridged asset Not Covered The asset-level decision does not approve this separate use. 2026-07-15 19:42:42 UTC&quot;:&#10;        - cell &quot;Wrapped or bridged asset&quot;:&#10;          - strong: Wrapped or bridged asset&#10;        - cell &quot;Not Covered&quot;&#10;        - cell &quot;The asset-level decision does not approve this separate use.&quot;&#10;        - cell &quot;2026-07-15 19:42:42 UTC&quot;&#10;      - row &quot;Exchange earn products Not Covered The asset-level decision does not approve this separate use. 2026-07-15 19:42:42 UTC&quot;:&#10;        - cell &quot;Exchange earn products&quot;:&#10;          - strong: Exchange earn products&#10;        - cell &quot;Not Covered&quot;&#10;        - cell &quot;The asset-level decision does not approve this separate use.&quot;&#10;        - cell &quot;2026-07-15 19:42:42 UTC&quot;&#10;      - row &quot;Other material uses Not Covered The asset-level decision does not approve this separate use. 2026-07-15 19:42:42 UTC&quot;:&#10;        - cell &quot;Other material uses&quot;:&#10;          - strong: Other material uses&#10;        - cell &quot;Not Covered&quot;&#10;        - cell &quot;The asset-level decision does not approve this separate use.&quot;&#10;        - cell &quot;2026-07-15 19:42:42 UTC&quot;&#10;  - text: Identity verification&#10;  - heading &quot;The exact asset reviewed&quot; [level=2]&#10;  - paragraph: Ticker text alone is never treated as identity proof.&#10;  - text: Official name&#10;  - strong: Solana&#10;  - text: Symbol&#10;  - strong: SOL&#10;  - text: Network&#10;  - strong: Not recorded&#10;  - text: Classification&#10;  - strong: Unknown&#10;  - text: Identity state&#10;  - strong: Historical Mapping Unavailable&#10;  - text: Verified&#10;  - strong: Date not retained&#10;  - heading &quot;Supported spot-market mappings&quot; [level=3]&#10;  - paragraph: Eligibility and exchange availability remain separate.&#10;  - heading &quot;Eligible, market unavailable&quot; [level=3]&#10;  - paragraph: No verified supported exchange spot mapping is stored for this asset.&#10;  - text: Criteria &amp; evidence&#10;  - heading &quot;How the decision was supported&quot; [level=2]&#10;  - paragraph: Human criterion outcomes remain separate from AI-organized factual research.&#10;  - article:&#10;    - heading &quot;Criterion outcomes&quot; [level=3]&#10;    - paragraph: Every stored methodology criterion and its evidence state.&#10;    - group: Primary activity Reviewed +&#10;  - article:&#10;    - heading &quot;Evidence sources&quot; [level=3]&#10;    - paragraph: Live links may change; retained snapshot references and hashes do not.&#10;    - group: Official browser-test disclosure Available +&#10;  - complementary:&#10;    - article:&#10;      - text: AI factual dossier&#10;      - heading &quot;AI-organized factual research - not a religious decision.&quot; [level=3]&#10;      - group: Dossier technical details&#10;    - article:&#10;      - text: Methodology&#10;      - heading &quot;Browser QA approved methodology&quot; [level=3]&#10;      - text: Version&#10;      - strong: 1.0-test&#10;      - text: Review date&#10;      - strong: 2026-07-15 19:42:42 UTC&#10;      - link &quot;How We Screen&quot;:&#10;        - /url: /how-we-screen&#10;  - text: Decision history&#10;  - heading &quot;Human decision and audit trail&quot; [level=2]&#10;  - paragraph: Review and publication are retained as distinct actions.&#10;  - article:&#10;    - heading &quot;Legacy decision details are limited&quot; [level=3]&#10;    - paragraph: The published assessment remains dated, but a structured human-decision record was not retained for this version.&#10;  - article:&#10;    - heading &quot;Status and decision timeline&quot; [level=3]&#10;    - paragraph: Old events remain visible after later versions supersede them.&#10;    - strong: Status Changed&#10;    - paragraph: Qualified browser-test evidence review completed.&#10;    - text: 2026-07-15 19:42:42 UTC | Qualified browser-test reviewer | Start -&gt; eligible&#10;  - text: Methodology comparison&#10;  - heading &quot;Conclusions remain separate&quot; [level=2]&#10;  - paragraph: No average, consensus score, or blended status is created.&#10;  - article:&#10;    - heading &quot;Browser QA approved methodology&quot; [level=3]&#10;    - paragraph: Version 1.0-test | 2026-07-15 19:42:42 UTC&#10;    - text: Eligible&#10;Error: element(s) not found &#10;Call log:&#10;  - Expect &quot;to_be_visible&quot; with timeout 5000ms&#10;  - waiting for get_by_text(&quot;HilalMarkets AI does not issue religious rulings.&quot;)">page = &lt;Page url='http://127.0.0.1:49724/dashboard/market/SOL?methodology_id=f6b473c5-5016-401b-a7eb-7a4c90b25ccf'&gt;
base_url = 'http://127.0.0.1:49724'
browser_app = RunningApp(base_url='http://127.0.0.1:49724', auto_started=True, database_url='sqlite+aiosqlite:///C:/Users/amroe/Down...ng\\Trading_assistant\\.venv\\Scripts\\python.exe -m uvicorn ai_market_monitor.main:app --host 127.0.0.1 --port 49724')

    def test_screened_market_passport_and_mobile_visual_qa(
        page: Page,
        base_url: str,
        browser_app,
    ) -&gt; None:
        email = signup(page, base_url, unique_email("screened-market"))
        seeded = seed_sharia_screened_market(browser_app.database_url, email)
        visual_dir = Path("reports/visual-qa/sharia-first")
        visual_dir.mkdir(parents=True, exist_ok=True)
    
        page.goto(
            f"{base_url}/dashboard/market?view=opportunities"
            f"&amp;methodology_id={seeded['methodology_id']}"
        )
        expect(page.get_by_role("heading", name="Find opportunities inside a screened market."))\
            .to_be_visible()
        card = page.locator(".opportunity-card").first
        expect(card).to_be_visible()
        expect(card).to_contain_text("SOL/USDT")
        expect(card).to_contain_text("Eligible")
        expect(card).to_contain_text("80%")
        expect(card).to_contain_text("SOL Browser Watchlist")
        page.screenshot(
            path=str(visual_dir / "screened-market-desktop.png"),
            full_page=True,
        )
    
        page.goto(
            f"{base_url}/dashboard/market?view=assets"
            f"&amp;methodology_id={seeded['methodology_id']}"
        )
        live_row = page.locator(".live-market-row", has_text="SOL/USDT")
        expect(live_row).to_be_visible(timeout=15_000)
        expect(live_row).to_contain_text("Eligible")
        expect(page.locator("[data-live-market-error]")).to_be_hidden()
        expect(page.locator("[data-live-market-status]")).to_have_text("Live quotes connected")
        page.locator("[data-live-market-search]").fill("SOL/USDT")
        expect(live_row).to_be_visible()
        expect(page.locator(".live-market-row:visible")).to_have_count(1)
        passport_button = live_row.get_by_role("button", name="Show passport")
        passport_button.click()
        passport_dialog = page.locator("[data-passport-quick-dialog]")
        expect(passport_dialog).to_be_visible()
        expect(passport_dialog).to_contain_text("Eligible")
        expect(passport_dialog.get_by_role("link", name="Open Full Passport")).to_be_visible()
        page.screenshot(
            path=str(visual_dir / "passport-quick-view-desktop.png"),
            full_page=True,
        )
        page.keyboard.press("Escape")
        expect(passport_dialog).to_be_hidden()
        expect(passport_button).to_be_focused()
        page.screenshot(
            path=str(visual_dir / "screened-market-live-table-desktop.png"),
            full_page=True,
        )
    
        page.goto(
            f"{base_url}/dashboard/market?view=opportunities"
            f"&amp;methodology_id={seeded['methodology_id']}"
        )
        page.locator(".opportunity-card").first.get_by_role(
            "link", name="Full Passport"
        ).click()
        expect(page.locator(".passport-page-title .eyebrow")).to_have_text(
            "Sharia Evidence Passport"
        )
        expect(page.get_by_text("Official browser-test disclosure")).to_be_visible()
&gt;       expect(page.get_by_text("HilalMarkets AI does not issue religious rulings.")).to_be_visible()
E       AssertionError: Locator expected to be visible
E       Actual value: - complementary:
E         - link "HilalMarkets home":
E           - /url: http://127.0.0.1:49724/dashboard
E           - text: HilalMarkets Screened market intelligence
E         - navigation "Dashboard navigation":
E           - text: Discover
E           - link "Home":
E             - /url: http://127.0.0.1:49724/dashboard
E           - link "Sharia-Screened Market":
E             - /url: http://127.0.0.1:49724/dashboard/market
E           - link "Saved Assets":
E             - /url: http://127.0.0.1:49724/dashboard/saved-assets
E           - text: Watch
E           - link "Watchlists":
E             - /url: http://127.0.0.1:49724/dashboard/watchlists
E           - link "Check the Market Now":
E             - /url: http://127.0.0.1:49724/dashboard/check-market
E           - text: Review
E           - link "Opportunities &amp; Evidence":
E             - /url: http://127.0.0.1:49724/dashboard/lifecycles
E           - link "Compliance Changes":
E             - /url: http://127.0.0.1:49724/dashboard/compliance
E           - text: Trust
E           - link "How We Screen":
E             - /url: http://127.0.0.1:49724/dashboard/methodology
E           - text: Account
E           - link "Integrations":
E             - /url: http://127.0.0.1:49724/dashboard/connections
E           - link "Plan &amp; Billing":
E             - /url: http://127.0.0.1:49724/dashboard/subscription
E           - link "Settings":
E             - /url: http://127.0.0.1:49724/dashboard/settings
E           - link "Support":
E             - /url: http://127.0.0.1:49724/dashboard/support
E         - text: SC
E         - strong: screened-market+fd8709f7fb
E         - text: Member | UTC
E         - button "Sign out"
E       - main:
E         - search:
E           - textbox "Search screened assets":
E             - /placeholder: Search screened assets...
E         - link "Open recent activity":
E           - /url: http://127.0.0.1:49724/dashboard/lifecycles
E         - link "New Watchlist":
E           - /url: http://127.0.0.1:49724/dashboard/strategies/new
E         - text: Sharia Evidence Passport
E         - heading "Evidence before the label." [level=1]
E         - paragraph: A dated, methodology-specific record. It does not approve every use of an asset.
E         - link "Back to market":
E           - /url: /dashboard/market
E         - text: SOL Current published record
E         - heading "Solana" [level=2]
E         - paragraph: SOL | Asset type not recorded
E         - text: "Eligible Evidence: Current Methodology"
E         - strong: Browser QA approved methodology v1.0-test
E         - text: Review authority
E         - strong: Qualified browser-test reviewer
E         - text: Decision
E         - strong: 2026-07-15 19:42:42 UTC
E         - text: Published
E         - strong: Not recorded
E         - text: Last verified
E         - strong: 2026-07-15 19:42:42 UTC
E         - text: Next review
E         - strong: Not scheduled
E         - link "Create Watch Plan":
E           - /url: /dashboard/strategies/new?asset=SOL
E         - navigation "Passport sections":
E           - link "Overview":
E             - /url: "#overview"
E           - link "Use Cases":
E             - /url: "#use-cases"
E           - link "Criteria &amp; Evidence":
E             - /url: "#criteria-evidence"
E           - link "Decision History":
E             - /url: "#decision-history"
E           - link "Methodologies":
E             - /url: "#methodologies"
E         - paragraph: This status applies under the stated methodology and evidence date. It is not a universal religious ruling or approval of every use of the asset.
E         - text: Overview
E         - heading "What this decision means" [level=2]
E         - article:
E           - heading "Decision summary" [level=3]
E           - paragraph: A qualified browser-test reviewer recorded this test conclusion from the retained evidence source.
E           - list:
E             - listitem: A qualified browser-test reviewer recorded this test conclusion from the retained evidence source.
E         - article:
E           - heading "Boundaries" [level=3]
E           - paragraph: This is an asset-level screening record under one disclosed methodology. Lending, leverage, derivatives, third-party yield, and wrapped forms need their own coverage result.
E         - text: Use-case coverage
E         - heading "What this review covers" [level=2]
E         - paragraph: Coverage is shown separately so an asset status is not mistaken for approval of every product or activity.
E         - table:
E           - rowgroup:
E             - row "Use Coverage Reason Verified":
E               - columnheader "Use"
E               - columnheader "Coverage"
E               - columnheader "Reason"
E               - columnheader "Verified"
E           - rowgroup:
E             - row "Spot holding Not Covered The asset-level decision does not approve this separate use. 2026-07-15 19:42:42 UTC":
E               - cell "Spot holding":
E                 - strong: Spot holding
E               - cell "Not Covered"
E               - cell "The asset-level decision does not approve this separate use."
E               - cell "2026-07-15 19:42:42 UTC"
E             - row "Spot trading Not Covered The asset-level decision does not approve this separate use. 2026-07-15 19:42:42 UTC":
E               - cell "Spot trading":
E                 - strong: Spot trading
E               - cell "Not Covered"
E               - cell "The asset-level decision does not approve this separate use."
E               - cell "2026-07-15 19:42:42 UTC"
E             - row "Native staking Not Covered The asset-level decision does not approve this separate use. 2026-07-15 19:42:42 UTC":
E               - cell "Native staking":
E                 - strong: Native staking
E               - cell "Not Covered"
E               - cell "The asset-level decision does not approve this separate use."
E               - cell "2026-07-15 19:42:42 UTC"
E             - row "Delegated staking Not Covered The asset-level decision does not approve this separate use. 2026-07-15 19:42:42 UTC":
E               - cell "Delegated staking":
E                 - strong: Delegated staking
E               - cell "Not Covered"
E               - cell "The asset-level decision does not approve this separate use."
E               - cell "2026-07-15 19:42:42 UTC"
E             - row "Third-party yield Not Covered The asset-level decision does not approve this separate use. 2026-07-15 19:42:42 UTC":
E               - cell "Third-party yield":
E                 - strong: Third-party yield
E               - cell "Not Covered"
E               - cell "The asset-level decision does not approve this separate use."
E               - cell "2026-07-15 19:42:42 UTC"
E             - row "Lending or borrowing Not Covered The asset-level decision does not approve this separate use. 2026-07-15 19:42:42 UTC":
E               - cell "Lending or borrowing":
E                 - strong: Lending or borrowing
E               - cell "Not Covered"
E               - cell "The asset-level decision does not approve this separate use."
E               - cell "2026-07-15 19:42:42 UTC"
E             - row "Margin Not Covered The asset-level decision does not approve this separate use. 2026-07-15 19:42:42 UTC":
E               - cell "Margin":
E                 - strong: Margin
E               - cell "Not Covered"
E               - cell "The asset-level decision does not approve this separate use."
E               - cell "2026-07-15 19:42:42 UTC"
E             - row "Futures and derivatives Not Covered The asset-level decision does not approve this separate use. 2026-07-15 19:42:42 UTC":
E               - cell "Futures and derivatives":
E                 - strong: Futures and derivatives
E               - cell "Not Covered"
E               - cell "The asset-level decision does not approve this separate use."
E               - cell "2026-07-15 19:42:42 UTC"
E             - row "Wrapped or bridged asset Not Covered The asset-level decision does not approve this separate use. 2026-07-15 19:42:42 UTC":
E               - cell "Wrapped or bridged asset":
E                 - strong: Wrapped or bridged asset
E               - cell "Not Covered"
E               - cell "The asset-level decision does not approve this separate use."
E               - cell "2026-07-15 19:42:42 UTC"
E             - row "Exchange earn products Not Covered The asset-level decision does not approve this separate use. 2026-07-15 19:42:42 UTC":
E               - cell "Exchange earn products":
E                 - strong: Exchange earn products
E               - cell "Not Covered"
E               - cell "The asset-level decision does not approve this separate use."
E               - cell "2026-07-15 19:42:42 UTC"
E             - row "Other material uses Not Covered The asset-level decision does not approve this separate use. 2026-07-15 19:42:42 UTC":
E               - cell "Other material uses":
E                 - strong: Other material uses
E               - cell "Not Covered"
E               - cell "The asset-level decision does not approve this separate use."
E               - cell "2026-07-15 19:42:42 UTC"
E         - text: Identity verification
E         - heading "The exact asset reviewed" [level=2]
E         - paragraph: Ticker text alone is never treated as identity proof.
E         - text: Official name
E         - strong: Solana
E         - text: Symbol
E         - strong: SOL
E         - text: Network
E         - strong: Not recorded
E         - text: Classification
E         - strong: Unknown
E         - text: Identity state
E         - strong: Historical Mapping Unavailable
E         - text: Verified
E         - strong: Date not retained
E         - heading "Supported spot-market mappings" [level=3]
E         - paragraph: Eligibility and exchange availability remain separate.
E         - heading "Eligible, market unavailable" [level=3]
E         - paragraph: No verified supported exchange spot mapping is stored for this asset.
E         - text: Criteria &amp; evidence
E         - heading "How the decision was supported" [level=2]
E         - paragraph: Human criterion outcomes remain separate from AI-organized factual research.
E         - article:
E           - heading "Criterion outcomes" [level=3]
E           - paragraph: Every stored methodology criterion and its evidence state.
E           - group: Primary activity Reviewed +
E         - article:
E           - heading "Evidence sources" [level=3]
E           - paragraph: Live links may change; retained snapshot references and hashes do not.
E           - group: Official browser-test disclosure Available +
E         - complementary:
E           - article:
E             - text: AI factual dossier
E             - heading "AI-organized factual research - not a religious decision." [level=3]
E             - group: Dossier technical details
E           - article:
E             - text: Methodology
E             - heading "Browser QA approved methodology" [level=3]
E             - text: Version
E             - strong: 1.0-test
E             - text: Review date
E             - strong: 2026-07-15 19:42:42 UTC
E             - link "How We Screen":
E               - /url: /how-we-screen
E         - text: Decision history
E         - heading "Human decision and audit trail" [level=2]
E         - paragraph: Review and publication are retained as distinct actions.
E         - article:
E           - heading "Legacy decision details are limited" [level=3]
E           - paragraph: The published assessment remains dated, but a structured human-decision record was not retained for this version.
E         - article:
E           - heading "Status and decision timeline" [level=3]
E           - paragraph: Old events remain visible after later versions supersede them.
E           - strong: Status Changed
E           - paragraph: Qualified browser-test evidence review completed.
E           - text: 2026-07-15 19:42:42 UTC | Qualified browser-test reviewer | Start -&gt; eligible
E         - text: Methodology comparison
E         - heading "Conclusions remain separate" [level=2]
E         - paragraph: No average, consensus score, or blended status is created.
E         - article:
E           - heading "Browser QA approved methodology" [level=3]
E           - paragraph: Version 1.0-test | 2026-07-15 19:42:42 UTC
E           - text: Eligible
E       Error: element(s) not found 
E       Call log:
E         - Expect "to_be_visible" with timeout 5000ms
E         - waiting for get_by_text("HilalMarkets AI does not issue religious rulings.")

tests\browser\test_dashboard_e2e.py:276: AssertionError</failure></testcase><testcase classname="tests.browser.test_dashboard_e2e" name="test_checkout_review_desktop_and_mobile_visual_qa" time="4.030" /><testcase classname="tests.browser.test_sharia_governance_admin" name="test_sharia_governance_workspace_visual_qa" time="15.398" /></testsuite></testsuites>