<?xml version="1.0" encoding="utf-8"?><testsuites name="pytest tests"><testsuite name="pytest" errors="0" failures="0" skipped="0" tests="15" time="72.945" timestamp="2026-07-14T07:31:42.981335+03:00" hostname="WIN-FOVCL5KBJ2M"><testcase classname="tests.browser.test_dashboard_e2e" name="test_dashboard_loads_after_signup_and_navigation" time="11.454" /><testcase classname="tests.browser.test_dashboard_e2e" name="test_screened_market_passport_and_mobile_visual_qa" time="3.681" /><testcase classname="tests.browser.test_dashboard_e2e" name="test_strategy_prompt_to_coverage_preview_opens_board" time="4.360" /><testcase classname="tests.browser.test_dashboard_e2e" name="test_ai_setup_chat_mobile_layout" time="2.889" /><testcase classname="tests.browser.test_dashboard_e2e" name="test_visual_canvas_is_secondary_to_ai_chat" time="2.679" /><testcase classname="tests.browser.test_dashboard_e2e" name="test_ai_setup_chat_optimistic_retry_and_option_selection" time="5.930" /><testcase classname="tests.browser.test_dashboard_e2e" name="test_ai_setup_chat_visual_qa_states" time="6.708" /><testcase classname="tests.browser.test_dashboard_e2e" name="test_provider_required_prompt_blocks_activation" time="3.309" /><testcase classname="tests.browser.test_dashboard_e2e" name="test_strategy_board_preserves_metadata_after_edit_save_reload" time="5.999" /><testcase classname="tests.browser.test_dashboard_e2e" name="test_approve_and_publish_executable_monitor" time="7.474" /><testcase classname="tests.browser.test_dashboard_e2e" name="test_legacy_scan_route_redirects_into_chat_scanner" time="2.744" /><testcase classname="tests.browser.test_dashboard_e2e" name="test_seeded_proof_receipt_visible_without_ai_claims" time="2.864" /><testcase classname="tests.browser.test_dashboard_e2e" name="test_monitor_and_lifecycle_smoke" time="2.746" /><testcase classname="tests.browser.test_dashboard_e2e" name="test_setup_observability_desktop_mobile_and_visual_qa" time="7.061" /><testcase classname="tests.browser.test_dashboard_e2e" name="test_telegram_discord_handoff_links_smoke" time="2.965" /></testsuite></testsuites>