<?xml version="1.0" encoding="utf-8"?><testsuites name="pytest tests"><testsuite name="pytest" errors="0" failures="0" skipped="0" tests="20" time="199.024" timestamp="2026-07-18T05:43:26.430251+00:00" hostname="ce7db885ed82"><testcase classname="tests.browser.test_dashboard_e2e" name="test_hilalmarkets_landing_and_auth_visual_qa" time="44.630" /><testcase classname="tests.browser.test_dashboard_e2e" name="test_public_product_chat_consent_grounding_inquiry_and_returning_profile" time="10.308" /><testcase classname="tests.browser.test_dashboard_e2e" name="test_public_product_chat_session_profile_offline_and_focus_containment" time="5.731" /><testcase classname="tests.browser.test_dashboard_e2e" name="test_dashboard_loads_after_signup_and_navigation" time="5.942" /><testcase classname="tests.browser.test_dashboard_e2e" name="test_screened_market_passport_and_mobile_visual_qa" time="10.252" /><testcase classname="tests.browser.test_dashboard_e2e" name="test_private_beta_billing_desktop_and_mobile_visual_qa" time="4.793" /><testcase classname="tests.browser.test_dashboard_e2e" name="test_strategy_prompt_to_coverage_preview_opens_board" time="5.572" /><testcase classname="tests.browser.test_dashboard_e2e" name="test_ai_setup_chat_mobile_layout" time="5.124" /><testcase classname="tests.browser.test_dashboard_e2e" name="test_visual_canvas_is_secondary_to_ai_chat" time="5.072" /><testcase classname="tests.browser.test_dashboard_e2e" name="test_ai_setup_chat_optimistic_retry_and_option_selection" time="7.113" /><testcase classname="tests.browser.test_dashboard_e2e" name="test_ai_setup_chat_visual_qa_states" time="14.440" /><testcase classname="tests.browser.test_dashboard_e2e" name="test_provider_required_prompt_blocks_activation" time="7.573" /><testcase classname="tests.browser.test_dashboard_e2e" name="test_strategy_board_preserves_metadata_after_edit_save_reload" time="10.926" /><testcase classname="tests.browser.test_dashboard_e2e" name="test_approve_and_publish_executable_monitor" time="14.324" /><testcase classname="tests.browser.test_dashboard_e2e" name="test_legacy_scan_route_redirects_into_chat_scanner" time="5.172" /><testcase classname="tests.browser.test_dashboard_e2e" name="test_seeded_proof_receipt_visible_without_ai_claims" time="4.733" /><testcase classname="tests.browser.test_dashboard_e2e" name="test_monitor_and_lifecycle_smoke" time="3.951" /><testcase classname="tests.browser.test_dashboard_e2e" name="test_setup_observability_desktop_mobile_and_visual_qa" time="8.668" /><testcase classname="tests.browser.test_dashboard_e2e" name="test_notification_channel_handoff_links_smoke" time="4.820" /><testcase classname="tests.browser.test_sharia_governance_admin" name="test_sharia_governance_workspace_visual_qa" time="19.386" /></testsuite></testsuites>